  Actor.cpp
C:\Users\Jacob\Desktop\jacobBranch\DolphinEngine_1\DolphinEngine\DolphinEngine\Engine.h(41,9): error C2143: syntax error: missing ';' before '<'
C:\Users\Jacob\Desktop\jacobBranch\DolphinEngine_1\DolphinEngine\DolphinEngine\Engine.h(41,9): error C4430: missing type specifier - int assumed. Note: C++ does not support default-int
C:\Users\Jacob\Desktop\jacobBranch\DolphinEngine_1\DolphinEngine\DolphinEngine\Engine.h(41,35): error C2238: unexpected token(s) preceding ';'
C:\Users\Jacob\Desktop\jacobBranch\DolphinEngine_1\DolphinEngine\DolphinEngine\Engine.h(42,9): error C2143: syntax error: missing ';' before '<'
C:\Users\Jacob\Desktop\jacobBranch\DolphinEngine_1\DolphinEngine\DolphinEngine\Engine.h(42,9): error C4430: missing type specifier - int assumed. Note: C++ does not support default-int
C:\Users\Jacob\Desktop\jacobBranch\DolphinEngine_1\DolphinEngine\DolphinEngine\Engine.h(42,35): error C2238: unexpected token(s) preceding ';'
C:\Users\Jacob\Desktop\jacobBranch\DolphinEngine_1\DolphinEngine\DolphinEngine\Engine.h(43,9): error C2143: syntax error: missing ';' before '<'
C:\Users\Jacob\Desktop\jacobBranch\DolphinEngine_1\DolphinEngine\DolphinEngine\Engine.h(43,9): error C4430: missing type specifier - int assumed. Note: C++ does not support default-int
C:\Users\Jacob\Desktop\jacobBranch\DolphinEngine_1\DolphinEngine\DolphinEngine\Engine.h(43,37): error C2238: unexpected token(s) preceding ';'
C:\Users\Jacob\Desktop\jacobBranch\DolphinEngine_1\DolphinEngine\DolphinEngine\Engine.h(20,6): error C3861: 'MenuLevelPtr': identifier not found
C:\Users\Jacob\Desktop\jacobBranch\DolphinEngine_1\DolphinEngine\DolphinEngine\Engine.h(20,6): message : This diagnostic occurred in the compiler generated function 'void Engine::newLevel(levelType)'
C:\Users\Jacob\Desktop\jacobBranch\DolphinEngine_1\DolphinEngine\DolphinEngine\Engine.h(22,4): error C3861: 'MenuLevels_': identifier not found
C:\Users\Jacob\Desktop\jacobBranch\DolphinEngine_1\DolphinEngine\DolphinEngine\Engine.h(22,4): message : This diagnostic occurred in the compiler generated function 'void Engine::newLevel(levelType)'
C:\Users\Jacob\Desktop\jacobBranch\DolphinEngine_1\DolphinEngine\DolphinEngine\Engine.h(24,7): error C3861: 'PlayLevelPtr': identifier not found
C:\Users\Jacob\Desktop\jacobBranch\DolphinEngine_1\DolphinEngine\DolphinEngine\Engine.h(24,7): message : This diagnostic occurred in the compiler generated function 'void Engine::newLevel(levelType)'
C:\Users\Jacob\Desktop\jacobBranch\DolphinEngine_1\DolphinEngine\DolphinEngine\Engine.h(26,4): error C3861: 'PlayLevels_': identifier not found
C:\Users\Jacob\Desktop\jacobBranch\DolphinEngine_1\DolphinEngine\DolphinEngine\Engine.h(26,4): message : This diagnostic occurred in the compiler generated function 'void Engine::newLevel(levelType)'
C:\Users\Jacob\Desktop\jacobBranch\DolphinEngine_1\DolphinEngine\DolphinEngine\Engine.h(28,7): error C3861: 'DebugLevelPtr': identifier not found
C:\Users\Jacob\Desktop\jacobBranch\DolphinEngine_1\DolphinEngine\DolphinEngine\Engine.h(28,7): message : This diagnostic occurred in the compiler generated function 'void Engine::newLevel(levelType)'
C:\Users\Jacob\Desktop\jacobBranch\DolphinEngine_1\DolphinEngine\DolphinEngine\Engine.h(30,4): error C3861: 'DebugLevels_': identifier not found
C:\Users\Jacob\Desktop\jacobBranch\DolphinEngine_1\DolphinEngine\DolphinEngine\Engine.h(30,4): message : This diagnostic occurred in the compiler generated function 'void Engine::newLevel(levelType)'
C:\Users\Jacob\Desktop\jacobBranch\DolphinEngine_1\DolphinEngine\DolphinEngine\Engine.h(14,18): error C2065: 'Manager': undeclared identifier
C:\Users\Jacob\Desktop\jacobBranch\DolphinEngine_1\DolphinEngine\DolphinEngine\Engine.h(14,26): error C2065: 'MenuLevelPtr': undeclared identifier
C:\Users\Jacob\Desktop\jacobBranch\DolphinEngine_1\DolphinEngine\DolphinEngine\Engine.h(14,1): error C2059: syntax error: ')'
C:\Users\Jacob\Desktop\jacobBranch\DolphinEngine_1\DolphinEngine\DolphinEngine\Engine.h(14,1): error C2612: trailing ')' illegal in base/member initializer list
C:\Users\Jacob\Desktop\jacobBranch\DolphinEngine_1\External Libs\ASSIMP\include\assimp\Compiler\pushpack1.h(26,10): warning C4079: unexpected token 'string'
C:\Users\Jacob\Desktop\jacobBranch\DolphinEngine_1\External Libs\ASSIMP\include\assimp\Compiler\pushpack1.h(26,21): warning C4081: expected 'newline'; found ')'
C:\Users\Jacob\Desktop\jacobBranch\DolphinEngine_1\External Libs\ASSIMP\include\assimp\Compiler\pushpack1.h(40,29): warning C4081: expected ')'; found 'string'
C:\Users\Jacob\Desktop\jacobBranch\DolphinEngine_1\External Libs\ASSIMP\include\assimp\Compiler\poppack1.h(18,10): warning C4161: #pragma pack(pop...): more pops than pushes
C:\Program Files (x86)\Microsoft Visual Studio\2019\Community\VC\Tools\MSVC\14.28.29333\include\algorithm(13,9): warning C4079: unexpected token 'string'
C:\Program Files (x86)\Microsoft Visual Studio\2019\Community\VC\Tools\MSVC\14.28.29333\include\algorithm(13,32): warning C4081: expected 'newline'; found ')'
C:\Program Files (x86)\Microsoft Visual Studio\2019\Community\VC\Tools\MSVC\14.28.29333\include\algorithm(14,23): warning C4081: expected 'constant'; found 'string'
C:\Program Files (x86)\Microsoft Visual Studio\2019\Community\VC\Tools\MSVC\14.28.29333\include\algorithm(15,27): warning C4081: expected ')'; found 'string'
C:\Program Files (x86)\Microsoft Visual Studio\2019\Community\VC\Tools\MSVC\14.28.29333\include\algorithm(4906,28): warning C4081: expected ')'; found 'string'
C:\Program Files (x86)\Microsoft Visual Studio\2019\Community\VC\Tools\MSVC\14.28.29333\include\algorithm(10213,9): warning C4161: #pragma pack(pop...): more pops than pushes
C:\Users\Jacob\Desktop\jacobBranch\DolphinEngine_1\External Libs\ASSIMP\include\assimp\Compiler\pushpack1.h(26,10): warning C4079: unexpected token 'string'
C:\Users\Jacob\Desktop\jacobBranch\DolphinEngine_1\External Libs\ASSIMP\include\assimp\Compiler\pushpack1.h(26,21): warning C4081: expected 'newline'; found ')'
C:\Users\Jacob\Desktop\jacobBranch\DolphinEngine_1\External Libs\ASSIMP\include\assimp\Compiler\pushpack1.h(40,29): warning C4081: expected ')'; found 'string'
C:\Users\Jacob\Desktop\jacobBranch\DolphinEngine_1\External Libs\ASSIMP\include\assimp\Compiler\poppack1.h(18,10): warning C4161: #pragma pack(pop...): more pops than pushes
C:\Users\Jacob\Desktop\jacobBranch\DolphinEngine_1\External Libs\ASSIMP\include\assimp\Compiler\pushpack1.h(26,10): warning C4079: unexpected token 'string'
C:\Users\Jacob\Desktop\jacobBranch\DolphinEngine_1\External Libs\ASSIMP\include\assimp\Compiler\pushpack1.h(26,21): warning C4081: expected 'newline'; found ')'
C:\Users\Jacob\Desktop\jacobBranch\DolphinEngine_1\External Libs\ASSIMP\include\assimp\Compiler\pushpack1.h(40,29): warning C4081: expected ')'; found 'string'
C:\Users\Jacob\Desktop\jacobBranch\DolphinEngine_1\External Libs\ASSIMP\include\assimp\Compiler\poppack1.h(18,10): warning C4161: #pragma pack(pop...): more pops than pushes
C:\Program Files (x86)\Microsoft Visual Studio\2019\Community\VC\Tools\MSVC\14.28.29333\include\stdarg.h(14,26): warning C4081: expected ')'; found 'string'
C:\Program Files (x86)\Microsoft Visual Studio\2019\Community\VC\Tools\MSVC\14.28.29333\include\stdarg.h(16,1): warning C4079: unexpected token 'string'
C:\Program Files (x86)\Microsoft Visual Studio\2019\Community\VC\Tools\MSVC\14.28.29333\include\stdarg.h(16,1): warning C4081: expected 'newline'; found ')'
C:\Program Files (x86)\Microsoft Visual Studio\2019\Community\VC\Tools\MSVC\14.28.29333\include\stdarg.h(27,1): warning C4161: #pragma pack(pop...): more pops than pushes
C:\Program Files (x86)\Windows Kits\10\Include\10.0.18362.0\ucrt\assert.h(14,1): warning C4079: unexpected token 'string'
C:\Program Files (x86)\Windows Kits\10\Include\10.0.18362.0\ucrt\assert.h(14,1): warning C4081: expected 'newline'; found ')'
C:\Program Files (x86)\Windows Kits\10\Include\10.0.18362.0\ucrt\assert.h(41,1): warning C4161: #pragma pack(pop...): more pops than pushes
C:\Users\Jacob\Desktop\jacobBranch\DolphinEngine_1\DolphinEngine\DolphinEngine\Actor.cpp(27,1): fatal error C1004: unexpected end-of-file found
  Camera.cpp
C:\Users\Jacob\Desktop\jacobBranch\DolphinEngine_1\DolphinEngine\DolphinEngine\Engine.h(41,9): error C2143: syntax error: missing ';' before '<'
C:\Users\Jacob\Desktop\jacobBranch\DolphinEngine_1\DolphinEngine\DolphinEngine\Engine.h(41,9): error C4430: missing type specifier - int assumed. Note: C++ does not support default-int
C:\Users\Jacob\Desktop\jacobBranch\DolphinEngine_1\DolphinEngine\DolphinEngine\Engine.h(41,35): error C2238: unexpected token(s) preceding ';'
C:\Users\Jacob\Desktop\jacobBranch\DolphinEngine_1\DolphinEngine\DolphinEngine\Engine.h(42,9): error C2143: syntax error: missing ';' before '<'
C:\Users\Jacob\Desktop\jacobBranch\DolphinEngine_1\DolphinEngine\DolphinEngine\Engine.h(42,9): error C4430: missing type specifier - int assumed. Note: C++ does not support default-int
C:\Users\Jacob\Desktop\jacobBranch\DolphinEngine_1\DolphinEngine\DolphinEngine\Engine.h(42,35): error C2238: unexpected token(s) preceding ';'
C:\Users\Jacob\Desktop\jacobBranch\DolphinEngine_1\DolphinEngine\DolphinEngine\Engine.h(43,9): error C2143: syntax error: missing ';' before '<'
C:\Users\Jacob\Desktop\jacobBranch\DolphinEngine_1\DolphinEngine\DolphinEngine\Engine.h(43,9): error C4430: missing type specifier - int assumed. Note: C++ does not support default-int
C:\Users\Jacob\Desktop\jacobBranch\DolphinEngine_1\DolphinEngine\DolphinEngine\Engine.h(43,37): error C2238: unexpected token(s) preceding ';'
C:\Users\Jacob\Desktop\jacobBranch\DolphinEngine_1\DolphinEngine\DolphinEngine\Engine.h(20,6): error C3861: 'MenuLevelPtr': identifier not found
C:\Users\Jacob\Desktop\jacobBranch\DolphinEngine_1\DolphinEngine\DolphinEngine\Engine.h(20,6): message : This diagnostic occurred in the compiler generated function 'void Engine::newLevel(levelType)'
C:\Users\Jacob\Desktop\jacobBranch\DolphinEngine_1\DolphinEngine\DolphinEngine\Engine.h(22,4): error C3861: 'MenuLevels_': identifier not found
C:\Users\Jacob\Desktop\jacobBranch\DolphinEngine_1\DolphinEngine\DolphinEngine\Engine.h(22,4): message : This diagnostic occurred in the compiler generated function 'void Engine::newLevel(levelType)'
C:\Users\Jacob\Desktop\jacobBranch\DolphinEngine_1\DolphinEngine\DolphinEngine\Engine.h(24,7): error C3861: 'PlayLevelPtr': identifier not found
C:\Users\Jacob\Desktop\jacobBranch\DolphinEngine_1\DolphinEngine\DolphinEngine\Engine.h(24,7): message : This diagnostic occurred in the compiler generated function 'void Engine::newLevel(levelType)'
C:\Users\Jacob\Desktop\jacobBranch\DolphinEngine_1\DolphinEngine\DolphinEngine\Engine.h(26,4): error C3861: 'PlayLevels_': identifier not found
C:\Users\Jacob\Desktop\jacobBranch\DolphinEngine_1\DolphinEngine\DolphinEngine\Engine.h(26,4): message : This diagnostic occurred in the compiler generated function 'void Engine::newLevel(levelType)'
C:\Users\Jacob\Desktop\jacobBranch\DolphinEngine_1\DolphinEngine\DolphinEngine\Engine.h(28,7): error C3861: 'DebugLevelPtr': identifier not found
C:\Users\Jacob\Desktop\jacobBranch\DolphinEngine_1\DolphinEngine\DolphinEngine\Engine.h(28,7): message : This diagnostic occurred in the compiler generated function 'void Engine::newLevel(levelType)'
C:\Users\Jacob\Desktop\jacobBranch\DolphinEngine_1\DolphinEngine\DolphinEngine\Engine.h(30,4): error C3861: 'DebugLevels_': identifier not found
C:\Users\Jacob\Desktop\jacobBranch\DolphinEngine_1\DolphinEngine\DolphinEngine\Engine.h(30,4): message : This diagnostic occurred in the compiler generated function 'void Engine::newLevel(levelType)'
C:\Users\Jacob\Desktop\jacobBranch\DolphinEngine_1\DolphinEngine\DolphinEngine\Engine.h(14,18): error C2065: 'Manager': undeclared identifier
C:\Users\Jacob\Desktop\jacobBranch\DolphinEngine_1\DolphinEngine\DolphinEngine\Engine.h(14,26): error C2065: 'MenuLevelPtr': undeclared identifier
C:\Users\Jacob\Desktop\jacobBranch\DolphinEngine_1\DolphinEngine\DolphinEngine\Engine.h(14,1): error C2059: syntax error: ')'
C:\Users\Jacob\Desktop\jacobBranch\DolphinEngine_1\DolphinEngine\DolphinEngine\Engine.h(14,1): error C2612: trailing ')' illegal in base/member initializer list
C:\Users\Jacob\Desktop\jacobBranch\DolphinEngine_1\External Libs\ASSIMP\include\assimp\Compiler\pushpack1.h(26,10): warning C4079: unexpected token 'string'
C:\Users\Jacob\Desktop\jacobBranch\DolphinEngine_1\External Libs\ASSIMP\include\assimp\Compiler\pushpack1.h(26,21): warning C4081: expected 'newline'; found ')'
C:\Users\Jacob\Desktop\jacobBranch\DolphinEngine_1\External Libs\ASSIMP\include\assimp\Compiler\pushpack1.h(40,29): warning C4081: expected ')'; found 'string'
C:\Users\Jacob\Desktop\jacobBranch\DolphinEngine_1\External Libs\ASSIMP\include\assimp\Compiler\poppack1.h(18,10): warning C4161: #pragma pack(pop...): more pops than pushes
C:\Program Files (x86)\Microsoft Visual Studio\2019\Community\VC\Tools\MSVC\14.28.29333\include\algorithm(13,9): warning C4079: unexpected token 'string'
C:\Program Files (x86)\Microsoft Visual Studio\2019\Community\VC\Tools\MSVC\14.28.29333\include\algorithm(13,32): warning C4081: expected 'newline'; found ')'
C:\Program Files (x86)\Microsoft Visual Studio\2019\Community\VC\Tools\MSVC\14.28.29333\include\algorithm(14,23): warning C4081: expected 'constant'; found 'string'
C:\Program Files (x86)\Microsoft Visual Studio\2019\Community\VC\Tools\MSVC\14.28.29333\include\algorithm(15,27): warning C4081: expected ')'; found 'string'
C:\Program Files (x86)\Microsoft Visual Studio\2019\Community\VC\Tools\MSVC\14.28.29333\include\algorithm(4906,28): warning C4081: expected ')'; found 'string'
C:\Program Files (x86)\Microsoft Visual Studio\2019\Community\VC\Tools\MSVC\14.28.29333\include\algorithm(10213,9): warning C4161: #pragma pack(pop...): more pops than pushes
C:\Users\Jacob\Desktop\jacobBranch\DolphinEngine_1\External Libs\ASSIMP\include\assimp\Compiler\pushpack1.h(26,10): warning C4079: unexpected token 'string'
C:\Users\Jacob\Desktop\jacobBranch\DolphinEngine_1\External Libs\ASSIMP\include\assimp\Compiler\pushpack1.h(26,21): warning C4081: expected 'newline'; found ')'
C:\Users\Jacob\Desktop\jacobBranch\DolphinEngine_1\External Libs\ASSIMP\include\assimp\Compiler\pushpack1.h(40,29): warning C4081: expected ')'; found 'string'
C:\Users\Jacob\Desktop\jacobBranch\DolphinEngine_1\External Libs\ASSIMP\include\assimp\Compiler\poppack1.h(18,10): warning C4161: #pragma pack(pop...): more pops than pushes
C:\Users\Jacob\Desktop\jacobBranch\DolphinEngine_1\External Libs\ASSIMP\include\assimp\Compiler\pushpack1.h(26,10): warning C4079: unexpected token 'string'
C:\Users\Jacob\Desktop\jacobBranch\DolphinEngine_1\External Libs\ASSIMP\include\assimp\Compiler\pushpack1.h(26,21): warning C4081: expected 'newline'; found ')'
C:\Users\Jacob\Desktop\jacobBranch\DolphinEngine_1\External Libs\ASSIMP\include\assimp\Compiler\pushpack1.h(40,29): warning C4081: expected ')'; found 'string'
C:\Users\Jacob\Desktop\jacobBranch\DolphinEngine_1\External Libs\ASSIMP\include\assimp\Compiler\poppack1.h(18,10): warning C4161: #pragma pack(pop...): more pops than pushes
C:\Program Files (x86)\Microsoft Visual Studio\2019\Community\VC\Tools\MSVC\14.28.29333\include\stdarg.h(14,26): warning C4081: expected ')'; found 'string'
C:\Program Files (x86)\Microsoft Visual Studio\2019\Community\VC\Tools\MSVC\14.28.29333\include\stdarg.h(16,1): warning C4079: unexpected token 'string'
C:\Program Files (x86)\Microsoft Visual Studio\2019\Community\VC\Tools\MSVC\14.28.29333\include\stdarg.h(16,1): warning C4081: expected 'newline'; found ')'
C:\Program Files (x86)\Microsoft Visual Studio\2019\Community\VC\Tools\MSVC\14.28.29333\include\stdarg.h(27,1): warning C4161: #pragma pack(pop...): more pops than pushes
C:\Program Files (x86)\Windows Kits\10\Include\10.0.18362.0\ucrt\assert.h(14,1): warning C4079: unexpected token 'string'
C:\Program Files (x86)\Windows Kits\10\Include\10.0.18362.0\ucrt\assert.h(14,1): warning C4081: expected 'newline'; found ')'
C:\Program Files (x86)\Windows Kits\10\Include\10.0.18362.0\ucrt\assert.h(41,1): warning C4161: #pragma pack(pop...): more pops than pushes
C:\Users\Jacob\Desktop\jacobBranch\DolphinEngine_1\DolphinEngine\DolphinEngine\Camera.cpp(108,1): fatal error C1004: unexpected end-of-file found
  DirectionalLight.cpp
C:\Users\Jacob\Desktop\jacobBranch\DolphinEngine_1\DolphinEngine\DolphinEngine\Engine.h(41,9): error C2143: syntax error: missing ';' before '<'
C:\Users\Jacob\Desktop\jacobBranch\DolphinEngine_1\DolphinEngine\DolphinEngine\Engine.h(41,9): error C4430: missing type specifier - int assumed. Note: C++ does not support default-int
C:\Users\Jacob\Desktop\jacobBranch\DolphinEngine_1\DolphinEngine\DolphinEngine\Engine.h(41,35): error C2238: unexpected token(s) preceding ';'
C:\Users\Jacob\Desktop\jacobBranch\DolphinEngine_1\DolphinEngine\DolphinEngine\Engine.h(42,9): error C2143: syntax error: missing ';' before '<'
C:\Users\Jacob\Desktop\jacobBranch\DolphinEngine_1\DolphinEngine\DolphinEngine\Engine.h(42,9): error C4430: missing type specifier - int assumed. Note: C++ does not support default-int
C:\Users\Jacob\Desktop\jacobBranch\DolphinEngine_1\DolphinEngine\DolphinEngine\Engine.h(42,35): error C2238: unexpected token(s) preceding ';'
C:\Users\Jacob\Desktop\jacobBranch\DolphinEngine_1\DolphinEngine\DolphinEngine\Engine.h(43,9): error C2143: syntax error: missing ';' before '<'
C:\Users\Jacob\Desktop\jacobBranch\DolphinEngine_1\DolphinEngine\DolphinEngine\Engine.h(43,9): error C4430: missing type specifier - int assumed. Note: C++ does not support default-int
C:\Users\Jacob\Desktop\jacobBranch\DolphinEngine_1\DolphinEngine\DolphinEngine\Engine.h(43,37): error C2238: unexpected token(s) preceding ';'
C:\Users\Jacob\Desktop\jacobBranch\DolphinEngine_1\DolphinEngine\DolphinEngine\Engine.h(20,6): error C3861: 'MenuLevelPtr': identifier not found
C:\Users\Jacob\Desktop\jacobBranch\DolphinEngine_1\DolphinEngine\DolphinEngine\Engine.h(20,6): message : This diagnostic occurred in the compiler generated function 'void Engine::newLevel(levelType)'
C:\Users\Jacob\Desktop\jacobBranch\DolphinEngine_1\DolphinEngine\DolphinEngine\Engine.h(22,4): error C3861: 'MenuLevels_': identifier not found
C:\Users\Jacob\Desktop\jacobBranch\DolphinEngine_1\DolphinEngine\DolphinEngine\Engine.h(22,4): message : This diagnostic occurred in the compiler generated function 'void Engine::newLevel(levelType)'
C:\Users\Jacob\Desktop\jacobBranch\DolphinEngine_1\DolphinEngine\DolphinEngine\Engine.h(24,7): error C3861: 'PlayLevelPtr': identifier not found
C:\Users\Jacob\Desktop\jacobBranch\DolphinEngine_1\DolphinEngine\DolphinEngine\Engine.h(24,7): message : This diagnostic occurred in the compiler generated function 'void Engine::newLevel(levelType)'
C:\Users\Jacob\Desktop\jacobBranch\DolphinEngine_1\DolphinEngine\DolphinEngine\Engine.h(26,4): error C3861: 'PlayLevels_': identifier not found
C:\Users\Jacob\Desktop\jacobBranch\DolphinEngine_1\DolphinEngine\DolphinEngine\Engine.h(26,4): message : This diagnostic occurred in the compiler generated function 'void Engine::newLevel(levelType)'
C:\Users\Jacob\Desktop\jacobBranch\DolphinEngine_1\DolphinEngine\DolphinEngine\Engine.h(28,7): error C3861: 'DebugLevelPtr': identifier not found
C:\Users\Jacob\Desktop\jacobBranch\DolphinEngine_1\DolphinEngine\DolphinEngine\Engine.h(28,7): message : This diagnostic occurred in the compiler generated function 'void Engine::newLevel(levelType)'
C:\Users\Jacob\Desktop\jacobBranch\DolphinEngine_1\DolphinEngine\DolphinEngine\Engine.h(30,4): error C3861: 'DebugLevels_': identifier not found
C:\Users\Jacob\Desktop\jacobBranch\DolphinEngine_1\DolphinEngine\DolphinEngine\Engine.h(30,4): message : This diagnostic occurred in the compiler generated function 'void Engine::newLevel(levelType)'
C:\Users\Jacob\Desktop\jacobBranch\DolphinEngine_1\DolphinEngine\DolphinEngine\Engine.h(14,18): error C2065: 'Manager': undeclared identifier
C:\Users\Jacob\Desktop\jacobBranch\DolphinEngine_1\DolphinEngine\DolphinEngine\Engine.h(14,26): error C2065: 'MenuLevelPtr': undeclared identifier
C:\Users\Jacob\Desktop\jacobBranch\DolphinEngine_1\DolphinEngine\DolphinEngine\Engine.h(14,1): error C2059: syntax error: ')'
C:\Users\Jacob\Desktop\jacobBranch\DolphinEngine_1\DolphinEngine\DolphinEngine\Engine.h(14,1): error C2612: trailing ')' illegal in base/member initializer list
C:\Users\Jacob\Desktop\jacobBranch\DolphinEngine_1\External Libs\ASSIMP\include\assimp\Compiler\pushpack1.h(26,10): warning C4079: unexpected token 'string'
C:\Users\Jacob\Desktop\jacobBranch\DolphinEngine_1\External Libs\ASSIMP\include\assimp\Compiler\pushpack1.h(26,21): warning C4081: expected 'newline'; found ')'
C:\Users\Jacob\Desktop\jacobBranch\DolphinEngine_1\External Libs\ASSIMP\include\assimp\Compiler\pushpack1.h(40,29): warning C4081: expected ')'; found 'string'
C:\Users\Jacob\Desktop\jacobBranch\DolphinEngine_1\External Libs\ASSIMP\include\assimp\Compiler\poppack1.h(18,10): warning C4161: #pragma pack(pop...): more pops than pushes
C:\Program Files (x86)\Microsoft Visual Studio\2019\Community\VC\Tools\MSVC\14.28.29333\include\algorithm(13,9): warning C4079: unexpected token 'string'
C:\Program Files (x86)\Microsoft Visual Studio\2019\Community\VC\Tools\MSVC\14.28.29333\include\algorithm(13,32): warning C4081: expected 'newline'; found ')'
C:\Program Files (x86)\Microsoft Visual Studio\2019\Community\VC\Tools\MSVC\14.28.29333\include\algorithm(14,23): warning C4081: expected 'constant'; found 'string'
C:\Program Files (x86)\Microsoft Visual Studio\2019\Community\VC\Tools\MSVC\14.28.29333\include\algorithm(15,27): warning C4081: expected ')'; found 'string'
C:\Program Files (x86)\Microsoft Visual Studio\2019\Community\VC\Tools\MSVC\14.28.29333\include\algorithm(4906,28): warning C4081: expected ')'; found 'string'
C:\Program Files (x86)\Microsoft Visual Studio\2019\Community\VC\Tools\MSVC\14.28.29333\include\algorithm(10213,9): warning C4161: #pragma pack(pop...): more pops than pushes
C:\Users\Jacob\Desktop\jacobBranch\DolphinEngine_1\External Libs\ASSIMP\include\assimp\Compiler\pushpack1.h(26,10): warning C4079: unexpected token 'string'
C:\Users\Jacob\Desktop\jacobBranch\DolphinEngine_1\External Libs\ASSIMP\include\assimp\Compiler\pushpack1.h(26,21): warning C4081: expected 'newline'; found ')'
C:\Users\Jacob\Desktop\jacobBranch\DolphinEngine_1\External Libs\ASSIMP\include\assimp\Compiler\pushpack1.h(40,29): warning C4081: expected ')'; found 'string'
C:\Users\Jacob\Desktop\jacobBranch\DolphinEngine_1\External Libs\ASSIMP\include\assimp\Compiler\poppack1.h(18,10): warning C4161: #pragma pack(pop...): more pops than pushes
C:\Users\Jacob\Desktop\jacobBranch\DolphinEngine_1\External Libs\ASSIMP\include\assimp\Compiler\pushpack1.h(26,10): warning C4079: unexpected token 'string'
C:\Users\Jacob\Desktop\jacobBranch\DolphinEngine_1\External Libs\ASSIMP\include\assimp\Compiler\pushpack1.h(26,21): warning C4081: expected 'newline'; found ')'
C:\Users\Jacob\Desktop\jacobBranch\DolphinEngine_1\External Libs\ASSIMP\include\assimp\Compiler\pushpack1.h(40,29): warning C4081: expected ')'; found 'string'
C:\Users\Jacob\Desktop\jacobBranch\DolphinEngine_1\External Libs\ASSIMP\include\assimp\Compiler\poppack1.h(18,10): warning C4161: #pragma pack(pop...): more pops than pushes
C:\Program Files (x86)\Microsoft Visual Studio\2019\Community\VC\Tools\MSVC\14.28.29333\include\stdarg.h(14,26): warning C4081: expected ')'; found 'string'
C:\Program Files (x86)\Microsoft Visual Studio\2019\Community\VC\Tools\MSVC\14.28.29333\include\stdarg.h(16,1): warning C4079: unexpected token 'string'
C:\Program Files (x86)\Microsoft Visual Studio\2019\Community\VC\Tools\MSVC\14.28.29333\include\stdarg.h(16,1): warning C4081: expected 'newline'; found ')'
C:\Program Files (x86)\Microsoft Visual Studio\2019\Community\VC\Tools\MSVC\14.28.29333\include\stdarg.h(27,1): warning C4161: #pragma pack(pop...): more pops than pushes
C:\Program Files (x86)\Windows Kits\10\Include\10.0.18362.0\ucrt\assert.h(14,1): warning C4079: unexpected token 'string'
C:\Program Files (x86)\Windows Kits\10\Include\10.0.18362.0\ucrt\assert.h(14,1): warning C4081: expected 'newline'; found ')'
C:\Program Files (x86)\Windows Kits\10\Include\10.0.18362.0\ucrt\assert.h(41,1): warning C4161: #pragma pack(pop...): more pops than pushes
C:\Users\Jacob\Desktop\jacobBranch\DolphinEngine_1\DolphinEngine\DolphinEngine\DirectionalLight.cpp(46,1): fatal error C1004: unexpected end-of-file found
  Engine.cpp
C:\Users\Jacob\Desktop\jacobBranch\DolphinEngine_1\DolphinEngine\DolphinEngine\Level.h(43,11): error C2065: 'ButtonPtr': undeclared identifier
C:\Users\Jacob\Desktop\jacobBranch\DolphinEngine_1\DolphinEngine\DolphinEngine\Level.h(43,3): error C2923: 'Manager': 'ButtonPtr' is not a valid template type argument for parameter 'T'
C:\Users\Jacob\Desktop\jacobBranch\DolphinEngine_1\DolphinEngine\DolphinEngine\Level.h(44,20): error C3646: 'cursor_': unknown override specifier
C:\Users\Jacob\Desktop\jacobBranch\DolphinEngine_1\DolphinEngine\DolphinEngine\Level.h(44,20): error C4430: missing type specifier - int assumed. Note: C++ does not support default-int
C:\Users\Jacob\Desktop\jacobBranch\DolphinEngine_1\DolphinEngine\DolphinEngine\Interface.h(40,14): error C2061: syntax error: identifier 'mtx3'
C:\Users\Jacob\Desktop\jacobBranch\DolphinEngine_1\DolphinEngine\DolphinEngine\Interface.h(40,14): error C2535: 'ButtonInput::ButtonInput(void)': member function already defined or declared
C:\Users\Jacob\Desktop\jacobBranch\DolphinEngine_1\DolphinEngine\DolphinEngine\Interface.h(39): message : see declaration of 'ButtonInput::ButtonInput'
C:\Users\Jacob\Desktop\jacobBranch\DolphinEngine_1\DolphinEngine\DolphinEngine\Interface.h(51,21): error C3646: 'buttTransform': unknown override specifier
C:\Users\Jacob\Desktop\jacobBranch\DolphinEngine_1\DolphinEngine\DolphinEngine\Interface.h(51,21): error C4430: missing type specifier - int assumed. Note: C++ does not support default-int
C:\Users\Jacob\Desktop\jacobBranch\DolphinEngine_1\DolphinEngine\DolphinEngine\Interface.h(39,37): error C2614: 'ButtonInput': illegal member initialization: 'buttTransform' is not a base or member
C:\Users\Jacob\Desktop\jacobBranch\DolphinEngine_1\DolphinEngine\DolphinEngine\Transform.h(11,18): error C2061: syntax error: identifier 'vec3'
C:\Users\Jacob\Desktop\jacobBranch\DolphinEngine_1\DolphinEngine\DolphinEngine\Transform.h(11,18): error C2535: 'TransformObject::TransformObject(void)': member function already defined or declared
C:\Users\Jacob\Desktop\jacobBranch\DolphinEngine_1\DolphinEngine\DolphinEngine\Transform.h(9): message : see declaration of 'TransformObject::TransformObject'
C:\Users\Jacob\Desktop\jacobBranch\DolphinEngine_1\DolphinEngine\DolphinEngine\Transform.h(12,18): error C2061: syntax error: identifier 'mtx3'
C:\Users\Jacob\Desktop\jacobBranch\DolphinEngine_1\DolphinEngine\DolphinEngine\Transform.h(12,18): error C2535: 'TransformObject::TransformObject(void)': member function already defined or declared
C:\Users\Jacob\Desktop\jacobBranch\DolphinEngine_1\DolphinEngine\DolphinEngine\Transform.h(9): message : see declaration of 'TransformObject::TransformObject'
C:\Users\Jacob\Desktop\jacobBranch\DolphinEngine_1\DolphinEngine\DolphinEngine\Transform.h(21,28): error C2061: syntax error: identifier 'vec3'
C:\Users\Jacob\Desktop\jacobBranch\DolphinEngine_1\DolphinEngine\DolphinEngine\Transform.h(28,20): error C3646: 'TransformMtx': unknown override specifier
C:\Users\Jacob\Desktop\jacobBranch\DolphinEngine_1\DolphinEngine\DolphinEngine\Transform.h(28,20): error C4430: missing type specifier - int assumed. Note: C++ does not support default-int
C:\Users\Jacob\Desktop\jacobBranch\DolphinEngine_1\DolphinEngine\DolphinEngine\Transform.h(9,36): error C3861: 'mtx3': identifier not found
C:\Users\Jacob\Desktop\jacobBranch\DolphinEngine_1\DolphinEngine\DolphinEngine\Transform.h(9,23): error C2614: 'TransformObject': illegal member initialization: 'TransformMtx' is not a base or member
C:\Users\Jacob\Desktop\jacobBranch\DolphinEngine_1\DolphinEngine\DolphinEngine\Shader.h(42,43): error C2061: syntax error: identifier 'DirectionalLight'
C:\Users\Jacob\Desktop\jacobBranch\DolphinEngine_1\DolphinEngine\DolphinEngine\Shader.h(43,32): error C2061: syntax error: identifier 'PointLight'
C:\Users\Jacob\Desktop\jacobBranch\DolphinEngine_1\DolphinEngine\DolphinEngine\Shader.h(44,30): error C2061: syntax error: identifier 'SpotLight'
C:\Users\Jacob\Desktop\jacobBranch\DolphinEngine_1\DolphinEngine\DolphinEngine\DirectionalLight.h(15,1): error C2504: 'Light': base class undefined
C:\Users\Jacob\Desktop\jacobBranch\DolphinEngine_1\DolphinEngine\DolphinEngine\PointLight.h(19,1): error C2504: 'Light': base class undefined
C:\Users\Jacob\Desktop\jacobBranch\DolphinEngine_1\DolphinEngine\DolphinEngine\Model.h(28,23): error C2061: syntax error: identifier 'aiNode'
C:\Users\Jacob\Desktop\jacobBranch\DolphinEngine_1\DolphinEngine\DolphinEngine\Model.h(29,22): error C2061: syntax error: identifier 'aiMesh'
C:\Users\Jacob\Desktop\jacobBranch\DolphinEngine_1\DolphinEngine\DolphinEngine\Model.h(30,34): error C4430: missing type specifier - int assumed. Note: C++ does not support default-int
C:\Users\Jacob\Desktop\jacobBranch\DolphinEngine_1\DolphinEngine\DolphinEngine\Model.h(30,34): error C2143: syntax error: missing ',' before '*'
  Environment.cpp
C:\Users\Jacob\Desktop\jacobBranch\DolphinEngine_1\DolphinEngine\DolphinEngine\Engine.h(41,9): error C2143: syntax error: missing ';' before '<'
C:\Users\Jacob\Desktop\jacobBranch\DolphinEngine_1\DolphinEngine\DolphinEngine\Engine.h(41,9): error C4430: missing type specifier - int assumed. Note: C++ does not support default-int
C:\Users\Jacob\Desktop\jacobBranch\DolphinEngine_1\DolphinEngine\DolphinEngine\Engine.h(41,35): error C2238: unexpected token(s) preceding ';'
C:\Users\Jacob\Desktop\jacobBranch\DolphinEngine_1\DolphinEngine\DolphinEngine\Engine.h(42,9): error C2143: syntax error: missing ';' before '<'
C:\Users\Jacob\Desktop\jacobBranch\DolphinEngine_1\DolphinEngine\DolphinEngine\Engine.h(42,9): error C4430: missing type specifier - int assumed. Note: C++ does not support default-int
C:\Users\Jacob\Desktop\jacobBranch\DolphinEngine_1\DolphinEngine\DolphinEngine\Engine.h(42,35): error C2238: unexpected token(s) preceding ';'
C:\Users\Jacob\Desktop\jacobBranch\DolphinEngine_1\DolphinEngine\DolphinEngine\Engine.h(43,9): error C2143: syntax error: missing ';' before '<'
C:\Users\Jacob\Desktop\jacobBranch\DolphinEngine_1\DolphinEngine\DolphinEngine\Engine.h(43,9): error C4430: missing type specifier - int assumed. Note: C++ does not support default-int
C:\Users\Jacob\Desktop\jacobBranch\DolphinEngine_1\DolphinEngine\DolphinEngine\Engine.h(43,37): error C2238: unexpected token(s) preceding ';'
C:\Users\Jacob\Desktop\jacobBranch\DolphinEngine_1\DolphinEngine\DolphinEngine\Engine.h(20,6): error C3861: 'MenuLevelPtr': identifier not found
C:\Users\Jacob\Desktop\jacobBranch\DolphinEngine_1\DolphinEngine\DolphinEngine\Engine.h(20,6): message : This diagnostic occurred in the compiler generated function 'void Engine::newLevel(levelType)'
C:\Users\Jacob\Desktop\jacobBranch\DolphinEngine_1\DolphinEngine\DolphinEngine\Engine.h(22,4): error C3861: 'MenuLevels_': identifier not found
C:\Users\Jacob\Desktop\jacobBranch\DolphinEngine_1\DolphinEngine\DolphinEngine\Engine.h(22,4): message : This diagnostic occurred in the compiler generated function 'void Engine::newLevel(levelType)'
C:\Users\Jacob\Desktop\jacobBranch\DolphinEngine_1\DolphinEngine\DolphinEngine\Engine.h(24,7): error C3861: 'PlayLevelPtr': identifier not found
C:\Users\Jacob\Desktop\jacobBranch\DolphinEngine_1\DolphinEngine\DolphinEngine\Engine.h(24,7): message : This diagnostic occurred in the compiler generated function 'void Engine::newLevel(levelType)'
C:\Users\Jacob\Desktop\jacobBranch\DolphinEngine_1\DolphinEngine\DolphinEngine\Engine.h(26,4): error C3861: 'PlayLevels_': identifier not found
C:\Users\Jacob\Desktop\jacobBranch\DolphinEngine_1\DolphinEngine\DolphinEngine\Engine.h(26,4): message : This diagnostic occurred in the compiler generated function 'void Engine::newLevel(levelType)'
C:\Users\Jacob\Desktop\jacobBranch\DolphinEngine_1\DolphinEngine\DolphinEngine\Engine.h(28,7): error C3861: 'DebugLevelPtr': identifier not found
C:\Users\Jacob\Desktop\jacobBranch\DolphinEngine_1\DolphinEngine\DolphinEngine\Engine.h(28,7): message : This diagnostic occurred in the compiler generated function 'void Engine::newLevel(levelType)'
C:\Users\Jacob\Desktop\jacobBranch\DolphinEngine_1\DolphinEngine\DolphinEngine\Engine.h(30,4): error C3861: 'DebugLevels_': identifier not found
C:\Users\Jacob\Desktop\jacobBranch\DolphinEngine_1\DolphinEngine\DolphinEngine\Engine.h(30,4): message : This diagnostic occurred in the compiler generated function 'void Engine::newLevel(levelType)'
C:\Users\Jacob\Desktop\jacobBranch\DolphinEngine_1\DolphinEngine\DolphinEngine\Engine.h(14,18): error C2065: 'Manager': undeclared identifier
C:\Users\Jacob\Desktop\jacobBranch\DolphinEngine_1\DolphinEngine\DolphinEngine\Engine.h(14,26): error C2065: 'MenuLevelPtr': undeclared identifier
C:\Users\Jacob\Desktop\jacobBranch\DolphinEngine_1\DolphinEngine\DolphinEngine\Engine.h(14,1): error C2059: syntax error: ')'
C:\Users\Jacob\Desktop\jacobBranch\DolphinEngine_1\DolphinEngine\DolphinEngine\Engine.h(14,1): error C2612: trailing ')' illegal in base/member initializer list
C:\Users\Jacob\Desktop\jacobBranch\DolphinEngine_1\External Libs\ASSIMP\include\assimp\Compiler\pushpack1.h(26,10): warning C4079: unexpected token 'string'
C:\Users\Jacob\Desktop\jacobBranch\DolphinEngine_1\External Libs\ASSIMP\include\assimp\Compiler\pushpack1.h(26,21): warning C4081: expected 'newline'; found ')'
C:\Users\Jacob\Desktop\jacobBranch\DolphinEngine_1\External Libs\ASSIMP\include\assimp\Compiler\pushpack1.h(40,29): warning C4081: expected ')'; found 'string'
C:\Users\Jacob\Desktop\jacobBranch\DolphinEngine_1\External Libs\ASSIMP\include\assimp\Compiler\poppack1.h(18,10): warning C4161: #pragma pack(pop...): more pops than pushes
C:\Program Files (x86)\Microsoft Visual Studio\2019\Community\VC\Tools\MSVC\14.28.29333\include\algorithm(13,9): warning C4079: unexpected token 'string'
C:\Program Files (x86)\Microsoft Visual Studio\2019\Community\VC\Tools\MSVC\14.28.29333\include\algorithm(13,32): warning C4081: expected 'newline'; found ')'
C:\Program Files (x86)\Microsoft Visual Studio\2019\Community\VC\Tools\MSVC\14.28.29333\include\algorithm(14,23): warning C4081: expected 'constant'; found 'string'
C:\Program Files (x86)\Microsoft Visual Studio\2019\Community\VC\Tools\MSVC\14.28.29333\include\algorithm(15,27): warning C4081: expected ')'; found 'string'
C:\Program Files (x86)\Microsoft Visual Studio\2019\Community\VC\Tools\MSVC\14.28.29333\include\algorithm(4906,28): warning C4081: expected ')'; found 'string'
C:\Program Files (x86)\Microsoft Visual Studio\2019\Community\VC\Tools\MSVC\14.28.29333\include\algorithm(10213,9): warning C4161: #pragma pack(pop...): more pops than pushes
C:\Users\Jacob\Desktop\jacobBranch\DolphinEngine_1\External Libs\ASSIMP\include\assimp\Compiler\pushpack1.h(26,10): warning C4079: unexpected token 'string'
C:\Users\Jacob\Desktop\jacobBranch\DolphinEngine_1\External Libs\ASSIMP\include\assimp\Compiler\pushpack1.h(26,21): warning C4081: expected 'newline'; found ')'
C:\Users\Jacob\Desktop\jacobBranch\DolphinEngine_1\External Libs\ASSIMP\include\assimp\Compiler\pushpack1.h(40,29): warning C4081: expected ')'; found 'string'
C:\Users\Jacob\Desktop\jacobBranch\DolphinEngine_1\External Libs\ASSIMP\include\assimp\Compiler\poppack1.h(18,10): warning C4161: #pragma pack(pop...): more pops than pushes
C:\Users\Jacob\Desktop\jacobBranch\DolphinEngine_1\External Libs\ASSIMP\include\assimp\Compiler\pushpack1.h(26,10): warning C4079: unexpected token 'string'
C:\Users\Jacob\Desktop\jacobBranch\DolphinEngine_1\External Libs\ASSIMP\include\assimp\Compiler\pushpack1.h(26,21): warning C4081: expected 'newline'; found ')'
C:\Users\Jacob\Desktop\jacobBranch\DolphinEngine_1\External Libs\ASSIMP\include\assimp\Compiler\pushpack1.h(40,29): warning C4081: expected ')'; found 'string'
C:\Users\Jacob\Desktop\jacobBranch\DolphinEngine_1\External Libs\ASSIMP\include\assimp\Compiler\poppack1.h(18,10): warning C4161: #pragma pack(pop...): more pops than pushes
C:\Program Files (x86)\Microsoft Visual Studio\2019\Community\VC\Tools\MSVC\14.28.29333\include\stdarg.h(14,26): warning C4081: expected ')'; found 'string'
C:\Program Files (x86)\Microsoft Visual Studio\2019\Community\VC\Tools\MSVC\14.28.29333\include\stdarg.h(16,1): warning C4079: unexpected token 'string'
C:\Program Files (x86)\Microsoft Visual Studio\2019\Community\VC\Tools\MSVC\14.28.29333\include\stdarg.h(16,1): warning C4081: expected 'newline'; found ')'
C:\Program Files (x86)\Microsoft Visual Studio\2019\Community\VC\Tools\MSVC\14.28.29333\include\stdarg.h(27,1): warning C4161: #pragma pack(pop...): more pops than pushes
C:\Program Files (x86)\Windows Kits\10\Include\10.0.18362.0\ucrt\assert.h(14,1): warning C4079: unexpected token 'string'
C:\Program Files (x86)\Windows Kits\10\Include\10.0.18362.0\ucrt\assert.h(14,1): warning C4081: expected 'newline'; found ')'
C:\Program Files (x86)\Windows Kits\10\Include\10.0.18362.0\ucrt\assert.h(41,1): warning C4161: #pragma pack(pop...): more pops than pushes
C:\Users\Jacob\Desktop\jacobBranch\DolphinEngine_1\DolphinEngine\DolphinEngine\Environment.cpp(3,1): fatal error C1004: unexpected end-of-file found
  Graphics.cpp
C:\Users\Jacob\Desktop\jacobBranch\DolphinEngine_1\DolphinEngine\DolphinEngine\Engine.h(41,9): error C2143: syntax error: missing ';' before '<'
C:\Users\Jacob\Desktop\jacobBranch\DolphinEngine_1\DolphinEngine\DolphinEngine\Engine.h(41,9): error C4430: missing type specifier - int assumed. Note: C++ does not support default-int
C:\Users\Jacob\Desktop\jacobBranch\DolphinEngine_1\DolphinEngine\DolphinEngine\Engine.h(41,35): error C2238: unexpected token(s) preceding ';'
C:\Users\Jacob\Desktop\jacobBranch\DolphinEngine_1\DolphinEngine\DolphinEngine\Engine.h(42,9): error C2143: syntax error: missing ';' before '<'
C:\Users\Jacob\Desktop\jacobBranch\DolphinEngine_1\DolphinEngine\DolphinEngine\Engine.h(42,9): error C4430: missing type specifier - int assumed. Note: C++ does not support default-int
C:\Users\Jacob\Desktop\jacobBranch\DolphinEngine_1\DolphinEngine\DolphinEngine\Engine.h(42,35): error C2238: unexpected token(s) preceding ';'
C:\Users\Jacob\Desktop\jacobBranch\DolphinEngine_1\DolphinEngine\DolphinEngine\Engine.h(43,9): error C2143: syntax error: missing ';' before '<'
C:\Users\Jacob\Desktop\jacobBranch\DolphinEngine_1\DolphinEngine\DolphinEngine\Engine.h(43,9): error C4430: missing type specifier - int assumed. Note: C++ does not support default-int
C:\Users\Jacob\Desktop\jacobBranch\DolphinEngine_1\DolphinEngine\DolphinEngine\Engine.h(43,37): error C2238: unexpected token(s) preceding ';'
C:\Users\Jacob\Desktop\jacobBranch\DolphinEngine_1\DolphinEngine\DolphinEngine\Engine.h(20,6): error C3861: 'MenuLevelPtr': identifier not found
C:\Users\Jacob\Desktop\jacobBranch\DolphinEngine_1\DolphinEngine\DolphinEngine\Engine.h(20,6): message : This diagnostic occurred in the compiler generated function 'void Engine::newLevel(levelType)'
C:\Users\Jacob\Desktop\jacobBranch\DolphinEngine_1\DolphinEngine\DolphinEngine\Engine.h(22,4): error C3861: 'MenuLevels_': identifier not found
C:\Users\Jacob\Desktop\jacobBranch\DolphinEngine_1\DolphinEngine\DolphinEngine\Engine.h(22,4): message : This diagnostic occurred in the compiler generated function 'void Engine::newLevel(levelType)'
C:\Users\Jacob\Desktop\jacobBranch\DolphinEngine_1\DolphinEngine\DolphinEngine\Engine.h(24,7): error C3861: 'PlayLevelPtr': identifier not found
C:\Users\Jacob\Desktop\jacobBranch\DolphinEngine_1\DolphinEngine\DolphinEngine\Engine.h(24,7): message : This diagnostic occurred in the compiler generated function 'void Engine::newLevel(levelType)'
C:\Users\Jacob\Desktop\jacobBranch\DolphinEngine_1\DolphinEngine\DolphinEngine\Engine.h(26,4): error C3861: 'PlayLevels_': identifier not found
C:\Users\Jacob\Desktop\jacobBranch\DolphinEngine_1\DolphinEngine\DolphinEngine\Engine.h(26,4): message : This diagnostic occurred in the compiler generated function 'void Engine::newLevel(levelType)'
C:\Users\Jacob\Desktop\jacobBranch\DolphinEngine_1\DolphinEngine\DolphinEngine\Engine.h(28,7): error C3861: 'DebugLevelPtr': identifier not found
C:\Users\Jacob\Desktop\jacobBranch\DolphinEngine_1\DolphinEngine\DolphinEngine\Engine.h(28,7): message : This diagnostic occurred in the compiler generated function 'void Engine::newLevel(levelType)'
C:\Users\Jacob\Desktop\jacobBranch\DolphinEngine_1\DolphinEngine\DolphinEngine\Engine.h(30,4): error C3861: 'DebugLevels_': identifier not found
C:\Users\Jacob\Desktop\jacobBranch\DolphinEngine_1\DolphinEngine\DolphinEngine\Engine.h(30,4): message : This diagnostic occurred in the compiler generated function 'void Engine::newLevel(levelType)'
C:\Users\Jacob\Desktop\jacobBranch\DolphinEngine_1\DolphinEngine\DolphinEngine\Engine.h(14,18): error C2065: 'Manager': undeclared identifier
C:\Users\Jacob\Desktop\jacobBranch\DolphinEngine_1\DolphinEngine\DolphinEngine\Engine.h(14,26): error C2065: 'MenuLevelPtr': undeclared identifier
C:\Users\Jacob\Desktop\jacobBranch\DolphinEngine_1\DolphinEngine\DolphinEngine\Engine.h(14,1): error C2059: syntax error: ')'
C:\Users\Jacob\Desktop\jacobBranch\DolphinEngine_1\DolphinEngine\DolphinEngine\Engine.h(14,1): error C2612: trailing ')' illegal in base/member initializer list
C:\Users\Jacob\Desktop\jacobBranch\DolphinEngine_1\External Libs\ASSIMP\include\assimp\Compiler\pushpack1.h(26,10): warning C4079: unexpected token 'string'
C:\Users\Jacob\Desktop\jacobBranch\DolphinEngine_1\External Libs\ASSIMP\include\assimp\Compiler\pushpack1.h(26,21): warning C4081: expected 'newline'; found ')'
C:\Users\Jacob\Desktop\jacobBranch\DolphinEngine_1\External Libs\ASSIMP\include\assimp\Compiler\pushpack1.h(40,29): warning C4081: expected ')'; found 'string'
C:\Users\Jacob\Desktop\jacobBranch\DolphinEngine_1\External Libs\ASSIMP\include\assimp\Compiler\poppack1.h(18,10): warning C4161: #pragma pack(pop...): more pops than pushes
C:\Program Files (x86)\Microsoft Visual Studio\2019\Community\VC\Tools\MSVC\14.28.29333\include\algorithm(13,9): warning C4079: unexpected token 'string'
C:\Program Files (x86)\Microsoft Visual Studio\2019\Community\VC\Tools\MSVC\14.28.29333\include\algorithm(13,32): warning C4081: expected 'newline'; found ')'
C:\Program Files (x86)\Microsoft Visual Studio\2019\Community\VC\Tools\MSVC\14.28.29333\include\algorithm(14,23): warning C4081: expected 'constant'; found 'string'
C:\Program Files (x86)\Microsoft Visual Studio\2019\Community\VC\Tools\MSVC\14.28.29333\include\algorithm(15,27): warning C4081: expected ')'; found 'string'
C:\Program Files (x86)\Microsoft Visual Studio\2019\Community\VC\Tools\MSVC\14.28.29333\include\algorithm(4906,28): warning C4081: expected ')'; found 'string'
C:\Program Files (x86)\Microsoft Visual Studio\2019\Community\VC\Tools\MSVC\14.28.29333\include\algorithm(10213,9): warning C4161: #pragma pack(pop...): more pops than pushes
C:\Users\Jacob\Desktop\jacobBranch\DolphinEngine_1\External Libs\ASSIMP\include\assimp\Compiler\pushpack1.h(26,10): warning C4079: unexpected token 'string'
C:\Users\Jacob\Desktop\jacobBranch\DolphinEngine_1\External Libs\ASSIMP\include\assimp\Compiler\pushpack1.h(26,21): warning C4081: expected 'newline'; found ')'
C:\Users\Jacob\Desktop\jacobBranch\DolphinEngine_1\External Libs\ASSIMP\include\assimp\Compiler\pushpack1.h(40,29): warning C4081: expected ')'; found 'string'
C:\Users\Jacob\Desktop\jacobBranch\DolphinEngine_1\External Libs\ASSIMP\include\assimp\Compiler\poppack1.h(18,10): warning C4161: #pragma pack(pop...): more pops than pushes
C:\Users\Jacob\Desktop\jacobBranch\DolphinEngine_1\External Libs\ASSIMP\include\assimp\Compiler\pushpack1.h(26,10): warning C4079: unexpected token 'string'
C:\Users\Jacob\Desktop\jacobBranch\DolphinEngine_1\External Libs\ASSIMP\include\assimp\Compiler\pushpack1.h(26,21): warning C4081: expected 'newline'; found ')'
C:\Users\Jacob\Desktop\jacobBranch\DolphinEngine_1\External Libs\ASSIMP\include\assimp\Compiler\pushpack1.h(40,29): warning C4081: expected ')'; found 'string'
C:\Users\Jacob\Desktop\jacobBranch\DolphinEngine_1\External Libs\ASSIMP\include\assimp\Compiler\poppack1.h(18,10): warning C4161: #pragma pack(pop...): more pops than pushes
C:\Program Files (x86)\Microsoft Visual Studio\2019\Community\VC\Tools\MSVC\14.28.29333\include\stdarg.h(14,26): warning C4081: expected ')'; found 'string'
C:\Program Files (x86)\Microsoft Visual Studio\2019\Community\VC\Tools\MSVC\14.28.29333\include\stdarg.h(16,1): warning C4079: unexpected token 'string'
C:\Program Files (x86)\Microsoft Visual Studio\2019\Community\VC\Tools\MSVC\14.28.29333\include\stdarg.h(16,1): warning C4081: expected 'newline'; found ')'
C:\Program Files (x86)\Microsoft Visual Studio\2019\Community\VC\Tools\MSVC\14.28.29333\include\stdarg.h(27,1): warning C4161: #pragma pack(pop...): more pops than pushes
C:\Program Files (x86)\Windows Kits\10\Include\10.0.18362.0\ucrt\assert.h(14,1): warning C4079: unexpected token 'string'
C:\Program Files (x86)\Windows Kits\10\Include\10.0.18362.0\ucrt\assert.h(14,1): warning C4081: expected 'newline'; found ')'
C:\Program Files (x86)\Windows Kits\10\Include\10.0.18362.0\ucrt\assert.h(41,1): warning C4161: #pragma pack(pop...): more pops than pushes
C:\Users\Jacob\Desktop\jacobBranch\DolphinEngine_1\DolphinEngine\DolphinEngine\Graphics.cpp(3,1): fatal error C1004: unexpected end-of-file found
  Interface.cpp
C:\Users\Jacob\Desktop\jacobBranch\DolphinEngine_1\DolphinEngine\DolphinEngine\Engine.h(41,9): error C2143: syntax error: missing ';' before '<'
C:\Users\Jacob\Desktop\jacobBranch\DolphinEngine_1\DolphinEngine\DolphinEngine\Engine.h(41,9): error C4430: missing type specifier - int assumed. Note: C++ does not support default-int
C:\Users\Jacob\Desktop\jacobBranch\DolphinEngine_1\DolphinEngine\DolphinEngine\Engine.h(41,35): error C2238: unexpected token(s) preceding ';'
C:\Users\Jacob\Desktop\jacobBranch\DolphinEngine_1\DolphinEngine\DolphinEngine\Engine.h(42,9): error C2143: syntax error: missing ';' before '<'
C:\Users\Jacob\Desktop\jacobBranch\DolphinEngine_1\DolphinEngine\DolphinEngine\Engine.h(42,9): error C4430: missing type specifier - int assumed. Note: C++ does not support default-int
C:\Users\Jacob\Desktop\jacobBranch\DolphinEngine_1\DolphinEngine\DolphinEngine\Engine.h(42,35): error C2238: unexpected token(s) preceding ';'
C:\Users\Jacob\Desktop\jacobBranch\DolphinEngine_1\DolphinEngine\DolphinEngine\Engine.h(43,9): error C2143: syntax error: missing ';' before '<'
C:\Users\Jacob\Desktop\jacobBranch\DolphinEngine_1\DolphinEngine\DolphinEngine\Engine.h(43,9): error C4430: missing type specifier - int assumed. Note: C++ does not support default-int
C:\Users\Jacob\Desktop\jacobBranch\DolphinEngine_1\DolphinEngine\DolphinEngine\Engine.h(43,37): error C2238: unexpected token(s) preceding ';'
C:\Users\Jacob\Desktop\jacobBranch\DolphinEngine_1\DolphinEngine\DolphinEngine\Engine.h(20,6): error C3861: 'MenuLevelPtr': identifier not found
C:\Users\Jacob\Desktop\jacobBranch\DolphinEngine_1\DolphinEngine\DolphinEngine\Engine.h(20,6): message : This diagnostic occurred in the compiler generated function 'void Engine::newLevel(levelType)'
C:\Users\Jacob\Desktop\jacobBranch\DolphinEngine_1\DolphinEngine\DolphinEngine\Engine.h(22,4): error C3861: 'MenuLevels_': identifier not found
C:\Users\Jacob\Desktop\jacobBranch\DolphinEngine_1\DolphinEngine\DolphinEngine\Engine.h(22,4): message : This diagnostic occurred in the compiler generated function 'void Engine::newLevel(levelType)'
C:\Users\Jacob\Desktop\jacobBranch\DolphinEngine_1\DolphinEngine\DolphinEngine\Engine.h(24,7): error C3861: 'PlayLevelPtr': identifier not found
C:\Users\Jacob\Desktop\jacobBranch\DolphinEngine_1\DolphinEngine\DolphinEngine\Engine.h(24,7): message : This diagnostic occurred in the compiler generated function 'void Engine::newLevel(levelType)'
C:\Users\Jacob\Desktop\jacobBranch\DolphinEngine_1\DolphinEngine\DolphinEngine\Engine.h(26,4): error C3861: 'PlayLevels_': identifier not found
C:\Users\Jacob\Desktop\jacobBranch\DolphinEngine_1\DolphinEngine\DolphinEngine\Engine.h(26,4): message : This diagnostic occurred in the compiler generated function 'void Engine::newLevel(levelType)'
C:\Users\Jacob\Desktop\jacobBranch\DolphinEngine_1\DolphinEngine\DolphinEngine\Engine.h(28,7): error C3861: 'DebugLevelPtr': identifier not found
C:\Users\Jacob\Desktop\jacobBranch\DolphinEngine_1\DolphinEngine\DolphinEngine\Engine.h(28,7): message : This diagnostic occurred in the compiler generated function 'void Engine::newLevel(levelType)'
C:\Users\Jacob\Desktop\jacobBranch\DolphinEngine_1\DolphinEngine\DolphinEngine\Engine.h(30,4): error C3861: 'DebugLevels_': identifier not found
C:\Users\Jacob\Desktop\jacobBranch\DolphinEngine_1\DolphinEngine\DolphinEngine\Engine.h(30,4): message : This diagnostic occurred in the compiler generated function 'void Engine::newLevel(levelType)'
C:\Users\Jacob\Desktop\jacobBranch\DolphinEngine_1\DolphinEngine\DolphinEngine\Engine.h(14,18): error C2065: 'Manager': undeclared identifier
C:\Users\Jacob\Desktop\jacobBranch\DolphinEngine_1\DolphinEngine\DolphinEngine\Engine.h(14,26): error C2065: 'MenuLevelPtr': undeclared identifier
C:\Users\Jacob\Desktop\jacobBranch\DolphinEngine_1\DolphinEngine\DolphinEngine\Engine.h(14,1): error C2059: syntax error: ')'
C:\Users\Jacob\Desktop\jacobBranch\DolphinEngine_1\DolphinEngine\DolphinEngine\Engine.h(14,1): error C2612: trailing ')' illegal in base/member initializer list
C:\Users\Jacob\Desktop\jacobBranch\DolphinEngine_1\External Libs\ASSIMP\include\assimp\Compiler\pushpack1.h(26,10): warning C4079: unexpected token 'string'
C:\Users\Jacob\Desktop\jacobBranch\DolphinEngine_1\External Libs\ASSIMP\include\assimp\Compiler\pushpack1.h(26,21): warning C4081: expected 'newline'; found ')'
C:\Users\Jacob\Desktop\jacobBranch\DolphinEngine_1\External Libs\ASSIMP\include\assimp\Compiler\pushpack1.h(40,29): warning C4081: expected ')'; found 'string'
C:\Users\Jacob\Desktop\jacobBranch\DolphinEngine_1\External Libs\ASSIMP\include\assimp\Compiler\poppack1.h(18,10): warning C4161: #pragma pack(pop...): more pops than pushes
C:\Program Files (x86)\Microsoft Visual Studio\2019\Community\VC\Tools\MSVC\14.28.29333\include\algorithm(13,9): warning C4079: unexpected token 'string'
C:\Program Files (x86)\Microsoft Visual Studio\2019\Community\VC\Tools\MSVC\14.28.29333\include\algorithm(13,32): warning C4081: expected 'newline'; found ')'
C:\Program Files (x86)\Microsoft Visual Studio\2019\Community\VC\Tools\MSVC\14.28.29333\include\algorithm(14,23): warning C4081: expected 'constant'; found 'string'
C:\Program Files (x86)\Microsoft Visual Studio\2019\Community\VC\Tools\MSVC\14.28.29333\include\algorithm(15,27): warning C4081: expected ')'; found 'string'
C:\Program Files (x86)\Microsoft Visual Studio\2019\Community\VC\Tools\MSVC\14.28.29333\include\algorithm(4906,28): warning C4081: expected ')'; found 'string'
C:\Program Files (x86)\Microsoft Visual Studio\2019\Community\VC\Tools\MSVC\14.28.29333\include\algorithm(10213,9): warning C4161: #pragma pack(pop...): more pops than pushes
C:\Users\Jacob\Desktop\jacobBranch\DolphinEngine_1\External Libs\ASSIMP\include\assimp\Compiler\pushpack1.h(26,10): warning C4079: unexpected token 'string'
C:\Users\Jacob\Desktop\jacobBranch\DolphinEngine_1\External Libs\ASSIMP\include\assimp\Compiler\pushpack1.h(26,21): warning C4081: expected 'newline'; found ')'
C:\Users\Jacob\Desktop\jacobBranch\DolphinEngine_1\External Libs\ASSIMP\include\assimp\Compiler\pushpack1.h(40,29): warning C4081: expected ')'; found 'string'
C:\Users\Jacob\Desktop\jacobBranch\DolphinEngine_1\External Libs\ASSIMP\include\assimp\Compiler\poppack1.h(18,10): warning C4161: #pragma pack(pop...): more pops than pushes
C:\Users\Jacob\Desktop\jacobBranch\DolphinEngine_1\External Libs\ASSIMP\include\assimp\Compiler\pushpack1.h(26,10): warning C4079: unexpected token 'string'
C:\Users\Jacob\Desktop\jacobBranch\DolphinEngine_1\External Libs\ASSIMP\include\assimp\Compiler\pushpack1.h(26,21): warning C4081: expected 'newline'; found ')'
C:\Users\Jacob\Desktop\jacobBranch\DolphinEngine_1\External Libs\ASSIMP\include\assimp\Compiler\pushpack1.h(40,29): warning C4081: expected ')'; found 'string'
C:\Users\Jacob\Desktop\jacobBranch\DolphinEngine_1\External Libs\ASSIMP\include\assimp\Compiler\poppack1.h(18,10): warning C4161: #pragma pack(pop...): more pops than pushes
C:\Program Files (x86)\Microsoft Visual Studio\2019\Community\VC\Tools\MSVC\14.28.29333\include\stdarg.h(14,26): warning C4081: expected ')'; found 'string'
C:\Program Files (x86)\Microsoft Visual Studio\2019\Community\VC\Tools\MSVC\14.28.29333\include\stdarg.h(16,1): warning C4079: unexpected token 'string'
C:\Program Files (x86)\Microsoft Visual Studio\2019\Community\VC\Tools\MSVC\14.28.29333\include\stdarg.h(16,1): warning C4081: expected 'newline'; found ')'
C:\Program Files (x86)\Microsoft Visual Studio\2019\Community\VC\Tools\MSVC\14.28.29333\include\stdarg.h(27,1): warning C4161: #pragma pack(pop...): more pops than pushes
C:\Program Files (x86)\Windows Kits\10\Include\10.0.18362.0\ucrt\assert.h(14,1): warning C4079: unexpected token 'string'
C:\Program Files (x86)\Windows Kits\10\Include\10.0.18362.0\ucrt\assert.h(14,1): warning C4081: expected 'newline'; found ')'
C:\Program Files (x86)\Windows Kits\10\Include\10.0.18362.0\ucrt\assert.h(41,1): warning C4161: #pragma pack(pop...): more pops than pushes
C:\Users\Jacob\Desktop\jacobBranch\DolphinEngine_1\DolphinEngine\DolphinEngine\Interface.cpp(3,1): fatal error C1004: unexpected end-of-file found
  Level.cpp
C:\Users\Jacob\Desktop\jacobBranch\DolphinEngine_1\DolphinEngine\DolphinEngine\Engine.h(41,9): error C2143: syntax error: missing ';' before '<'
C:\Users\Jacob\Desktop\jacobBranch\DolphinEngine_1\DolphinEngine\DolphinEngine\Engine.h(41,9): error C4430: missing type specifier - int assumed. Note: C++ does not support default-int
C:\Users\Jacob\Desktop\jacobBranch\DolphinEngine_1\DolphinEngine\DolphinEngine\Engine.h(41,35): error C2238: unexpected token(s) preceding ';'
C:\Users\Jacob\Desktop\jacobBranch\DolphinEngine_1\DolphinEngine\DolphinEngine\Engine.h(42,9): error C2143: syntax error: missing ';' before '<'
C:\Users\Jacob\Desktop\jacobBranch\DolphinEngine_1\DolphinEngine\DolphinEngine\Engine.h(42,9): error C4430: missing type specifier - int assumed. Note: C++ does not support default-int
C:\Users\Jacob\Desktop\jacobBranch\DolphinEngine_1\DolphinEngine\DolphinEngine\Engine.h(42,35): error C2238: unexpected token(s) preceding ';'
C:\Users\Jacob\Desktop\jacobBranch\DolphinEngine_1\DolphinEngine\DolphinEngine\Engine.h(43,9): error C2143: syntax error: missing ';' before '<'
C:\Users\Jacob\Desktop\jacobBranch\DolphinEngine_1\DolphinEngine\DolphinEngine\Engine.h(43,9): error C4430: missing type specifier - int assumed. Note: C++ does not support default-int
C:\Users\Jacob\Desktop\jacobBranch\DolphinEngine_1\DolphinEngine\DolphinEngine\Engine.h(43,37): error C2238: unexpected token(s) preceding ';'
C:\Users\Jacob\Desktop\jacobBranch\DolphinEngine_1\DolphinEngine\DolphinEngine\Engine.h(20,6): error C3861: 'MenuLevelPtr': identifier not found
C:\Users\Jacob\Desktop\jacobBranch\DolphinEngine_1\DolphinEngine\DolphinEngine\Engine.h(20,6): message : This diagnostic occurred in the compiler generated function 'void Engine::newLevel(levelType)'
C:\Users\Jacob\Desktop\jacobBranch\DolphinEngine_1\DolphinEngine\DolphinEngine\Engine.h(22,4): error C3861: 'MenuLevels_': identifier not found
C:\Users\Jacob\Desktop\jacobBranch\DolphinEngine_1\DolphinEngine\DolphinEngine\Engine.h(22,4): message : This diagnostic occurred in the compiler generated function 'void Engine::newLevel(levelType)'
C:\Users\Jacob\Desktop\jacobBranch\DolphinEngine_1\DolphinEngine\DolphinEngine\Engine.h(24,7): error C3861: 'PlayLevelPtr': identifier not found
C:\Users\Jacob\Desktop\jacobBranch\DolphinEngine_1\DolphinEngine\DolphinEngine\Engine.h(24,7): message : This diagnostic occurred in the compiler generated function 'void Engine::newLevel(levelType)'
C:\Users\Jacob\Desktop\jacobBranch\DolphinEngine_1\DolphinEngine\DolphinEngine\Engine.h(26,4): error C3861: 'PlayLevels_': identifier not found
C:\Users\Jacob\Desktop\jacobBranch\DolphinEngine_1\DolphinEngine\DolphinEngine\Engine.h(26,4): message : This diagnostic occurred in the compiler generated function 'void Engine::newLevel(levelType)'
C:\Users\Jacob\Desktop\jacobBranch\DolphinEngine_1\DolphinEngine\DolphinEngine\Engine.h(28,7): error C3861: 'DebugLevelPtr': identifier not found
C:\Users\Jacob\Desktop\jacobBranch\DolphinEngine_1\DolphinEngine\DolphinEngine\Engine.h(28,7): message : This diagnostic occurred in the compiler generated function 'void Engine::newLevel(levelType)'
C:\Users\Jacob\Desktop\jacobBranch\DolphinEngine_1\DolphinEngine\DolphinEngine\Engine.h(30,4): error C3861: 'DebugLevels_': identifier not found
C:\Users\Jacob\Desktop\jacobBranch\DolphinEngine_1\DolphinEngine\DolphinEngine\Engine.h(30,4): message : This diagnostic occurred in the compiler generated function 'void Engine::newLevel(levelType)'
C:\Users\Jacob\Desktop\jacobBranch\DolphinEngine_1\DolphinEngine\DolphinEngine\Engine.h(14,18): error C2065: 'Manager': undeclared identifier
C:\Users\Jacob\Desktop\jacobBranch\DolphinEngine_1\DolphinEngine\DolphinEngine\Engine.h(14,26): error C2065: 'MenuLevelPtr': undeclared identifier
C:\Users\Jacob\Desktop\jacobBranch\DolphinEngine_1\DolphinEngine\DolphinEngine\Engine.h(14,1): error C2059: syntax error: ')'
C:\Users\Jacob\Desktop\jacobBranch\DolphinEngine_1\DolphinEngine\DolphinEngine\Engine.h(14,1): error C2612: trailing ')' illegal in base/member initializer list
C:\Users\Jacob\Desktop\jacobBranch\DolphinEngine_1\External Libs\ASSIMP\include\assimp\Compiler\pushpack1.h(26,10): warning C4079: unexpected token 'string'
C:\Users\Jacob\Desktop\jacobBranch\DolphinEngine_1\External Libs\ASSIMP\include\assimp\Compiler\pushpack1.h(26,21): warning C4081: expected 'newline'; found ')'
C:\Users\Jacob\Desktop\jacobBranch\DolphinEngine_1\External Libs\ASSIMP\include\assimp\Compiler\pushpack1.h(40,29): warning C4081: expected ')'; found 'string'
C:\Users\Jacob\Desktop\jacobBranch\DolphinEngine_1\External Libs\ASSIMP\include\assimp\Compiler\poppack1.h(18,10): warning C4161: #pragma pack(pop...): more pops than pushes
C:\Program Files (x86)\Microsoft Visual Studio\2019\Community\VC\Tools\MSVC\14.28.29333\include\algorithm(13,9): warning C4079: unexpected token 'string'
C:\Program Files (x86)\Microsoft Visual Studio\2019\Community\VC\Tools\MSVC\14.28.29333\include\algorithm(13,32): warning C4081: expected 'newline'; found ')'
C:\Program Files (x86)\Microsoft Visual Studio\2019\Community\VC\Tools\MSVC\14.28.29333\include\algorithm(14,23): warning C4081: expected 'constant'; found 'string'
C:\Program Files (x86)\Microsoft Visual Studio\2019\Community\VC\Tools\MSVC\14.28.29333\include\algorithm(15,27): warning C4081: expected ')'; found 'string'
C:\Program Files (x86)\Microsoft Visual Studio\2019\Community\VC\Tools\MSVC\14.28.29333\include\algorithm(4906,28): warning C4081: expected ')'; found 'string'
C:\Program Files (x86)\Microsoft Visual Studio\2019\Community\VC\Tools\MSVC\14.28.29333\include\algorithm(10213,9): warning C4161: #pragma pack(pop...): more pops than pushes
C:\Users\Jacob\Desktop\jacobBranch\DolphinEngine_1\External Libs\ASSIMP\include\assimp\Compiler\pushpack1.h(26,10): warning C4079: unexpected token 'string'
C:\Users\Jacob\Desktop\jacobBranch\DolphinEngine_1\External Libs\ASSIMP\include\assimp\Compiler\pushpack1.h(26,21): warning C4081: expected 'newline'; found ')'
C:\Users\Jacob\Desktop\jacobBranch\DolphinEngine_1\External Libs\ASSIMP\include\assimp\Compiler\pushpack1.h(40,29): warning C4081: expected ')'; found 'string'
C:\Users\Jacob\Desktop\jacobBranch\DolphinEngine_1\External Libs\ASSIMP\include\assimp\Compiler\poppack1.h(18,10): warning C4161: #pragma pack(pop...): more pops than pushes
C:\Users\Jacob\Desktop\jacobBranch\DolphinEngine_1\External Libs\ASSIMP\include\assimp\Compiler\pushpack1.h(26,10): warning C4079: unexpected token 'string'
C:\Users\Jacob\Desktop\jacobBranch\DolphinEngine_1\External Libs\ASSIMP\include\assimp\Compiler\pushpack1.h(26,21): warning C4081: expected 'newline'; found ')'
C:\Users\Jacob\Desktop\jacobBranch\DolphinEngine_1\External Libs\ASSIMP\include\assimp\Compiler\pushpack1.h(40,29): warning C4081: expected ')'; found 'string'
C:\Users\Jacob\Desktop\jacobBranch\DolphinEngine_1\External Libs\ASSIMP\include\assimp\Compiler\poppack1.h(18,10): warning C4161: #pragma pack(pop...): more pops than pushes
C:\Program Files (x86)\Microsoft Visual Studio\2019\Community\VC\Tools\MSVC\14.28.29333\include\stdarg.h(14,26): warning C4081: expected ')'; found 'string'
C:\Program Files (x86)\Microsoft Visual Studio\2019\Community\VC\Tools\MSVC\14.28.29333\include\stdarg.h(16,1): warning C4079: unexpected token 'string'
C:\Program Files (x86)\Microsoft Visual Studio\2019\Community\VC\Tools\MSVC\14.28.29333\include\stdarg.h(16,1): warning C4081: expected 'newline'; found ')'
C:\Program Files (x86)\Microsoft Visual Studio\2019\Community\VC\Tools\MSVC\14.28.29333\include\stdarg.h(27,1): warning C4161: #pragma pack(pop...): more pops than pushes
C:\Program Files (x86)\Windows Kits\10\Include\10.0.18362.0\ucrt\assert.h(14,1): warning C4079: unexpected token 'string'
C:\Program Files (x86)\Windows Kits\10\Include\10.0.18362.0\ucrt\assert.h(14,1): warning C4081: expected 'newline'; found ')'
C:\Program Files (x86)\Windows Kits\10\Include\10.0.18362.0\ucrt\assert.h(41,1): warning C4161: #pragma pack(pop...): more pops than pushes
C:\Users\Jacob\Desktop\jacobBranch\DolphinEngine_1\DolphinEngine\DolphinEngine\Level.cpp(138,1): fatal error C1004: unexpected end-of-file found
  Light.cpp
C:\Users\Jacob\Desktop\jacobBranch\DolphinEngine_1\DolphinEngine\DolphinEngine\Engine.h(41,9): error C2143: syntax error: missing ';' before '<'
C:\Users\Jacob\Desktop\jacobBranch\DolphinEngine_1\DolphinEngine\DolphinEngine\Engine.h(41,9): error C4430: missing type specifier - int assumed. Note: C++ does not support default-int
C:\Users\Jacob\Desktop\jacobBranch\DolphinEngine_1\DolphinEngine\DolphinEngine\Engine.h(41,35): error C2238: unexpected token(s) preceding ';'
C:\Users\Jacob\Desktop\jacobBranch\DolphinEngine_1\DolphinEngine\DolphinEngine\Engine.h(42,9): error C2143: syntax error: missing ';' before '<'
C:\Users\Jacob\Desktop\jacobBranch\DolphinEngine_1\DolphinEngine\DolphinEngine\Engine.h(42,9): error C4430: missing type specifier - int assumed. Note: C++ does not support default-int
C:\Users\Jacob\Desktop\jacobBranch\DolphinEngine_1\DolphinEngine\DolphinEngine\Engine.h(42,35): error C2238: unexpected token(s) preceding ';'
C:\Users\Jacob\Desktop\jacobBranch\DolphinEngine_1\DolphinEngine\DolphinEngine\Engine.h(43,9): error C2143: syntax error: missing ';' before '<'
C:\Users\Jacob\Desktop\jacobBranch\DolphinEngine_1\DolphinEngine\DolphinEngine\Engine.h(43,9): error C4430: missing type specifier - int assumed. Note: C++ does not support default-int
C:\Users\Jacob\Desktop\jacobBranch\DolphinEngine_1\DolphinEngine\DolphinEngine\Engine.h(43,37): error C2238: unexpected token(s) preceding ';'
C:\Users\Jacob\Desktop\jacobBranch\DolphinEngine_1\DolphinEngine\DolphinEngine\Engine.h(20,6): error C3861: 'MenuLevelPtr': identifier not found
C:\Users\Jacob\Desktop\jacobBranch\DolphinEngine_1\DolphinEngine\DolphinEngine\Engine.h(20,6): message : This diagnostic occurred in the compiler generated function 'void Engine::newLevel(levelType)'
C:\Users\Jacob\Desktop\jacobBranch\DolphinEngine_1\DolphinEngine\DolphinEngine\Engine.h(22,4): error C3861: 'MenuLevels_': identifier not found
C:\Users\Jacob\Desktop\jacobBranch\DolphinEngine_1\DolphinEngine\DolphinEngine\Engine.h(22,4): message : This diagnostic occurred in the compiler generated function 'void Engine::newLevel(levelType)'
C:\Users\Jacob\Desktop\jacobBranch\DolphinEngine_1\DolphinEngine\DolphinEngine\Engine.h(24,7): error C3861: 'PlayLevelPtr': identifier not found
C:\Users\Jacob\Desktop\jacobBranch\DolphinEngine_1\DolphinEngine\DolphinEngine\Engine.h(24,7): message : This diagnostic occurred in the compiler generated function 'void Engine::newLevel(levelType)'
C:\Users\Jacob\Desktop\jacobBranch\DolphinEngine_1\DolphinEngine\DolphinEngine\Engine.h(26,4): error C3861: 'PlayLevels_': identifier not found
C:\Users\Jacob\Desktop\jacobBranch\DolphinEngine_1\DolphinEngine\DolphinEngine\Engine.h(26,4): message : This diagnostic occurred in the compiler generated function 'void Engine::newLevel(levelType)'
C:\Users\Jacob\Desktop\jacobBranch\DolphinEngine_1\DolphinEngine\DolphinEngine\Engine.h(28,7): error C3861: 'DebugLevelPtr': identifier not found
C:\Users\Jacob\Desktop\jacobBranch\DolphinEngine_1\DolphinEngine\DolphinEngine\Engine.h(28,7): message : This diagnostic occurred in the compiler generated function 'void Engine::newLevel(levelType)'
C:\Users\Jacob\Desktop\jacobBranch\DolphinEngine_1\DolphinEngine\DolphinEngine\Engine.h(30,4): error C3861: 'DebugLevels_': identifier not found
C:\Users\Jacob\Desktop\jacobBranch\DolphinEngine_1\DolphinEngine\DolphinEngine\Engine.h(30,4): message : This diagnostic occurred in the compiler generated function 'void Engine::newLevel(levelType)'
C:\Users\Jacob\Desktop\jacobBranch\DolphinEngine_1\DolphinEngine\DolphinEngine\Engine.h(14,18): error C2065: 'Manager': undeclared identifier
C:\Users\Jacob\Desktop\jacobBranch\DolphinEngine_1\DolphinEngine\DolphinEngine\Engine.h(14,26): error C2065: 'MenuLevelPtr': undeclared identifier
C:\Users\Jacob\Desktop\jacobBranch\DolphinEngine_1\DolphinEngine\DolphinEngine\Engine.h(14,1): error C2059: syntax error: ')'
C:\Users\Jacob\Desktop\jacobBranch\DolphinEngine_1\DolphinEngine\DolphinEngine\Engine.h(14,1): error C2612: trailing ')' illegal in base/member initializer list
C:\Users\Jacob\Desktop\jacobBranch\DolphinEngine_1\External Libs\ASSIMP\include\assimp\Compiler\pushpack1.h(26,10): warning C4079: unexpected token 'string'
C:\Users\Jacob\Desktop\jacobBranch\DolphinEngine_1\External Libs\ASSIMP\include\assimp\Compiler\pushpack1.h(26,21): warning C4081: expected 'newline'; found ')'
C:\Users\Jacob\Desktop\jacobBranch\DolphinEngine_1\External Libs\ASSIMP\include\assimp\Compiler\pushpack1.h(40,29): warning C4081: expected ')'; found 'string'
C:\Users\Jacob\Desktop\jacobBranch\DolphinEngine_1\External Libs\ASSIMP\include\assimp\Compiler\poppack1.h(18,10): warning C4161: #pragma pack(pop...): more pops than pushes
C:\Program Files (x86)\Microsoft Visual Studio\2019\Community\VC\Tools\MSVC\14.28.29333\include\algorithm(13,9): warning C4079: unexpected token 'string'
C:\Program Files (x86)\Microsoft Visual Studio\2019\Community\VC\Tools\MSVC\14.28.29333\include\algorithm(13,32): warning C4081: expected 'newline'; found ')'
C:\Program Files (x86)\Microsoft Visual Studio\2019\Community\VC\Tools\MSVC\14.28.29333\include\algorithm(14,23): warning C4081: expected 'constant'; found 'string'
C:\Program Files (x86)\Microsoft Visual Studio\2019\Community\VC\Tools\MSVC\14.28.29333\include\algorithm(15,27): warning C4081: expected ')'; found 'string'
C:\Program Files (x86)\Microsoft Visual Studio\2019\Community\VC\Tools\MSVC\14.28.29333\include\algorithm(4906,28): warning C4081: expected ')'; found 'string'
C:\Program Files (x86)\Microsoft Visual Studio\2019\Community\VC\Tools\MSVC\14.28.29333\include\algorithm(10213,9): warning C4161: #pragma pack(pop...): more pops than pushes
C:\Users\Jacob\Desktop\jacobBranch\DolphinEngine_1\External Libs\ASSIMP\include\assimp\Compiler\pushpack1.h(26,10): warning C4079: unexpected token 'string'
C:\Users\Jacob\Desktop\jacobBranch\DolphinEngine_1\External Libs\ASSIMP\include\assimp\Compiler\pushpack1.h(26,21): warning C4081: expected 'newline'; found ')'
C:\Users\Jacob\Desktop\jacobBranch\DolphinEngine_1\External Libs\ASSIMP\include\assimp\Compiler\pushpack1.h(40,29): warning C4081: expected ')'; found 'string'
C:\Users\Jacob\Desktop\jacobBranch\DolphinEngine_1\External Libs\ASSIMP\include\assimp\Compiler\poppack1.h(18,10): warning C4161: #pragma pack(pop...): more pops than pushes
C:\Users\Jacob\Desktop\jacobBranch\DolphinEngine_1\External Libs\ASSIMP\include\assimp\Compiler\pushpack1.h(26,10): warning C4079: unexpected token 'string'
C:\Users\Jacob\Desktop\jacobBranch\DolphinEngine_1\External Libs\ASSIMP\include\assimp\Compiler\pushpack1.h(26,21): warning C4081: expected 'newline'; found ')'
C:\Users\Jacob\Desktop\jacobBranch\DolphinEngine_1\External Libs\ASSIMP\include\assimp\Compiler\pushpack1.h(40,29): warning C4081: expected ')'; found 'string'
C:\Users\Jacob\Desktop\jacobBranch\DolphinEngine_1\External Libs\ASSIMP\include\assimp\Compiler\poppack1.h(18,10): warning C4161: #pragma pack(pop...): more pops than pushes
C:\Program Files (x86)\Microsoft Visual Studio\2019\Community\VC\Tools\MSVC\14.28.29333\include\stdarg.h(14,26): warning C4081: expected ')'; found 'string'
C:\Program Files (x86)\Microsoft Visual Studio\2019\Community\VC\Tools\MSVC\14.28.29333\include\stdarg.h(16,1): warning C4079: unexpected token 'string'
C:\Program Files (x86)\Microsoft Visual Studio\2019\Community\VC\Tools\MSVC\14.28.29333\include\stdarg.h(16,1): warning C4081: expected 'newline'; found ')'
C:\Program Files (x86)\Microsoft Visual Studio\2019\Community\VC\Tools\MSVC\14.28.29333\include\stdarg.h(27,1): warning C4161: #pragma pack(pop...): more pops than pushes
C:\Program Files (x86)\Windows Kits\10\Include\10.0.18362.0\ucrt\assert.h(14,1): warning C4079: unexpected token 'string'
C:\Program Files (x86)\Windows Kits\10\Include\10.0.18362.0\ucrt\assert.h(14,1): warning C4081: expected 'newline'; found ')'
C:\Program Files (x86)\Windows Kits\10\Include\10.0.18362.0\ucrt\assert.h(41,1): warning C4161: #pragma pack(pop...): more pops than pushes
C:\Users\Jacob\Desktop\jacobBranch\DolphinEngine_1\DolphinEngine\DolphinEngine\Light.cpp(35,1): fatal error C1004: unexpected end-of-file found
  main.cpp
C:\Users\Jacob\Desktop\jacobBranch\DolphinEngine_1\DolphinEngine\DolphinEngine\Engine.h(41,9): error C2143: syntax error: missing ';' before '<'
C:\Users\Jacob\Desktop\jacobBranch\DolphinEngine_1\DolphinEngine\DolphinEngine\Engine.h(41,9): error C4430: missing type specifier - int assumed. Note: C++ does not support default-int
C:\Users\Jacob\Desktop\jacobBranch\DolphinEngine_1\DolphinEngine\DolphinEngine\Engine.h(41,35): error C2238: unexpected token(s) preceding ';'
C:\Users\Jacob\Desktop\jacobBranch\DolphinEngine_1\DolphinEngine\DolphinEngine\Engine.h(42,9): error C2143: syntax error: missing ';' before '<'
C:\Users\Jacob\Desktop\jacobBranch\DolphinEngine_1\DolphinEngine\DolphinEngine\Engine.h(42,9): error C4430: missing type specifier - int assumed. Note: C++ does not support default-int
C:\Users\Jacob\Desktop\jacobBranch\DolphinEngine_1\DolphinEngine\DolphinEngine\Engine.h(42,35): error C2238: unexpected token(s) preceding ';'
C:\Users\Jacob\Desktop\jacobBranch\DolphinEngine_1\DolphinEngine\DolphinEngine\Engine.h(43,9): error C2143: syntax error: missing ';' before '<'
C:\Users\Jacob\Desktop\jacobBranch\DolphinEngine_1\DolphinEngine\DolphinEngine\Engine.h(43,9): error C4430: missing type specifier - int assumed. Note: C++ does not support default-int
C:\Users\Jacob\Desktop\jacobBranch\DolphinEngine_1\DolphinEngine\DolphinEngine\Engine.h(43,37): error C2238: unexpected token(s) preceding ';'
C:\Users\Jacob\Desktop\jacobBranch\DolphinEngine_1\DolphinEngine\DolphinEngine\Engine.h(20,6): error C3861: 'MenuLevelPtr': identifier not found
C:\Users\Jacob\Desktop\jacobBranch\DolphinEngine_1\DolphinEngine\DolphinEngine\Engine.h(20,6): message : This diagnostic occurred in the compiler generated function 'void Engine::newLevel(levelType)'
C:\Users\Jacob\Desktop\jacobBranch\DolphinEngine_1\DolphinEngine\DolphinEngine\Engine.h(22,4): error C3861: 'MenuLevels_': identifier not found
C:\Users\Jacob\Desktop\jacobBranch\DolphinEngine_1\DolphinEngine\DolphinEngine\Engine.h(22,4): message : This diagnostic occurred in the compiler generated function 'void Engine::newLevel(levelType)'
C:\Users\Jacob\Desktop\jacobBranch\DolphinEngine_1\DolphinEngine\DolphinEngine\Engine.h(24,7): error C3861: 'PlayLevelPtr': identifier not found
C:\Users\Jacob\Desktop\jacobBranch\DolphinEngine_1\DolphinEngine\DolphinEngine\Engine.h(24,7): message : This diagnostic occurred in the compiler generated function 'void Engine::newLevel(levelType)'
C:\Users\Jacob\Desktop\jacobBranch\DolphinEngine_1\DolphinEngine\DolphinEngine\Engine.h(26,4): error C3861: 'PlayLevels_': identifier not found
C:\Users\Jacob\Desktop\jacobBranch\DolphinEngine_1\DolphinEngine\DolphinEngine\Engine.h(26,4): message : This diagnostic occurred in the compiler generated function 'void Engine::newLevel(levelType)'
C:\Users\Jacob\Desktop\jacobBranch\DolphinEngine_1\DolphinEngine\DolphinEngine\Engine.h(28,7): error C3861: 'DebugLevelPtr': identifier not found
C:\Users\Jacob\Desktop\jacobBranch\DolphinEngine_1\DolphinEngine\DolphinEngine\Engine.h(28,7): message : This diagnostic occurred in the compiler generated function 'void Engine::newLevel(levelType)'
C:\Users\Jacob\Desktop\jacobBranch\DolphinEngine_1\DolphinEngine\DolphinEngine\Engine.h(30,4): error C3861: 'DebugLevels_': identifier not found
C:\Users\Jacob\Desktop\jacobBranch\DolphinEngine_1\DolphinEngine\DolphinEngine\Engine.h(30,4): message : This diagnostic occurred in the compiler generated function 'void Engine::newLevel(levelType)'
C:\Users\Jacob\Desktop\jacobBranch\DolphinEngine_1\DolphinEngine\DolphinEngine\Engine.h(14,18): error C2065: 'Manager': undeclared identifier
C:\Users\Jacob\Desktop\jacobBranch\DolphinEngine_1\DolphinEngine\DolphinEngine\Engine.h(14,26): error C2065: 'MenuLevelPtr': undeclared identifier
C:\Users\Jacob\Desktop\jacobBranch\DolphinEngine_1\DolphinEngine\DolphinEngine\Engine.h(14,1): error C2059: syntax error: ')'
C:\Users\Jacob\Desktop\jacobBranch\DolphinEngine_1\DolphinEngine\DolphinEngine\Engine.h(14,1): error C2612: trailing ')' illegal in base/member initializer list
C:\Users\Jacob\Desktop\jacobBranch\DolphinEngine_1\External Libs\ASSIMP\include\assimp\Compiler\pushpack1.h(26,10): warning C4079: unexpected token 'string'
C:\Users\Jacob\Desktop\jacobBranch\DolphinEngine_1\External Libs\ASSIMP\include\assimp\Compiler\pushpack1.h(26,21): warning C4081: expected 'newline'; found ')'
C:\Users\Jacob\Desktop\jacobBranch\DolphinEngine_1\External Libs\ASSIMP\include\assimp\Compiler\pushpack1.h(40,29): warning C4081: expected ')'; found 'string'
C:\Users\Jacob\Desktop\jacobBranch\DolphinEngine_1\External Libs\ASSIMP\include\assimp\Compiler\poppack1.h(18,10): warning C4161: #pragma pack(pop...): more pops than pushes
C:\Program Files (x86)\Microsoft Visual Studio\2019\Community\VC\Tools\MSVC\14.28.29333\include\algorithm(13,9): warning C4079: unexpected token 'string'
C:\Program Files (x86)\Microsoft Visual Studio\2019\Community\VC\Tools\MSVC\14.28.29333\include\algorithm(13,32): warning C4081: expected 'newline'; found ')'
C:\Program Files (x86)\Microsoft Visual Studio\2019\Community\VC\Tools\MSVC\14.28.29333\include\algorithm(14,23): warning C4081: expected 'constant'; found 'string'
C:\Program Files (x86)\Microsoft Visual Studio\2019\Community\VC\Tools\MSVC\14.28.29333\include\algorithm(15,27): warning C4081: expected ')'; found 'string'
C:\Program Files (x86)\Microsoft Visual Studio\2019\Community\VC\Tools\MSVC\14.28.29333\include\algorithm(4906,28): warning C4081: expected ')'; found 'string'
C:\Program Files (x86)\Microsoft Visual Studio\2019\Community\VC\Tools\MSVC\14.28.29333\include\algorithm(10213,9): warning C4161: #pragma pack(pop...): more pops than pushes
C:\Users\Jacob\Desktop\jacobBranch\DolphinEngine_1\External Libs\ASSIMP\include\assimp\Compiler\pushpack1.h(26,10): warning C4079: unexpected token 'string'
C:\Users\Jacob\Desktop\jacobBranch\DolphinEngine_1\External Libs\ASSIMP\include\assimp\Compiler\pushpack1.h(26,21): warning C4081: expected 'newline'; found ')'
C:\Users\Jacob\Desktop\jacobBranch\DolphinEngine_1\External Libs\ASSIMP\include\assimp\Compiler\pushpack1.h(40,29): warning C4081: expected ')'; found 'string'
C:\Users\Jacob\Desktop\jacobBranch\DolphinEngine_1\External Libs\ASSIMP\include\assimp\Compiler\poppack1.h(18,10): warning C4161: #pragma pack(pop...): more pops than pushes
C:\Users\Jacob\Desktop\jacobBranch\DolphinEngine_1\External Libs\ASSIMP\include\assimp\Compiler\pushpack1.h(26,10): warning C4079: unexpected token 'string'
C:\Users\Jacob\Desktop\jacobBranch\DolphinEngine_1\External Libs\ASSIMP\include\assimp\Compiler\pushpack1.h(26,21): warning C4081: expected 'newline'; found ')'
C:\Users\Jacob\Desktop\jacobBranch\DolphinEngine_1\External Libs\ASSIMP\include\assimp\Compiler\pushpack1.h(40,29): warning C4081: expected ')'; found 'string'
C:\Users\Jacob\Desktop\jacobBranch\DolphinEngine_1\External Libs\ASSIMP\include\assimp\Compiler\poppack1.h(18,10): warning C4161: #pragma pack(pop...): more pops than pushes
C:\Program Files (x86)\Microsoft Visual Studio\2019\Community\VC\Tools\MSVC\14.28.29333\include\stdarg.h(14,26): warning C4081: expected ')'; found 'string'
C:\Program Files (x86)\Microsoft Visual Studio\2019\Community\VC\Tools\MSVC\14.28.29333\include\stdarg.h(16,1): warning C4079: unexpected token 'string'
C:\Program Files (x86)\Microsoft Visual Studio\2019\Community\VC\Tools\MSVC\14.28.29333\include\stdarg.h(16,1): warning C4081: expected 'newline'; found ')'
C:\Program Files (x86)\Microsoft Visual Studio\2019\Community\VC\Tools\MSVC\14.28.29333\include\stdarg.h(27,1): warning C4161: #pragma pack(pop...): more pops than pushes
C:\Program Files (x86)\Windows Kits\10\Include\10.0.18362.0\ucrt\assert.h(14,1): warning C4079: unexpected token 'string'
C:\Program Files (x86)\Windows Kits\10\Include\10.0.18362.0\ucrt\assert.h(14,1): warning C4081: expected 'newline'; found ')'
C:\Program Files (x86)\Windows Kits\10\Include\10.0.18362.0\ucrt\assert.h(41,1): warning C4161: #pragma pack(pop...): more pops than pushes
C:\Users\Jacob\Desktop\jacobBranch\DolphinEngine_1\DolphinEngine\DolphinEngine\main.cpp(377,1): fatal error C1004: unexpected end-of-file found
  Material.cpp
C:\Users\Jacob\Desktop\jacobBranch\DolphinEngine_1\DolphinEngine\DolphinEngine\Engine.h(41,9): error C2143: syntax error: missing ';' before '<'
C:\Users\Jacob\Desktop\jacobBranch\DolphinEngine_1\DolphinEngine\DolphinEngine\Engine.h(41,9): error C4430: missing type specifier - int assumed. Note: C++ does not support default-int
C:\Users\Jacob\Desktop\jacobBranch\DolphinEngine_1\DolphinEngine\DolphinEngine\Engine.h(41,35): error C2238: unexpected token(s) preceding ';'
C:\Users\Jacob\Desktop\jacobBranch\DolphinEngine_1\DolphinEngine\DolphinEngine\Engine.h(42,9): error C2143: syntax error: missing ';' before '<'
C:\Users\Jacob\Desktop\jacobBranch\DolphinEngine_1\DolphinEngine\DolphinEngine\Engine.h(42,9): error C4430: missing type specifier - int assumed. Note: C++ does not support default-int
C:\Users\Jacob\Desktop\jacobBranch\DolphinEngine_1\DolphinEngine\DolphinEngine\Engine.h(42,35): error C2238: unexpected token(s) preceding ';'
C:\Users\Jacob\Desktop\jacobBranch\DolphinEngine_1\DolphinEngine\DolphinEngine\Engine.h(43,9): error C2143: syntax error: missing ';' before '<'
C:\Users\Jacob\Desktop\jacobBranch\DolphinEngine_1\DolphinEngine\DolphinEngine\Engine.h(43,9): error C4430: missing type specifier - int assumed. Note: C++ does not support default-int
C:\Users\Jacob\Desktop\jacobBranch\DolphinEngine_1\DolphinEngine\DolphinEngine\Engine.h(43,37): error C2238: unexpected token(s) preceding ';'
C:\Users\Jacob\Desktop\jacobBranch\DolphinEngine_1\DolphinEngine\DolphinEngine\Engine.h(20,6): error C3861: 'MenuLevelPtr': identifier not found
C:\Users\Jacob\Desktop\jacobBranch\DolphinEngine_1\DolphinEngine\DolphinEngine\Engine.h(20,6): message : This diagnostic occurred in the compiler generated function 'void Engine::newLevel(levelType)'
C:\Users\Jacob\Desktop\jacobBranch\DolphinEngine_1\DolphinEngine\DolphinEngine\Engine.h(22,4): error C3861: 'MenuLevels_': identifier not found
C:\Users\Jacob\Desktop\jacobBranch\DolphinEngine_1\DolphinEngine\DolphinEngine\Engine.h(22,4): message : This diagnostic occurred in the compiler generated function 'void Engine::newLevel(levelType)'
C:\Users\Jacob\Desktop\jacobBranch\DolphinEngine_1\DolphinEngine\DolphinEngine\Engine.h(24,7): error C3861: 'PlayLevelPtr': identifier not found
C:\Users\Jacob\Desktop\jacobBranch\DolphinEngine_1\DolphinEngine\DolphinEngine\Engine.h(24,7): message : This diagnostic occurred in the compiler generated function 'void Engine::newLevel(levelType)'
C:\Users\Jacob\Desktop\jacobBranch\DolphinEngine_1\DolphinEngine\DolphinEngine\Engine.h(26,4): error C3861: 'PlayLevels_': identifier not found
C:\Users\Jacob\Desktop\jacobBranch\DolphinEngine_1\DolphinEngine\DolphinEngine\Engine.h(26,4): message : This diagnostic occurred in the compiler generated function 'void Engine::newLevel(levelType)'
C:\Users\Jacob\Desktop\jacobBranch\DolphinEngine_1\DolphinEngine\DolphinEngine\Engine.h(28,7): error C3861: 'DebugLevelPtr': identifier not found
C:\Users\Jacob\Desktop\jacobBranch\DolphinEngine_1\DolphinEngine\DolphinEngine\Engine.h(28,7): message : This diagnostic occurred in the compiler generated function 'void Engine::newLevel(levelType)'
C:\Users\Jacob\Desktop\jacobBranch\DolphinEngine_1\DolphinEngine\DolphinEngine\Engine.h(30,4): error C3861: 'DebugLevels_': identifier not found
C:\Users\Jacob\Desktop\jacobBranch\DolphinEngine_1\DolphinEngine\DolphinEngine\Engine.h(30,4): message : This diagnostic occurred in the compiler generated function 'void Engine::newLevel(levelType)'
C:\Users\Jacob\Desktop\jacobBranch\DolphinEngine_1\DolphinEngine\DolphinEngine\Engine.h(14,18): error C2065: 'Manager': undeclared identifier
C:\Users\Jacob\Desktop\jacobBranch\DolphinEngine_1\DolphinEngine\DolphinEngine\Engine.h(14,26): error C2065: 'MenuLevelPtr': undeclared identifier
C:\Users\Jacob\Desktop\jacobBranch\DolphinEngine_1\DolphinEngine\DolphinEngine\Engine.h(14,1): error C2059: syntax error: ')'
C:\Users\Jacob\Desktop\jacobBranch\DolphinEngine_1\DolphinEngine\DolphinEngine\Engine.h(14,1): error C2612: trailing ')' illegal in base/member initializer list
C:\Users\Jacob\Desktop\jacobBranch\DolphinEngine_1\External Libs\ASSIMP\include\assimp\Compiler\pushpack1.h(26,10): warning C4079: unexpected token 'string'
C:\Users\Jacob\Desktop\jacobBranch\DolphinEngine_1\External Libs\ASSIMP\include\assimp\Compiler\pushpack1.h(26,21): warning C4081: expected 'newline'; found ')'
C:\Users\Jacob\Desktop\jacobBranch\DolphinEngine_1\External Libs\ASSIMP\include\assimp\Compiler\pushpack1.h(40,29): warning C4081: expected ')'; found 'string'
C:\Users\Jacob\Desktop\jacobBranch\DolphinEngine_1\External Libs\ASSIMP\include\assimp\Compiler\poppack1.h(18,10): warning C4161: #pragma pack(pop...): more pops than pushes
C:\Program Files (x86)\Microsoft Visual Studio\2019\Community\VC\Tools\MSVC\14.28.29333\include\algorithm(13,9): warning C4079: unexpected token 'string'
C:\Program Files (x86)\Microsoft Visual Studio\2019\Community\VC\Tools\MSVC\14.28.29333\include\algorithm(13,32): warning C4081: expected 'newline'; found ')'
C:\Program Files (x86)\Microsoft Visual Studio\2019\Community\VC\Tools\MSVC\14.28.29333\include\algorithm(14,23): warning C4081: expected 'constant'; found 'string'
C:\Program Files (x86)\Microsoft Visual Studio\2019\Community\VC\Tools\MSVC\14.28.29333\include\algorithm(15,27): warning C4081: expected ')'; found 'string'
C:\Program Files (x86)\Microsoft Visual Studio\2019\Community\VC\Tools\MSVC\14.28.29333\include\algorithm(4906,28): warning C4081: expected ')'; found 'string'
C:\Program Files (x86)\Microsoft Visual Studio\2019\Community\VC\Tools\MSVC\14.28.29333\include\algorithm(10213,9): warning C4161: #pragma pack(pop...): more pops than pushes
C:\Users\Jacob\Desktop\jacobBranch\DolphinEngine_1\External Libs\ASSIMP\include\assimp\Compiler\pushpack1.h(26,10): warning C4079: unexpected token 'string'
C:\Users\Jacob\Desktop\jacobBranch\DolphinEngine_1\External Libs\ASSIMP\include\assimp\Compiler\pushpack1.h(26,21): warning C4081: expected 'newline'; found ')'
C:\Users\Jacob\Desktop\jacobBranch\DolphinEngine_1\External Libs\ASSIMP\include\assimp\Compiler\pushpack1.h(40,29): warning C4081: expected ')'; found 'string'
C:\Users\Jacob\Desktop\jacobBranch\DolphinEngine_1\External Libs\ASSIMP\include\assimp\Compiler\poppack1.h(18,10): warning C4161: #pragma pack(pop...): more pops than pushes
C:\Users\Jacob\Desktop\jacobBranch\DolphinEngine_1\External Libs\ASSIMP\include\assimp\Compiler\pushpack1.h(26,10): warning C4079: unexpected token 'string'
C:\Users\Jacob\Desktop\jacobBranch\DolphinEngine_1\External Libs\ASSIMP\include\assimp\Compiler\pushpack1.h(26,21): warning C4081: expected 'newline'; found ')'
C:\Users\Jacob\Desktop\jacobBranch\DolphinEngine_1\External Libs\ASSIMP\include\assimp\Compiler\pushpack1.h(40,29): warning C4081: expected ')'; found 'string'
C:\Users\Jacob\Desktop\jacobBranch\DolphinEngine_1\External Libs\ASSIMP\include\assimp\Compiler\poppack1.h(18,10): warning C4161: #pragma pack(pop...): more pops than pushes
C:\Program Files (x86)\Microsoft Visual Studio\2019\Community\VC\Tools\MSVC\14.28.29333\include\stdarg.h(14,26): warning C4081: expected ')'; found 'string'
C:\Program Files (x86)\Microsoft Visual Studio\2019\Community\VC\Tools\MSVC\14.28.29333\include\stdarg.h(16,1): warning C4079: unexpected token 'string'
C:\Program Files (x86)\Microsoft Visual Studio\2019\Community\VC\Tools\MSVC\14.28.29333\include\stdarg.h(16,1): warning C4081: expected 'newline'; found ')'
C:\Program Files (x86)\Microsoft Visual Studio\2019\Community\VC\Tools\MSVC\14.28.29333\include\stdarg.h(27,1): warning C4161: #pragma pack(pop...): more pops than pushes
C:\Program Files (x86)\Windows Kits\10\Include\10.0.18362.0\ucrt\assert.h(14,1): warning C4079: unexpected token 'string'
C:\Program Files (x86)\Windows Kits\10\Include\10.0.18362.0\ucrt\assert.h(14,1): warning C4081: expected 'newline'; found ')'
C:\Program Files (x86)\Windows Kits\10\Include\10.0.18362.0\ucrt\assert.h(41,1): warning C4161: #pragma pack(pop...): more pops than pushes
C:\Users\Jacob\Desktop\jacobBranch\DolphinEngine_1\DolphinEngine\DolphinEngine\Material.cpp(33,1): fatal error C1004: unexpected end-of-file found
  Mesh.cpp
C:\Users\Jacob\Desktop\jacobBranch\DolphinEngine_1\DolphinEngine\DolphinEngine\Engine.h(41,9): error C2143: syntax error: missing ';' before '<'
C:\Users\Jacob\Desktop\jacobBranch\DolphinEngine_1\DolphinEngine\DolphinEngine\Engine.h(41,9): error C4430: missing type specifier - int assumed. Note: C++ does not support default-int
C:\Users\Jacob\Desktop\jacobBranch\DolphinEngine_1\DolphinEngine\DolphinEngine\Engine.h(41,35): error C2238: unexpected token(s) preceding ';'
C:\Users\Jacob\Desktop\jacobBranch\DolphinEngine_1\DolphinEngine\DolphinEngine\Engine.h(42,9): error C2143: syntax error: missing ';' before '<'
C:\Users\Jacob\Desktop\jacobBranch\DolphinEngine_1\DolphinEngine\DolphinEngine\Engine.h(42,9): error C4430: missing type specifier - int assumed. Note: C++ does not support default-int
C:\Users\Jacob\Desktop\jacobBranch\DolphinEngine_1\DolphinEngine\DolphinEngine\Engine.h(42,35): error C2238: unexpected token(s) preceding ';'
C:\Users\Jacob\Desktop\jacobBranch\DolphinEngine_1\DolphinEngine\DolphinEngine\Engine.h(43,9): error C2143: syntax error: missing ';' before '<'
C:\Users\Jacob\Desktop\jacobBranch\DolphinEngine_1\DolphinEngine\DolphinEngine\Engine.h(43,9): error C4430: missing type specifier - int assumed. Note: C++ does not support default-int
C:\Users\Jacob\Desktop\jacobBranch\DolphinEngine_1\DolphinEngine\DolphinEngine\Engine.h(43,37): error C2238: unexpected token(s) preceding ';'
C:\Users\Jacob\Desktop\jacobBranch\DolphinEngine_1\DolphinEngine\DolphinEngine\Engine.h(20,6): error C3861: 'MenuLevelPtr': identifier not found
C:\Users\Jacob\Desktop\jacobBranch\DolphinEngine_1\DolphinEngine\DolphinEngine\Engine.h(20,6): message : This diagnostic occurred in the compiler generated function 'void Engine::newLevel(levelType)'
C:\Users\Jacob\Desktop\jacobBranch\DolphinEngine_1\DolphinEngine\DolphinEngine\Engine.h(22,4): error C3861: 'MenuLevels_': identifier not found
C:\Users\Jacob\Desktop\jacobBranch\DolphinEngine_1\DolphinEngine\DolphinEngine\Engine.h(22,4): message : This diagnostic occurred in the compiler generated function 'void Engine::newLevel(levelType)'
C:\Users\Jacob\Desktop\jacobBranch\DolphinEngine_1\DolphinEngine\DolphinEngine\Engine.h(24,7): error C3861: 'PlayLevelPtr': identifier not found
C:\Users\Jacob\Desktop\jacobBranch\DolphinEngine_1\DolphinEngine\DolphinEngine\Engine.h(24,7): message : This diagnostic occurred in the compiler generated function 'void Engine::newLevel(levelType)'
C:\Users\Jacob\Desktop\jacobBranch\DolphinEngine_1\DolphinEngine\DolphinEngine\Engine.h(26,4): error C3861: 'PlayLevels_': identifier not found
C:\Users\Jacob\Desktop\jacobBranch\DolphinEngine_1\DolphinEngine\DolphinEngine\Engine.h(26,4): message : This diagnostic occurred in the compiler generated function 'void Engine::newLevel(levelType)'
C:\Users\Jacob\Desktop\jacobBranch\DolphinEngine_1\DolphinEngine\DolphinEngine\Engine.h(28,7): error C3861: 'DebugLevelPtr': identifier not found
C:\Users\Jacob\Desktop\jacobBranch\DolphinEngine_1\DolphinEngine\DolphinEngine\Engine.h(28,7): message : This diagnostic occurred in the compiler generated function 'void Engine::newLevel(levelType)'
C:\Users\Jacob\Desktop\jacobBranch\DolphinEngine_1\DolphinEngine\DolphinEngine\Engine.h(30,4): error C3861: 'DebugLevels_': identifier not found
C:\Users\Jacob\Desktop\jacobBranch\DolphinEngine_1\DolphinEngine\DolphinEngine\Engine.h(30,4): message : This diagnostic occurred in the compiler generated function 'void Engine::newLevel(levelType)'
C:\Users\Jacob\Desktop\jacobBranch\DolphinEngine_1\DolphinEngine\DolphinEngine\Engine.h(14,18): error C2065: 'Manager': undeclared identifier
C:\Users\Jacob\Desktop\jacobBranch\DolphinEngine_1\DolphinEngine\DolphinEngine\Engine.h(14,26): error C2065: 'MenuLevelPtr': undeclared identifier
C:\Users\Jacob\Desktop\jacobBranch\DolphinEngine_1\DolphinEngine\DolphinEngine\Engine.h(14,1): error C2059: syntax error: ')'
C:\Users\Jacob\Desktop\jacobBranch\DolphinEngine_1\DolphinEngine\DolphinEngine\Engine.h(14,1): error C2612: trailing ')' illegal in base/member initializer list
C:\Users\Jacob\Desktop\jacobBranch\DolphinEngine_1\External Libs\ASSIMP\include\assimp\Compiler\pushpack1.h(26,10): warning C4079: unexpected token 'string'
C:\Users\Jacob\Desktop\jacobBranch\DolphinEngine_1\External Libs\ASSIMP\include\assimp\Compiler\pushpack1.h(26,21): warning C4081: expected 'newline'; found ')'
C:\Users\Jacob\Desktop\jacobBranch\DolphinEngine_1\External Libs\ASSIMP\include\assimp\Compiler\pushpack1.h(40,29): warning C4081: expected ')'; found 'string'
C:\Users\Jacob\Desktop\jacobBranch\DolphinEngine_1\External Libs\ASSIMP\include\assimp\Compiler\poppack1.h(18,10): warning C4161: #pragma pack(pop...): more pops than pushes
C:\Program Files (x86)\Microsoft Visual Studio\2019\Community\VC\Tools\MSVC\14.28.29333\include\algorithm(13,9): warning C4079: unexpected token 'string'
C:\Program Files (x86)\Microsoft Visual Studio\2019\Community\VC\Tools\MSVC\14.28.29333\include\algorithm(13,32): warning C4081: expected 'newline'; found ')'
C:\Program Files (x86)\Microsoft Visual Studio\2019\Community\VC\Tools\MSVC\14.28.29333\include\algorithm(14,23): warning C4081: expected 'constant'; found 'string'
C:\Program Files (x86)\Microsoft Visual Studio\2019\Community\VC\Tools\MSVC\14.28.29333\include\algorithm(15,27): warning C4081: expected ')'; found 'string'
C:\Program Files (x86)\Microsoft Visual Studio\2019\Community\VC\Tools\MSVC\14.28.29333\include\algorithm(4906,28): warning C4081: expected ')'; found 'string'
C:\Program Files (x86)\Microsoft Visual Studio\2019\Community\VC\Tools\MSVC\14.28.29333\include\algorithm(10213,9): warning C4161: #pragma pack(pop...): more pops than pushes
C:\Users\Jacob\Desktop\jacobBranch\DolphinEngine_1\External Libs\ASSIMP\include\assimp\Compiler\pushpack1.h(26,10): warning C4079: unexpected token 'string'
C:\Users\Jacob\Desktop\jacobBranch\DolphinEngine_1\External Libs\ASSIMP\include\assimp\Compiler\pushpack1.h(26,21): warning C4081: expected 'newline'; found ')'
C:\Users\Jacob\Desktop\jacobBranch\DolphinEngine_1\External Libs\ASSIMP\include\assimp\Compiler\pushpack1.h(40,29): warning C4081: expected ')'; found 'string'
C:\Users\Jacob\Desktop\jacobBranch\DolphinEngine_1\External Libs\ASSIMP\include\assimp\Compiler\poppack1.h(18,10): warning C4161: #pragma pack(pop...): more pops than pushes
C:\Users\Jacob\Desktop\jacobBranch\DolphinEngine_1\External Libs\ASSIMP\include\assimp\Compiler\pushpack1.h(26,10): warning C4079: unexpected token 'string'
C:\Users\Jacob\Desktop\jacobBranch\DolphinEngine_1\External Libs\ASSIMP\include\assimp\Compiler\pushpack1.h(26,21): warning C4081: expected 'newline'; found ')'
C:\Users\Jacob\Desktop\jacobBranch\DolphinEngine_1\External Libs\ASSIMP\include\assimp\Compiler\pushpack1.h(40,29): warning C4081: expected ')'; found 'string'
C:\Users\Jacob\Desktop\jacobBranch\DolphinEngine_1\External Libs\ASSIMP\include\assimp\Compiler\poppack1.h(18,10): warning C4161: #pragma pack(pop...): more pops than pushes
C:\Program Files (x86)\Microsoft Visual Studio\2019\Community\VC\Tools\MSVC\14.28.29333\include\stdarg.h(14,26): warning C4081: expected ')'; found 'string'
C:\Program Files (x86)\Microsoft Visual Studio\2019\Community\VC\Tools\MSVC\14.28.29333\include\stdarg.h(16,1): warning C4079: unexpected token 'string'
C:\Program Files (x86)\Microsoft Visual Studio\2019\Community\VC\Tools\MSVC\14.28.29333\include\stdarg.h(16,1): warning C4081: expected 'newline'; found ')'
C:\Program Files (x86)\Microsoft Visual Studio\2019\Community\VC\Tools\MSVC\14.28.29333\include\stdarg.h(27,1): warning C4161: #pragma pack(pop...): more pops than pushes
C:\Program Files (x86)\Windows Kits\10\Include\10.0.18362.0\ucrt\assert.h(14,1): warning C4079: unexpected token 'string'
C:\Program Files (x86)\Windows Kits\10\Include\10.0.18362.0\ucrt\assert.h(14,1): warning C4081: expected 'newline'; found ')'
C:\Program Files (x86)\Windows Kits\10\Include\10.0.18362.0\ucrt\assert.h(41,1): warning C4161: #pragma pack(pop...): more pops than pushes
C:\Users\Jacob\Desktop\jacobBranch\DolphinEngine_1\DolphinEngine\DolphinEngine\Mesh.cpp(85,1): fatal error C1004: unexpected end-of-file found
  Model.cpp
C:\Users\Jacob\Desktop\jacobBranch\DolphinEngine_1\DolphinEngine\DolphinEngine\Engine.h(41,9): error C2143: syntax error: missing ';' before '<'
C:\Users\Jacob\Desktop\jacobBranch\DolphinEngine_1\DolphinEngine\DolphinEngine\Engine.h(41,9): error C4430: missing type specifier - int assumed. Note: C++ does not support default-int
C:\Users\Jacob\Desktop\jacobBranch\DolphinEngine_1\DolphinEngine\DolphinEngine\Engine.h(41,35): error C2238: unexpected token(s) preceding ';'
C:\Users\Jacob\Desktop\jacobBranch\DolphinEngine_1\DolphinEngine\DolphinEngine\Engine.h(42,9): error C2143: syntax error: missing ';' before '<'
C:\Users\Jacob\Desktop\jacobBranch\DolphinEngine_1\DolphinEngine\DolphinEngine\Engine.h(42,9): error C4430: missing type specifier - int assumed. Note: C++ does not support default-int
C:\Users\Jacob\Desktop\jacobBranch\DolphinEngine_1\DolphinEngine\DolphinEngine\Engine.h(42,35): error C2238: unexpected token(s) preceding ';'
C:\Users\Jacob\Desktop\jacobBranch\DolphinEngine_1\DolphinEngine\DolphinEngine\Engine.h(43,9): error C2143: syntax error: missing ';' before '<'
C:\Users\Jacob\Desktop\jacobBranch\DolphinEngine_1\DolphinEngine\DolphinEngine\Engine.h(43,9): error C4430: missing type specifier - int assumed. Note: C++ does not support default-int
C:\Users\Jacob\Desktop\jacobBranch\DolphinEngine_1\DolphinEngine\DolphinEngine\Engine.h(43,37): error C2238: unexpected token(s) preceding ';'
C:\Users\Jacob\Desktop\jacobBranch\DolphinEngine_1\DolphinEngine\DolphinEngine\Engine.h(20,6): error C3861: 'MenuLevelPtr': identifier not found
C:\Users\Jacob\Desktop\jacobBranch\DolphinEngine_1\DolphinEngine\DolphinEngine\Engine.h(20,6): message : This diagnostic occurred in the compiler generated function 'void Engine::newLevel(levelType)'
C:\Users\Jacob\Desktop\jacobBranch\DolphinEngine_1\DolphinEngine\DolphinEngine\Engine.h(22,4): error C3861: 'MenuLevels_': identifier not found
C:\Users\Jacob\Desktop\jacobBranch\DolphinEngine_1\DolphinEngine\DolphinEngine\Engine.h(22,4): message : This diagnostic occurred in the compiler generated function 'void Engine::newLevel(levelType)'
C:\Users\Jacob\Desktop\jacobBranch\DolphinEngine_1\DolphinEngine\DolphinEngine\Engine.h(24,7): error C3861: 'PlayLevelPtr': identifier not found
C:\Users\Jacob\Desktop\jacobBranch\DolphinEngine_1\DolphinEngine\DolphinEngine\Engine.h(24,7): message : This diagnostic occurred in the compiler generated function 'void Engine::newLevel(levelType)'
C:\Users\Jacob\Desktop\jacobBranch\DolphinEngine_1\DolphinEngine\DolphinEngine\Engine.h(26,4): error C3861: 'PlayLevels_': identifier not found
C:\Users\Jacob\Desktop\jacobBranch\DolphinEngine_1\DolphinEngine\DolphinEngine\Engine.h(26,4): message : This diagnostic occurred in the compiler generated function 'void Engine::newLevel(levelType)'
C:\Users\Jacob\Desktop\jacobBranch\DolphinEngine_1\DolphinEngine\DolphinEngine\Engine.h(28,7): error C3861: 'DebugLevelPtr': identifier not found
C:\Users\Jacob\Desktop\jacobBranch\DolphinEngine_1\DolphinEngine\DolphinEngine\Engine.h(28,7): message : This diagnostic occurred in the compiler generated function 'void Engine::newLevel(levelType)'
C:\Users\Jacob\Desktop\jacobBranch\DolphinEngine_1\DolphinEngine\DolphinEngine\Engine.h(30,4): error C3861: 'DebugLevels_': identifier not found
C:\Users\Jacob\Desktop\jacobBranch\DolphinEngine_1\DolphinEngine\DolphinEngine\Engine.h(30,4): message : This diagnostic occurred in the compiler generated function 'void Engine::newLevel(levelType)'
C:\Users\Jacob\Desktop\jacobBranch\DolphinEngine_1\DolphinEngine\DolphinEngine\Engine.h(14,18): error C2065: 'Manager': undeclared identifier
C:\Users\Jacob\Desktop\jacobBranch\DolphinEngine_1\DolphinEngine\DolphinEngine\Engine.h(14,26): error C2065: 'MenuLevelPtr': undeclared identifier
C:\Users\Jacob\Desktop\jacobBranch\DolphinEngine_1\DolphinEngine\DolphinEngine\Engine.h(14,1): error C2059: syntax error: ')'
C:\Users\Jacob\Desktop\jacobBranch\DolphinEngine_1\DolphinEngine\DolphinEngine\Engine.h(14,1): error C2612: trailing ')' illegal in base/member initializer list
C:\Users\Jacob\Desktop\jacobBranch\DolphinEngine_1\External Libs\ASSIMP\include\assimp\Compiler\pushpack1.h(26,10): warning C4079: unexpected token 'string'
C:\Users\Jacob\Desktop\jacobBranch\DolphinEngine_1\External Libs\ASSIMP\include\assimp\Compiler\pushpack1.h(26,21): warning C4081: expected 'newline'; found ')'
C:\Users\Jacob\Desktop\jacobBranch\DolphinEngine_1\External Libs\ASSIMP\include\assimp\Compiler\pushpack1.h(40,29): warning C4081: expected ')'; found 'string'
C:\Users\Jacob\Desktop\jacobBranch\DolphinEngine_1\External Libs\ASSIMP\include\assimp\Compiler\poppack1.h(18,10): warning C4161: #pragma pack(pop...): more pops than pushes
C:\Program Files (x86)\Microsoft Visual Studio\2019\Community\VC\Tools\MSVC\14.28.29333\include\algorithm(13,9): warning C4079: unexpected token 'string'
C:\Program Files (x86)\Microsoft Visual Studio\2019\Community\VC\Tools\MSVC\14.28.29333\include\algorithm(13,32): warning C4081: expected 'newline'; found ')'
C:\Program Files (x86)\Microsoft Visual Studio\2019\Community\VC\Tools\MSVC\14.28.29333\include\algorithm(14,23): warning C4081: expected 'constant'; found 'string'
C:\Program Files (x86)\Microsoft Visual Studio\2019\Community\VC\Tools\MSVC\14.28.29333\include\algorithm(15,27): warning C4081: expected ')'; found 'string'
C:\Program Files (x86)\Microsoft Visual Studio\2019\Community\VC\Tools\MSVC\14.28.29333\include\algorithm(4906,28): warning C4081: expected ')'; found 'string'
C:\Program Files (x86)\Microsoft Visual Studio\2019\Community\VC\Tools\MSVC\14.28.29333\include\algorithm(10213,9): warning C4161: #pragma pack(pop...): more pops than pushes
C:\Users\Jacob\Desktop\jacobBranch\DolphinEngine_1\External Libs\ASSIMP\include\assimp\Compiler\pushpack1.h(26,10): warning C4079: unexpected token 'string'
C:\Users\Jacob\Desktop\jacobBranch\DolphinEngine_1\External Libs\ASSIMP\include\assimp\Compiler\pushpack1.h(26,21): warning C4081: expected 'newline'; found ')'
C:\Users\Jacob\Desktop\jacobBranch\DolphinEngine_1\External Libs\ASSIMP\include\assimp\Compiler\pushpack1.h(40,29): warning C4081: expected ')'; found 'string'
C:\Users\Jacob\Desktop\jacobBranch\DolphinEngine_1\External Libs\ASSIMP\include\assimp\Compiler\poppack1.h(18,10): warning C4161: #pragma pack(pop...): more pops than pushes
C:\Users\Jacob\Desktop\jacobBranch\DolphinEngine_1\External Libs\ASSIMP\include\assimp\Compiler\pushpack1.h(26,10): warning C4079: unexpected token 'string'
C:\Users\Jacob\Desktop\jacobBranch\DolphinEngine_1\External Libs\ASSIMP\include\assimp\Compiler\pushpack1.h(26,21): warning C4081: expected 'newline'; found ')'
C:\Users\Jacob\Desktop\jacobBranch\DolphinEngine_1\External Libs\ASSIMP\include\assimp\Compiler\pushpack1.h(40,29): warning C4081: expected ')'; found 'string'
C:\Users\Jacob\Desktop\jacobBranch\DolphinEngine_1\External Libs\ASSIMP\include\assimp\Compiler\poppack1.h(18,10): warning C4161: #pragma pack(pop...): more pops than pushes
C:\Program Files (x86)\Microsoft Visual Studio\2019\Community\VC\Tools\MSVC\14.28.29333\include\stdarg.h(14,26): warning C4081: expected ')'; found 'string'
C:\Program Files (x86)\Microsoft Visual Studio\2019\Community\VC\Tools\MSVC\14.28.29333\include\stdarg.h(16,1): warning C4079: unexpected token 'string'
C:\Program Files (x86)\Microsoft Visual Studio\2019\Community\VC\Tools\MSVC\14.28.29333\include\stdarg.h(16,1): warning C4081: expected 'newline'; found ')'
C:\Program Files (x86)\Microsoft Visual Studio\2019\Community\VC\Tools\MSVC\14.28.29333\include\stdarg.h(27,1): warning C4161: #pragma pack(pop...): more pops than pushes
C:\Program Files (x86)\Windows Kits\10\Include\10.0.18362.0\ucrt\assert.h(14,1): warning C4079: unexpected token 'string'
C:\Program Files (x86)\Windows Kits\10\Include\10.0.18362.0\ucrt\assert.h(14,1): warning C4081: expected 'newline'; found ')'
C:\Program Files (x86)\Windows Kits\10\Include\10.0.18362.0\ucrt\assert.h(41,1): warning C4161: #pragma pack(pop...): more pops than pushes
C:\Users\Jacob\Desktop\jacobBranch\DolphinEngine_1\DolphinEngine\DolphinEngine\Model.cpp(157,1): fatal error C1004: unexpected end-of-file found
  Object.cpp
  ObjectManager.cpp
C:\Users\Jacob\Desktop\jacobBranch\DolphinEngine_1\DolphinEngine\DolphinEngine\Engine.h(41,9): error C2143: syntax error: missing ';' before '<'
C:\Users\Jacob\Desktop\jacobBranch\DolphinEngine_1\DolphinEngine\DolphinEngine\Engine.h(41,9): error C4430: missing type specifier - int assumed. Note: C++ does not support default-int
C:\Users\Jacob\Desktop\jacobBranch\DolphinEngine_1\DolphinEngine\DolphinEngine\Engine.h(41,35): error C2238: unexpected token(s) preceding ';'
C:\Users\Jacob\Desktop\jacobBranch\DolphinEngine_1\DolphinEngine\DolphinEngine\Engine.h(42,9): error C2143: syntax error: missing ';' before '<'
C:\Users\Jacob\Desktop\jacobBranch\DolphinEngine_1\DolphinEngine\DolphinEngine\Engine.h(42,9): error C4430: missing type specifier - int assumed. Note: C++ does not support default-int
C:\Users\Jacob\Desktop\jacobBranch\DolphinEngine_1\DolphinEngine\DolphinEngine\Engine.h(42,35): error C2238: unexpected token(s) preceding ';'
C:\Users\Jacob\Desktop\jacobBranch\DolphinEngine_1\DolphinEngine\DolphinEngine\Engine.h(43,9): error C2143: syntax error: missing ';' before '<'
C:\Users\Jacob\Desktop\jacobBranch\DolphinEngine_1\DolphinEngine\DolphinEngine\Engine.h(43,9): error C4430: missing type specifier - int assumed. Note: C++ does not support default-int
C:\Users\Jacob\Desktop\jacobBranch\DolphinEngine_1\DolphinEngine\DolphinEngine\Engine.h(43,37): error C2238: unexpected token(s) preceding ';'
C:\Users\Jacob\Desktop\jacobBranch\DolphinEngine_1\DolphinEngine\DolphinEngine\Engine.h(20,6): error C3861: 'MenuLevelPtr': identifier not found
C:\Users\Jacob\Desktop\jacobBranch\DolphinEngine_1\DolphinEngine\DolphinEngine\Engine.h(20,6): message : This diagnostic occurred in the compiler generated function 'void Engine::newLevel(levelType)'
C:\Users\Jacob\Desktop\jacobBranch\DolphinEngine_1\DolphinEngine\DolphinEngine\Engine.h(22,4): error C3861: 'MenuLevels_': identifier not found
C:\Users\Jacob\Desktop\jacobBranch\DolphinEngine_1\DolphinEngine\DolphinEngine\Engine.h(22,4): message : This diagnostic occurred in the compiler generated function 'void Engine::newLevel(levelType)'
C:\Users\Jacob\Desktop\jacobBranch\DolphinEngine_1\DolphinEngine\DolphinEngine\Engine.h(24,7): error C3861: 'PlayLevelPtr': identifier not found
C:\Users\Jacob\Desktop\jacobBranch\DolphinEngine_1\DolphinEngine\DolphinEngine\Engine.h(24,7): message : This diagnostic occurred in the compiler generated function 'void Engine::newLevel(levelType)'
C:\Users\Jacob\Desktop\jacobBranch\DolphinEngine_1\DolphinEngine\DolphinEngine\Engine.h(26,4): error C3861: 'PlayLevels_': identifier not found
C:\Users\Jacob\Desktop\jacobBranch\DolphinEngine_1\DolphinEngine\DolphinEngine\Engine.h(26,4): message : This diagnostic occurred in the compiler generated function 'void Engine::newLevel(levelType)'
C:\Users\Jacob\Desktop\jacobBranch\DolphinEngine_1\DolphinEngine\DolphinEngine\Engine.h(28,7): error C3861: 'DebugLevelPtr': identifier not found
C:\Users\Jacob\Desktop\jacobBranch\DolphinEngine_1\DolphinEngine\DolphinEngine\Engine.h(28,7): message : This diagnostic occurred in the compiler generated function 'void Engine::newLevel(levelType)'
C:\Users\Jacob\Desktop\jacobBranch\DolphinEngine_1\DolphinEngine\DolphinEngine\Engine.h(30,4): error C3861: 'DebugLevels_': identifier not found
C:\Users\Jacob\Desktop\jacobBranch\DolphinEngine_1\DolphinEngine\DolphinEngine\Engine.h(30,4): message : This diagnostic occurred in the compiler generated function 'void Engine::newLevel(levelType)'
C:\Users\Jacob\Desktop\jacobBranch\DolphinEngine_1\DolphinEngine\DolphinEngine\Engine.h(14,18): error C2065: 'Manager': undeclared identifier
C:\Users\Jacob\Desktop\jacobBranch\DolphinEngine_1\DolphinEngine\DolphinEngine\Engine.h(14,26): error C2065: 'MenuLevelPtr': undeclared identifier
C:\Users\Jacob\Desktop\jacobBranch\DolphinEngine_1\DolphinEngine\DolphinEngine\Engine.h(14,1): error C2059: syntax error: ')'
C:\Users\Jacob\Desktop\jacobBranch\DolphinEngine_1\DolphinEngine\DolphinEngine\Engine.h(14,1): error C2612: trailing ')' illegal in base/member initializer list
C:\Users\Jacob\Desktop\jacobBranch\DolphinEngine_1\External Libs\ASSIMP\include\assimp\Compiler\pushpack1.h(26,10): warning C4079: unexpected token 'string'
C:\Users\Jacob\Desktop\jacobBranch\DolphinEngine_1\External Libs\ASSIMP\include\assimp\Compiler\pushpack1.h(26,21): warning C4081: expected 'newline'; found ')'
C:\Users\Jacob\Desktop\jacobBranch\DolphinEngine_1\External Libs\ASSIMP\include\assimp\Compiler\pushpack1.h(40,29): warning C4081: expected ')'; found 'string'
C:\Users\Jacob\Desktop\jacobBranch\DolphinEngine_1\External Libs\ASSIMP\include\assimp\Compiler\poppack1.h(18,10): warning C4161: #pragma pack(pop...): more pops than pushes
C:\Program Files (x86)\Microsoft Visual Studio\2019\Community\VC\Tools\MSVC\14.28.29333\include\algorithm(13,9): warning C4079: unexpected token 'string'
C:\Program Files (x86)\Microsoft Visual Studio\2019\Community\VC\Tools\MSVC\14.28.29333\include\algorithm(13,32): warning C4081: expected 'newline'; found ')'
C:\Program Files (x86)\Microsoft Visual Studio\2019\Community\VC\Tools\MSVC\14.28.29333\include\algorithm(14,23): warning C4081: expected 'constant'; found 'string'
C:\Program Files (x86)\Microsoft Visual Studio\2019\Community\VC\Tools\MSVC\14.28.29333\include\algorithm(15,27): warning C4081: expected ')'; found 'string'
C:\Program Files (x86)\Microsoft Visual Studio\2019\Community\VC\Tools\MSVC\14.28.29333\include\algorithm(4906,28): warning C4081: expected ')'; found 'string'
C:\Program Files (x86)\Microsoft Visual Studio\2019\Community\VC\Tools\MSVC\14.28.29333\include\algorithm(10213,9): warning C4161: #pragma pack(pop...): more pops than pushes
C:\Users\Jacob\Desktop\jacobBranch\DolphinEngine_1\External Libs\ASSIMP\include\assimp\Compiler\pushpack1.h(26,10): warning C4079: unexpected token 'string'
C:\Users\Jacob\Desktop\jacobBranch\DolphinEngine_1\External Libs\ASSIMP\include\assimp\Compiler\pushpack1.h(26,21): warning C4081: expected 'newline'; found ')'
C:\Users\Jacob\Desktop\jacobBranch\DolphinEngine_1\External Libs\ASSIMP\include\assimp\Compiler\pushpack1.h(40,29): warning C4081: expected ')'; found 'string'
C:\Users\Jacob\Desktop\jacobBranch\DolphinEngine_1\External Libs\ASSIMP\include\assimp\Compiler\poppack1.h(18,10): warning C4161: #pragma pack(pop...): more pops than pushes
C:\Users\Jacob\Desktop\jacobBranch\DolphinEngine_1\External Libs\ASSIMP\include\assimp\Compiler\pushpack1.h(26,10): warning C4079: unexpected token 'string'
C:\Users\Jacob\Desktop\jacobBranch\DolphinEngine_1\External Libs\ASSIMP\include\assimp\Compiler\pushpack1.h(26,21): warning C4081: expected 'newline'; found ')'
C:\Users\Jacob\Desktop\jacobBranch\DolphinEngine_1\External Libs\ASSIMP\include\assimp\Compiler\pushpack1.h(40,29): warning C4081: expected ')'; found 'string'
C:\Users\Jacob\Desktop\jacobBranch\DolphinEngine_1\External Libs\ASSIMP\include\assimp\Compiler\poppack1.h(18,10): warning C4161: #pragma pack(pop...): more pops than pushes
C:\Program Files (x86)\Microsoft Visual Studio\2019\Community\VC\Tools\MSVC\14.28.29333\include\stdarg.h(14,26): warning C4081: expected ')'; found 'string'
C:\Program Files (x86)\Microsoft Visual Studio\2019\Community\VC\Tools\MSVC\14.28.29333\include\stdarg.h(16,1): warning C4079: unexpected token 'string'
C:\Program Files (x86)\Microsoft Visual Studio\2019\Community\VC\Tools\MSVC\14.28.29333\include\stdarg.h(16,1): warning C4081: expected 'newline'; found ')'
C:\Program Files (x86)\Microsoft Visual Studio\2019\Community\VC\Tools\MSVC\14.28.29333\include\stdarg.h(27,1): warning C4161: #pragma pack(pop...): more pops than pushes
C:\Program Files (x86)\Windows Kits\10\Include\10.0.18362.0\ucrt\assert.h(14,1): warning C4079: unexpected token 'string'
C:\Program Files (x86)\Windows Kits\10\Include\10.0.18362.0\ucrt\assert.h(14,1): warning C4081: expected 'newline'; found ')'
C:\Program Files (x86)\Windows Kits\10\Include\10.0.18362.0\ucrt\assert.h(41,1): warning C4161: #pragma pack(pop...): more pops than pushes
C:\Users\Jacob\Desktop\jacobBranch\DolphinEngine_1\DolphinEngine\DolphinEngine\ObjectManager.cpp(102,1): fatal error C1004: unexpected end-of-file found
  OmniShadowMap.cpp
C:\Users\Jacob\Desktop\jacobBranch\DolphinEngine_1\DolphinEngine\DolphinEngine\Engine.h(41,9): error C2143: syntax error: missing ';' before '<'
C:\Users\Jacob\Desktop\jacobBranch\DolphinEngine_1\DolphinEngine\DolphinEngine\Engine.h(41,9): error C4430: missing type specifier - int assumed. Note: C++ does not support default-int
C:\Users\Jacob\Desktop\jacobBranch\DolphinEngine_1\DolphinEngine\DolphinEngine\Engine.h(41,35): error C2238: unexpected token(s) preceding ';'
C:\Users\Jacob\Desktop\jacobBranch\DolphinEngine_1\DolphinEngine\DolphinEngine\Engine.h(42,9): error C2143: syntax error: missing ';' before '<'
C:\Users\Jacob\Desktop\jacobBranch\DolphinEngine_1\DolphinEngine\DolphinEngine\Engine.h(42,9): error C4430: missing type specifier - int assumed. Note: C++ does not support default-int
C:\Users\Jacob\Desktop\jacobBranch\DolphinEngine_1\DolphinEngine\DolphinEngine\Engine.h(42,35): error C2238: unexpected token(s) preceding ';'
C:\Users\Jacob\Desktop\jacobBranch\DolphinEngine_1\DolphinEngine\DolphinEngine\Engine.h(43,9): error C2143: syntax error: missing ';' before '<'
C:\Users\Jacob\Desktop\jacobBranch\DolphinEngine_1\DolphinEngine\DolphinEngine\Engine.h(43,9): error C4430: missing type specifier - int assumed. Note: C++ does not support default-int
C:\Users\Jacob\Desktop\jacobBranch\DolphinEngine_1\DolphinEngine\DolphinEngine\Engine.h(43,37): error C2238: unexpected token(s) preceding ';'
C:\Users\Jacob\Desktop\jacobBranch\DolphinEngine_1\DolphinEngine\DolphinEngine\Engine.h(20,6): error C3861: 'MenuLevelPtr': identifier not found
C:\Users\Jacob\Desktop\jacobBranch\DolphinEngine_1\DolphinEngine\DolphinEngine\Engine.h(20,6): message : This diagnostic occurred in the compiler generated function 'void Engine::newLevel(levelType)'
C:\Users\Jacob\Desktop\jacobBranch\DolphinEngine_1\DolphinEngine\DolphinEngine\Engine.h(22,4): error C3861: 'MenuLevels_': identifier not found
C:\Users\Jacob\Desktop\jacobBranch\DolphinEngine_1\DolphinEngine\DolphinEngine\Engine.h(22,4): message : This diagnostic occurred in the compiler generated function 'void Engine::newLevel(levelType)'
C:\Users\Jacob\Desktop\jacobBranch\DolphinEngine_1\DolphinEngine\DolphinEngine\Engine.h(24,7): error C3861: 'PlayLevelPtr': identifier not found
C:\Users\Jacob\Desktop\jacobBranch\DolphinEngine_1\DolphinEngine\DolphinEngine\Engine.h(24,7): message : This diagnostic occurred in the compiler generated function 'void Engine::newLevel(levelType)'
C:\Users\Jacob\Desktop\jacobBranch\DolphinEngine_1\DolphinEngine\DolphinEngine\Engine.h(26,4): error C3861: 'PlayLevels_': identifier not found
C:\Users\Jacob\Desktop\jacobBranch\DolphinEngine_1\DolphinEngine\DolphinEngine\Engine.h(26,4): message : This diagnostic occurred in the compiler generated function 'void Engine::newLevel(levelType)'
C:\Users\Jacob\Desktop\jacobBranch\DolphinEngine_1\DolphinEngine\DolphinEngine\Engine.h(28,7): error C3861: 'DebugLevelPtr': identifier not found
C:\Users\Jacob\Desktop\jacobBranch\DolphinEngine_1\DolphinEngine\DolphinEngine\Engine.h(28,7): message : This diagnostic occurred in the compiler generated function 'void Engine::newLevel(levelType)'
C:\Users\Jacob\Desktop\jacobBranch\DolphinEngine_1\DolphinEngine\DolphinEngine\Engine.h(30,4): error C3861: 'DebugLevels_': identifier not found
C:\Users\Jacob\Desktop\jacobBranch\DolphinEngine_1\DolphinEngine\DolphinEngine\Engine.h(30,4): message : This diagnostic occurred in the compiler generated function 'void Engine::newLevel(levelType)'
C:\Users\Jacob\Desktop\jacobBranch\DolphinEngine_1\DolphinEngine\DolphinEngine\Engine.h(14,18): error C2065: 'Manager': undeclared identifier
C:\Users\Jacob\Desktop\jacobBranch\DolphinEngine_1\DolphinEngine\DolphinEngine\Engine.h(14,26): error C2065: 'MenuLevelPtr': undeclared identifier
C:\Users\Jacob\Desktop\jacobBranch\DolphinEngine_1\DolphinEngine\DolphinEngine\Engine.h(14,1): error C2059: syntax error: ')'
C:\Users\Jacob\Desktop\jacobBranch\DolphinEngine_1\DolphinEngine\DolphinEngine\Engine.h(14,1): error C2612: trailing ')' illegal in base/member initializer list
C:\Users\Jacob\Desktop\jacobBranch\DolphinEngine_1\External Libs\ASSIMP\include\assimp\Compiler\pushpack1.h(26,10): warning C4079: unexpected token 'string'
C:\Users\Jacob\Desktop\jacobBranch\DolphinEngine_1\External Libs\ASSIMP\include\assimp\Compiler\pushpack1.h(26,21): warning C4081: expected 'newline'; found ')'
C:\Users\Jacob\Desktop\jacobBranch\DolphinEngine_1\External Libs\ASSIMP\include\assimp\Compiler\pushpack1.h(40,29): warning C4081: expected ')'; found 'string'
C:\Users\Jacob\Desktop\jacobBranch\DolphinEngine_1\External Libs\ASSIMP\include\assimp\Compiler\poppack1.h(18,10): warning C4161: #pragma pack(pop...): more pops than pushes
C:\Program Files (x86)\Microsoft Visual Studio\2019\Community\VC\Tools\MSVC\14.28.29333\include\algorithm(13,9): warning C4079: unexpected token 'string'
C:\Program Files (x86)\Microsoft Visual Studio\2019\Community\VC\Tools\MSVC\14.28.29333\include\algorithm(13,32): warning C4081: expected 'newline'; found ')'
C:\Program Files (x86)\Microsoft Visual Studio\2019\Community\VC\Tools\MSVC\14.28.29333\include\algorithm(14,23): warning C4081: expected 'constant'; found 'string'
C:\Program Files (x86)\Microsoft Visual Studio\2019\Community\VC\Tools\MSVC\14.28.29333\include\algorithm(15,27): warning C4081: expected ')'; found 'string'
C:\Program Files (x86)\Microsoft Visual Studio\2019\Community\VC\Tools\MSVC\14.28.29333\include\algorithm(4906,28): warning C4081: expected ')'; found 'string'
C:\Program Files (x86)\Microsoft Visual Studio\2019\Community\VC\Tools\MSVC\14.28.29333\include\algorithm(10213,9): warning C4161: #pragma pack(pop...): more pops than pushes
C:\Users\Jacob\Desktop\jacobBranch\DolphinEngine_1\External Libs\ASSIMP\include\assimp\Compiler\pushpack1.h(26,10): warning C4079: unexpected token 'string'
C:\Users\Jacob\Desktop\jacobBranch\DolphinEngine_1\External Libs\ASSIMP\include\assimp\Compiler\pushpack1.h(26,21): warning C4081: expected 'newline'; found ')'
C:\Users\Jacob\Desktop\jacobBranch\DolphinEngine_1\External Libs\ASSIMP\include\assimp\Compiler\pushpack1.h(40,29): warning C4081: expected ')'; found 'string'
C:\Users\Jacob\Desktop\jacobBranch\DolphinEngine_1\External Libs\ASSIMP\include\assimp\Compiler\poppack1.h(18,10): warning C4161: #pragma pack(pop...): more pops than pushes
C:\Users\Jacob\Desktop\jacobBranch\DolphinEngine_1\External Libs\ASSIMP\include\assimp\Compiler\pushpack1.h(26,10): warning C4079: unexpected token 'string'
C:\Users\Jacob\Desktop\jacobBranch\DolphinEngine_1\External Libs\ASSIMP\include\assimp\Compiler\pushpack1.h(26,21): warning C4081: expected 'newline'; found ')'
C:\Users\Jacob\Desktop\jacobBranch\DolphinEngine_1\External Libs\ASSIMP\include\assimp\Compiler\pushpack1.h(40,29): warning C4081: expected ')'; found 'string'
C:\Users\Jacob\Desktop\jacobBranch\DolphinEngine_1\External Libs\ASSIMP\include\assimp\Compiler\poppack1.h(18,10): warning C4161: #pragma pack(pop...): more pops than pushes
C:\Program Files (x86)\Microsoft Visual Studio\2019\Community\VC\Tools\MSVC\14.28.29333\include\stdarg.h(14,26): warning C4081: expected ')'; found 'string'
C:\Program Files (x86)\Microsoft Visual Studio\2019\Community\VC\Tools\MSVC\14.28.29333\include\stdarg.h(16,1): warning C4079: unexpected token 'string'
C:\Program Files (x86)\Microsoft Visual Studio\2019\Community\VC\Tools\MSVC\14.28.29333\include\stdarg.h(16,1): warning C4081: expected 'newline'; found ')'
C:\Program Files (x86)\Microsoft Visual Studio\2019\Community\VC\Tools\MSVC\14.28.29333\include\stdarg.h(27,1): warning C4161: #pragma pack(pop...): more pops than pushes
C:\Program Files (x86)\Windows Kits\10\Include\10.0.18362.0\ucrt\assert.h(14,1): warning C4079: unexpected token 'string'
C:\Program Files (x86)\Windows Kits\10\Include\10.0.18362.0\ucrt\assert.h(14,1): warning C4081: expected 'newline'; found ')'
C:\Program Files (x86)\Windows Kits\10\Include\10.0.18362.0\ucrt\assert.h(41,1): warning C4161: #pragma pack(pop...): more pops than pushes
C:\Users\Jacob\Desktop\jacobBranch\DolphinEngine_1\DolphinEngine\DolphinEngine\OmniShadowMap.cpp(69,1): fatal error C1004: unexpected end-of-file found
  PointLight.cpp
C:\Users\Jacob\Desktop\jacobBranch\DolphinEngine_1\DolphinEngine\DolphinEngine\Engine.h(41,9): error C2143: syntax error: missing ';' before '<'
C:\Users\Jacob\Desktop\jacobBranch\DolphinEngine_1\DolphinEngine\DolphinEngine\Engine.h(41,9): error C4430: missing type specifier - int assumed. Note: C++ does not support default-int
C:\Users\Jacob\Desktop\jacobBranch\DolphinEngine_1\DolphinEngine\DolphinEngine\Engine.h(41,35): error C2238: unexpected token(s) preceding ';'
C:\Users\Jacob\Desktop\jacobBranch\DolphinEngine_1\DolphinEngine\DolphinEngine\Engine.h(42,9): error C2143: syntax error: missing ';' before '<'
C:\Users\Jacob\Desktop\jacobBranch\DolphinEngine_1\DolphinEngine\DolphinEngine\Engine.h(42,9): error C4430: missing type specifier - int assumed. Note: C++ does not support default-int
C:\Users\Jacob\Desktop\jacobBranch\DolphinEngine_1\DolphinEngine\DolphinEngine\Engine.h(42,35): error C2238: unexpected token(s) preceding ';'
C:\Users\Jacob\Desktop\jacobBranch\DolphinEngine_1\DolphinEngine\DolphinEngine\Engine.h(43,9): error C2143: syntax error: missing ';' before '<'
C:\Users\Jacob\Desktop\jacobBranch\DolphinEngine_1\DolphinEngine\DolphinEngine\Engine.h(43,9): error C4430: missing type specifier - int assumed. Note: C++ does not support default-int
C:\Users\Jacob\Desktop\jacobBranch\DolphinEngine_1\DolphinEngine\DolphinEngine\Engine.h(43,37): error C2238: unexpected token(s) preceding ';'
C:\Users\Jacob\Desktop\jacobBranch\DolphinEngine_1\DolphinEngine\DolphinEngine\Engine.h(20,6): error C3861: 'MenuLevelPtr': identifier not found
C:\Users\Jacob\Desktop\jacobBranch\DolphinEngine_1\DolphinEngine\DolphinEngine\Engine.h(20,6): message : This diagnostic occurred in the compiler generated function 'void Engine::newLevel(levelType)'
C:\Users\Jacob\Desktop\jacobBranch\DolphinEngine_1\DolphinEngine\DolphinEngine\Engine.h(22,4): error C3861: 'MenuLevels_': identifier not found
C:\Users\Jacob\Desktop\jacobBranch\DolphinEngine_1\DolphinEngine\DolphinEngine\Engine.h(22,4): message : This diagnostic occurred in the compiler generated function 'void Engine::newLevel(levelType)'
C:\Users\Jacob\Desktop\jacobBranch\DolphinEngine_1\DolphinEngine\DolphinEngine\Engine.h(24,7): error C3861: 'PlayLevelPtr': identifier not found
C:\Users\Jacob\Desktop\jacobBranch\DolphinEngine_1\DolphinEngine\DolphinEngine\Engine.h(24,7): message : This diagnostic occurred in the compiler generated function 'void Engine::newLevel(levelType)'
C:\Users\Jacob\Desktop\jacobBranch\DolphinEngine_1\DolphinEngine\DolphinEngine\Engine.h(26,4): error C3861: 'PlayLevels_': identifier not found
C:\Users\Jacob\Desktop\jacobBranch\DolphinEngine_1\DolphinEngine\DolphinEngine\Engine.h(26,4): message : This diagnostic occurred in the compiler generated function 'void Engine::newLevel(levelType)'
C:\Users\Jacob\Desktop\jacobBranch\DolphinEngine_1\DolphinEngine\DolphinEngine\Engine.h(28,7): error C3861: 'DebugLevelPtr': identifier not found
C:\Users\Jacob\Desktop\jacobBranch\DolphinEngine_1\DolphinEngine\DolphinEngine\Engine.h(28,7): message : This diagnostic occurred in the compiler generated function 'void Engine::newLevel(levelType)'
C:\Users\Jacob\Desktop\jacobBranch\DolphinEngine_1\DolphinEngine\DolphinEngine\Engine.h(30,4): error C3861: 'DebugLevels_': identifier not found
C:\Users\Jacob\Desktop\jacobBranch\DolphinEngine_1\DolphinEngine\DolphinEngine\Engine.h(30,4): message : This diagnostic occurred in the compiler generated function 'void Engine::newLevel(levelType)'
C:\Users\Jacob\Desktop\jacobBranch\DolphinEngine_1\DolphinEngine\DolphinEngine\Engine.h(14,18): error C2065: 'Manager': undeclared identifier
C:\Users\Jacob\Desktop\jacobBranch\DolphinEngine_1\DolphinEngine\DolphinEngine\Engine.h(14,26): error C2065: 'MenuLevelPtr': undeclared identifier
C:\Users\Jacob\Desktop\jacobBranch\DolphinEngine_1\DolphinEngine\DolphinEngine\Engine.h(14,1): error C2059: syntax error: ')'
C:\Users\Jacob\Desktop\jacobBranch\DolphinEngine_1\DolphinEngine\DolphinEngine\Engine.h(14,1): error C2612: trailing ')' illegal in base/member initializer list
C:\Users\Jacob\Desktop\jacobBranch\DolphinEngine_1\External Libs\ASSIMP\include\assimp\Compiler\pushpack1.h(26,10): warning C4079: unexpected token 'string'
C:\Users\Jacob\Desktop\jacobBranch\DolphinEngine_1\External Libs\ASSIMP\include\assimp\Compiler\pushpack1.h(26,21): warning C4081: expected 'newline'; found ')'
C:\Users\Jacob\Desktop\jacobBranch\DolphinEngine_1\External Libs\ASSIMP\include\assimp\Compiler\pushpack1.h(40,29): warning C4081: expected ')'; found 'string'
C:\Users\Jacob\Desktop\jacobBranch\DolphinEngine_1\External Libs\ASSIMP\include\assimp\Compiler\poppack1.h(18,10): warning C4161: #pragma pack(pop...): more pops than pushes
C:\Program Files (x86)\Microsoft Visual Studio\2019\Community\VC\Tools\MSVC\14.28.29333\include\algorithm(13,9): warning C4079: unexpected token 'string'
C:\Program Files (x86)\Microsoft Visual Studio\2019\Community\VC\Tools\MSVC\14.28.29333\include\algorithm(13,32): warning C4081: expected 'newline'; found ')'
C:\Program Files (x86)\Microsoft Visual Studio\2019\Community\VC\Tools\MSVC\14.28.29333\include\algorithm(14,23): warning C4081: expected 'constant'; found 'string'
C:\Program Files (x86)\Microsoft Visual Studio\2019\Community\VC\Tools\MSVC\14.28.29333\include\algorithm(15,27): warning C4081: expected ')'; found 'string'
C:\Program Files (x86)\Microsoft Visual Studio\2019\Community\VC\Tools\MSVC\14.28.29333\include\algorithm(4906,28): warning C4081: expected ')'; found 'string'
C:\Program Files (x86)\Microsoft Visual Studio\2019\Community\VC\Tools\MSVC\14.28.29333\include\algorithm(10213,9): warning C4161: #pragma pack(pop...): more pops than pushes
C:\Users\Jacob\Desktop\jacobBranch\DolphinEngine_1\External Libs\ASSIMP\include\assimp\Compiler\pushpack1.h(26,10): warning C4079: unexpected token 'string'
C:\Users\Jacob\Desktop\jacobBranch\DolphinEngine_1\External Libs\ASSIMP\include\assimp\Compiler\pushpack1.h(26,21): warning C4081: expected 'newline'; found ')'
C:\Users\Jacob\Desktop\jacobBranch\DolphinEngine_1\External Libs\ASSIMP\include\assimp\Compiler\pushpack1.h(40,29): warning C4081: expected ')'; found 'string'
C:\Users\Jacob\Desktop\jacobBranch\DolphinEngine_1\External Libs\ASSIMP\include\assimp\Compiler\poppack1.h(18,10): warning C4161: #pragma pack(pop...): more pops than pushes
C:\Users\Jacob\Desktop\jacobBranch\DolphinEngine_1\External Libs\ASSIMP\include\assimp\Compiler\pushpack1.h(26,10): warning C4079: unexpected token 'string'
C:\Users\Jacob\Desktop\jacobBranch\DolphinEngine_1\External Libs\ASSIMP\include\assimp\Compiler\pushpack1.h(26,21): warning C4081: expected 'newline'; found ')'
C:\Users\Jacob\Desktop\jacobBranch\DolphinEngine_1\External Libs\ASSIMP\include\assimp\Compiler\pushpack1.h(40,29): warning C4081: expected ')'; found 'string'
C:\Users\Jacob\Desktop\jacobBranch\DolphinEngine_1\External Libs\ASSIMP\include\assimp\Compiler\poppack1.h(18,10): warning C4161: #pragma pack(pop...): more pops than pushes
C:\Program Files (x86)\Microsoft Visual Studio\2019\Community\VC\Tools\MSVC\14.28.29333\include\stdarg.h(14,26): warning C4081: expected ')'; found 'string'
C:\Program Files (x86)\Microsoft Visual Studio\2019\Community\VC\Tools\MSVC\14.28.29333\include\stdarg.h(16,1): warning C4079: unexpected token 'string'
C:\Program Files (x86)\Microsoft Visual Studio\2019\Community\VC\Tools\MSVC\14.28.29333\include\stdarg.h(16,1): warning C4081: expected 'newline'; found ')'
C:\Program Files (x86)\Microsoft Visual Studio\2019\Community\VC\Tools\MSVC\14.28.29333\include\stdarg.h(27,1): warning C4161: #pragma pack(pop...): more pops than pushes
C:\Program Files (x86)\Windows Kits\10\Include\10.0.18362.0\ucrt\assert.h(14,1): warning C4079: unexpected token 'string'
C:\Program Files (x86)\Windows Kits\10\Include\10.0.18362.0\ucrt\assert.h(14,1): warning C4081: expected 'newline'; found ')'
C:\Program Files (x86)\Windows Kits\10\Include\10.0.18362.0\ucrt\assert.h(41,1): warning C4161: #pragma pack(pop...): more pops than pushes
C:\Users\Jacob\Desktop\jacobBranch\DolphinEngine_1\DolphinEngine\DolphinEngine\PointLight.cpp(90,1): fatal error C1004: unexpected end-of-file found
  Shader.cpp
C:\Users\Jacob\Desktop\jacobBranch\DolphinEngine_1\DolphinEngine\DolphinEngine\Engine.h(41,9): error C2143: syntax error: missing ';' before '<'
C:\Users\Jacob\Desktop\jacobBranch\DolphinEngine_1\DolphinEngine\DolphinEngine\Engine.h(41,9): error C4430: missing type specifier - int assumed. Note: C++ does not support default-int
C:\Users\Jacob\Desktop\jacobBranch\DolphinEngine_1\DolphinEngine\DolphinEngine\Engine.h(41,35): error C2238: unexpected token(s) preceding ';'
C:\Users\Jacob\Desktop\jacobBranch\DolphinEngine_1\DolphinEngine\DolphinEngine\Engine.h(42,9): error C2143: syntax error: missing ';' before '<'
C:\Users\Jacob\Desktop\jacobBranch\DolphinEngine_1\DolphinEngine\DolphinEngine\Engine.h(42,9): error C4430: missing type specifier - int assumed. Note: C++ does not support default-int
C:\Users\Jacob\Desktop\jacobBranch\DolphinEngine_1\DolphinEngine\DolphinEngine\Engine.h(42,35): error C2238: unexpected token(s) preceding ';'
C:\Users\Jacob\Desktop\jacobBranch\DolphinEngine_1\DolphinEngine\DolphinEngine\Engine.h(43,9): error C2143: syntax error: missing ';' before '<'
C:\Users\Jacob\Desktop\jacobBranch\DolphinEngine_1\DolphinEngine\DolphinEngine\Engine.h(43,9): error C4430: missing type specifier - int assumed. Note: C++ does not support default-int
C:\Users\Jacob\Desktop\jacobBranch\DolphinEngine_1\DolphinEngine\DolphinEngine\Engine.h(43,37): error C2238: unexpected token(s) preceding ';'
C:\Users\Jacob\Desktop\jacobBranch\DolphinEngine_1\DolphinEngine\DolphinEngine\Engine.h(20,6): error C3861: 'MenuLevelPtr': identifier not found
C:\Users\Jacob\Desktop\jacobBranch\DolphinEngine_1\DolphinEngine\DolphinEngine\Engine.h(20,6): message : This diagnostic occurred in the compiler generated function 'void Engine::newLevel(levelType)'
C:\Users\Jacob\Desktop\jacobBranch\DolphinEngine_1\DolphinEngine\DolphinEngine\Engine.h(22,4): error C3861: 'MenuLevels_': identifier not found
C:\Users\Jacob\Desktop\jacobBranch\DolphinEngine_1\DolphinEngine\DolphinEngine\Engine.h(22,4): message : This diagnostic occurred in the compiler generated function 'void Engine::newLevel(levelType)'
C:\Users\Jacob\Desktop\jacobBranch\DolphinEngine_1\DolphinEngine\DolphinEngine\Engine.h(24,7): error C3861: 'PlayLevelPtr': identifier not found
C:\Users\Jacob\Desktop\jacobBranch\DolphinEngine_1\DolphinEngine\DolphinEngine\Engine.h(24,7): message : This diagnostic occurred in the compiler generated function 'void Engine::newLevel(levelType)'
C:\Users\Jacob\Desktop\jacobBranch\DolphinEngine_1\DolphinEngine\DolphinEngine\Engine.h(26,4): error C3861: 'PlayLevels_': identifier not found
C:\Users\Jacob\Desktop\jacobBranch\DolphinEngine_1\DolphinEngine\DolphinEngine\Engine.h(26,4): message : This diagnostic occurred in the compiler generated function 'void Engine::newLevel(levelType)'
C:\Users\Jacob\Desktop\jacobBranch\DolphinEngine_1\DolphinEngine\DolphinEngine\Engine.h(28,7): error C3861: 'DebugLevelPtr': identifier not found
C:\Users\Jacob\Desktop\jacobBranch\DolphinEngine_1\DolphinEngine\DolphinEngine\Engine.h(28,7): message : This diagnostic occurred in the compiler generated function 'void Engine::newLevel(levelType)'
C:\Users\Jacob\Desktop\jacobBranch\DolphinEngine_1\DolphinEngine\DolphinEngine\Engine.h(30,4): error C3861: 'DebugLevels_': identifier not found
C:\Users\Jacob\Desktop\jacobBranch\DolphinEngine_1\DolphinEngine\DolphinEngine\Engine.h(30,4): message : This diagnostic occurred in the compiler generated function 'void Engine::newLevel(levelType)'
C:\Users\Jacob\Desktop\jacobBranch\DolphinEngine_1\DolphinEngine\DolphinEngine\Engine.h(14,18): error C2065: 'Manager': undeclared identifier
C:\Users\Jacob\Desktop\jacobBranch\DolphinEngine_1\DolphinEngine\DolphinEngine\Engine.h(14,26): error C2065: 'MenuLevelPtr': undeclared identifier
C:\Users\Jacob\Desktop\jacobBranch\DolphinEngine_1\DolphinEngine\DolphinEngine\Engine.h(14,1): error C2059: syntax error: ')'
C:\Users\Jacob\Desktop\jacobBranch\DolphinEngine_1\DolphinEngine\DolphinEngine\Engine.h(14,1): error C2612: trailing ')' illegal in base/member initializer list
C:\Users\Jacob\Desktop\jacobBranch\DolphinEngine_1\External Libs\ASSIMP\include\assimp\Compiler\pushpack1.h(26,10): warning C4079: unexpected token 'string'
C:\Users\Jacob\Desktop\jacobBranch\DolphinEngine_1\External Libs\ASSIMP\include\assimp\Compiler\pushpack1.h(26,21): warning C4081: expected 'newline'; found ')'
C:\Users\Jacob\Desktop\jacobBranch\DolphinEngine_1\External Libs\ASSIMP\include\assimp\Compiler\pushpack1.h(40,29): warning C4081: expected ')'; found 'string'
C:\Users\Jacob\Desktop\jacobBranch\DolphinEngine_1\External Libs\ASSIMP\include\assimp\Compiler\poppack1.h(18,10): warning C4161: #pragma pack(pop...): more pops than pushes
C:\Program Files (x86)\Microsoft Visual Studio\2019\Community\VC\Tools\MSVC\14.28.29333\include\algorithm(13,9): warning C4079: unexpected token 'string'
C:\Program Files (x86)\Microsoft Visual Studio\2019\Community\VC\Tools\MSVC\14.28.29333\include\algorithm(13,32): warning C4081: expected 'newline'; found ')'
C:\Program Files (x86)\Microsoft Visual Studio\2019\Community\VC\Tools\MSVC\14.28.29333\include\algorithm(14,23): warning C4081: expected 'constant'; found 'string'
C:\Program Files (x86)\Microsoft Visual Studio\2019\Community\VC\Tools\MSVC\14.28.29333\include\algorithm(15,27): warning C4081: expected ')'; found 'string'
C:\Program Files (x86)\Microsoft Visual Studio\2019\Community\VC\Tools\MSVC\14.28.29333\include\algorithm(4906,28): warning C4081: expected ')'; found 'string'
C:\Program Files (x86)\Microsoft Visual Studio\2019\Community\VC\Tools\MSVC\14.28.29333\include\algorithm(10213,9): warning C4161: #pragma pack(pop...): more pops than pushes
C:\Users\Jacob\Desktop\jacobBranch\DolphinEngine_1\External Libs\ASSIMP\include\assimp\Compiler\pushpack1.h(26,10): warning C4079: unexpected token 'string'
C:\Users\Jacob\Desktop\jacobBranch\DolphinEngine_1\External Libs\ASSIMP\include\assimp\Compiler\pushpack1.h(26,21): warning C4081: expected 'newline'; found ')'
C:\Users\Jacob\Desktop\jacobBranch\DolphinEngine_1\External Libs\ASSIMP\include\assimp\Compiler\pushpack1.h(40,29): warning C4081: expected ')'; found 'string'
C:\Users\Jacob\Desktop\jacobBranch\DolphinEngine_1\External Libs\ASSIMP\include\assimp\Compiler\poppack1.h(18,10): warning C4161: #pragma pack(pop...): more pops than pushes
C:\Users\Jacob\Desktop\jacobBranch\DolphinEngine_1\External Libs\ASSIMP\include\assimp\Compiler\pushpack1.h(26,10): warning C4079: unexpected token 'string'
C:\Users\Jacob\Desktop\jacobBranch\DolphinEngine_1\External Libs\ASSIMP\include\assimp\Compiler\pushpack1.h(26,21): warning C4081: expected 'newline'; found ')'
C:\Users\Jacob\Desktop\jacobBranch\DolphinEngine_1\External Libs\ASSIMP\include\assimp\Compiler\pushpack1.h(40,29): warning C4081: expected ')'; found 'string'
C:\Users\Jacob\Desktop\jacobBranch\DolphinEngine_1\External Libs\ASSIMP\include\assimp\Compiler\poppack1.h(18,10): warning C4161: #pragma pack(pop...): more pops than pushes
C:\Program Files (x86)\Microsoft Visual Studio\2019\Community\VC\Tools\MSVC\14.28.29333\include\stdarg.h(14,26): warning C4081: expected ')'; found 'string'
C:\Program Files (x86)\Microsoft Visual Studio\2019\Community\VC\Tools\MSVC\14.28.29333\include\stdarg.h(16,1): warning C4079: unexpected token 'string'
C:\Program Files (x86)\Microsoft Visual Studio\2019\Community\VC\Tools\MSVC\14.28.29333\include\stdarg.h(16,1): warning C4081: expected 'newline'; found ')'
C:\Program Files (x86)\Microsoft Visual Studio\2019\Community\VC\Tools\MSVC\14.28.29333\include\stdarg.h(27,1): warning C4161: #pragma pack(pop...): more pops than pushes
C:\Program Files (x86)\Windows Kits\10\Include\10.0.18362.0\ucrt\assert.h(14,1): warning C4079: unexpected token 'string'
C:\Program Files (x86)\Windows Kits\10\Include\10.0.18362.0\ucrt\assert.h(14,1): warning C4081: expected 'newline'; found ')'
C:\Program Files (x86)\Windows Kits\10\Include\10.0.18362.0\ucrt\assert.h(41,1): warning C4161: #pragma pack(pop...): more pops than pushes
C:\Users\Jacob\Desktop\jacobBranch\DolphinEngine_1\DolphinEngine\DolphinEngine\Shader.cpp(420,1): fatal error C1004: unexpected end-of-file found
  ShadowMap.cpp
C:\Users\Jacob\Desktop\jacobBranch\DolphinEngine_1\DolphinEngine\DolphinEngine\Engine.h(41,9): error C2143: syntax error: missing ';' before '<'
C:\Users\Jacob\Desktop\jacobBranch\DolphinEngine_1\DolphinEngine\DolphinEngine\Engine.h(41,9): error C4430: missing type specifier - int assumed. Note: C++ does not support default-int
C:\Users\Jacob\Desktop\jacobBranch\DolphinEngine_1\DolphinEngine\DolphinEngine\Engine.h(41,35): error C2238: unexpected token(s) preceding ';'
C:\Users\Jacob\Desktop\jacobBranch\DolphinEngine_1\DolphinEngine\DolphinEngine\Engine.h(42,9): error C2143: syntax error: missing ';' before '<'
C:\Users\Jacob\Desktop\jacobBranch\DolphinEngine_1\DolphinEngine\DolphinEngine\Engine.h(42,9): error C4430: missing type specifier - int assumed. Note: C++ does not support default-int
C:\Users\Jacob\Desktop\jacobBranch\DolphinEngine_1\DolphinEngine\DolphinEngine\Engine.h(42,35): error C2238: unexpected token(s) preceding ';'
C:\Users\Jacob\Desktop\jacobBranch\DolphinEngine_1\DolphinEngine\DolphinEngine\Engine.h(43,9): error C2143: syntax error: missing ';' before '<'
C:\Users\Jacob\Desktop\jacobBranch\DolphinEngine_1\DolphinEngine\DolphinEngine\Engine.h(43,9): error C4430: missing type specifier - int assumed. Note: C++ does not support default-int
C:\Users\Jacob\Desktop\jacobBranch\DolphinEngine_1\DolphinEngine\DolphinEngine\Engine.h(43,37): error C2238: unexpected token(s) preceding ';'
C:\Users\Jacob\Desktop\jacobBranch\DolphinEngine_1\DolphinEngine\DolphinEngine\Engine.h(20,6): error C3861: 'MenuLevelPtr': identifier not found
C:\Users\Jacob\Desktop\jacobBranch\DolphinEngine_1\DolphinEngine\DolphinEngine\Engine.h(20,6): message : This diagnostic occurred in the compiler generated function 'void Engine::newLevel(levelType)'
C:\Users\Jacob\Desktop\jacobBranch\DolphinEngine_1\DolphinEngine\DolphinEngine\Engine.h(22,4): error C3861: 'MenuLevels_': identifier not found
C:\Users\Jacob\Desktop\jacobBranch\DolphinEngine_1\DolphinEngine\DolphinEngine\Engine.h(22,4): message : This diagnostic occurred in the compiler generated function 'void Engine::newLevel(levelType)'
C:\Users\Jacob\Desktop\jacobBranch\DolphinEngine_1\DolphinEngine\DolphinEngine\Engine.h(24,7): error C3861: 'PlayLevelPtr': identifier not found
C:\Users\Jacob\Desktop\jacobBranch\DolphinEngine_1\DolphinEngine\DolphinEngine\Engine.h(24,7): message : This diagnostic occurred in the compiler generated function 'void Engine::newLevel(levelType)'
C:\Users\Jacob\Desktop\jacobBranch\DolphinEngine_1\DolphinEngine\DolphinEngine\Engine.h(26,4): error C3861: 'PlayLevels_': identifier not found
C:\Users\Jacob\Desktop\jacobBranch\DolphinEngine_1\DolphinEngine\DolphinEngine\Engine.h(26,4): message : This diagnostic occurred in the compiler generated function 'void Engine::newLevel(levelType)'
C:\Users\Jacob\Desktop\jacobBranch\DolphinEngine_1\DolphinEngine\DolphinEngine\Engine.h(28,7): error C3861: 'DebugLevelPtr': identifier not found
C:\Users\Jacob\Desktop\jacobBranch\DolphinEngine_1\DolphinEngine\DolphinEngine\Engine.h(28,7): message : This diagnostic occurred in the compiler generated function 'void Engine::newLevel(levelType)'
C:\Users\Jacob\Desktop\jacobBranch\DolphinEngine_1\DolphinEngine\DolphinEngine\Engine.h(30,4): error C3861: 'DebugLevels_': identifier not found
C:\Users\Jacob\Desktop\jacobBranch\DolphinEngine_1\DolphinEngine\DolphinEngine\Engine.h(30,4): message : This diagnostic occurred in the compiler generated function 'void Engine::newLevel(levelType)'
C:\Users\Jacob\Desktop\jacobBranch\DolphinEngine_1\DolphinEngine\DolphinEngine\Engine.h(14,18): error C2065: 'Manager': undeclared identifier
C:\Users\Jacob\Desktop\jacobBranch\DolphinEngine_1\DolphinEngine\DolphinEngine\Engine.h(14,26): error C2065: 'MenuLevelPtr': undeclared identifier
C:\Users\Jacob\Desktop\jacobBranch\DolphinEngine_1\DolphinEngine\DolphinEngine\Engine.h(14,1): error C2059: syntax error: ')'
C:\Users\Jacob\Desktop\jacobBranch\DolphinEngine_1\DolphinEngine\DolphinEngine\Engine.h(14,1): error C2612: trailing ')' illegal in base/member initializer list
C:\Users\Jacob\Desktop\jacobBranch\DolphinEngine_1\External Libs\ASSIMP\include\assimp\Compiler\pushpack1.h(26,10): warning C4079: unexpected token 'string'
C:\Users\Jacob\Desktop\jacobBranch\DolphinEngine_1\External Libs\ASSIMP\include\assimp\Compiler\pushpack1.h(26,21): warning C4081: expected 'newline'; found ')'
C:\Users\Jacob\Desktop\jacobBranch\DolphinEngine_1\External Libs\ASSIMP\include\assimp\Compiler\pushpack1.h(40,29): warning C4081: expected ')'; found 'string'
C:\Users\Jacob\Desktop\jacobBranch\DolphinEngine_1\External Libs\ASSIMP\include\assimp\Compiler\poppack1.h(18,10): warning C4161: #pragma pack(pop...): more pops than pushes
C:\Program Files (x86)\Microsoft Visual Studio\2019\Community\VC\Tools\MSVC\14.28.29333\include\algorithm(13,9): warning C4079: unexpected token 'string'
C:\Program Files (x86)\Microsoft Visual Studio\2019\Community\VC\Tools\MSVC\14.28.29333\include\algorithm(13,32): warning C4081: expected 'newline'; found ')'
C:\Program Files (x86)\Microsoft Visual Studio\2019\Community\VC\Tools\MSVC\14.28.29333\include\algorithm(14,23): warning C4081: expected 'constant'; found 'string'
C:\Program Files (x86)\Microsoft Visual Studio\2019\Community\VC\Tools\MSVC\14.28.29333\include\algorithm(15,27): warning C4081: expected ')'; found 'string'
C:\Program Files (x86)\Microsoft Visual Studio\2019\Community\VC\Tools\MSVC\14.28.29333\include\algorithm(4906,28): warning C4081: expected ')'; found 'string'
C:\Program Files (x86)\Microsoft Visual Studio\2019\Community\VC\Tools\MSVC\14.28.29333\include\algorithm(10213,9): warning C4161: #pragma pack(pop...): more pops than pushes
C:\Users\Jacob\Desktop\jacobBranch\DolphinEngine_1\External Libs\ASSIMP\include\assimp\Compiler\pushpack1.h(26,10): warning C4079: unexpected token 'string'
C:\Users\Jacob\Desktop\jacobBranch\DolphinEngine_1\External Libs\ASSIMP\include\assimp\Compiler\pushpack1.h(26,21): warning C4081: expected 'newline'; found ')'
C:\Users\Jacob\Desktop\jacobBranch\DolphinEngine_1\External Libs\ASSIMP\include\assimp\Compiler\pushpack1.h(40,29): warning C4081: expected ')'; found 'string'
C:\Users\Jacob\Desktop\jacobBranch\DolphinEngine_1\External Libs\ASSIMP\include\assimp\Compiler\poppack1.h(18,10): warning C4161: #pragma pack(pop...): more pops than pushes
C:\Users\Jacob\Desktop\jacobBranch\DolphinEngine_1\External Libs\ASSIMP\include\assimp\Compiler\pushpack1.h(26,10): warning C4079: unexpected token 'string'
C:\Users\Jacob\Desktop\jacobBranch\DolphinEngine_1\External Libs\ASSIMP\include\assimp\Compiler\pushpack1.h(26,21): warning C4081: expected 'newline'; found ')'
C:\Users\Jacob\Desktop\jacobBranch\DolphinEngine_1\External Libs\ASSIMP\include\assimp\Compiler\pushpack1.h(40,29): warning C4081: expected ')'; found 'string'
C:\Users\Jacob\Desktop\jacobBranch\DolphinEngine_1\External Libs\ASSIMP\include\assimp\Compiler\poppack1.h(18,10): warning C4161: #pragma pack(pop...): more pops than pushes
C:\Program Files (x86)\Microsoft Visual Studio\2019\Community\VC\Tools\MSVC\14.28.29333\include\stdarg.h(14,26): warning C4081: expected ')'; found 'string'
C:\Program Files (x86)\Microsoft Visual Studio\2019\Community\VC\Tools\MSVC\14.28.29333\include\stdarg.h(16,1): warning C4079: unexpected token 'string'
C:\Program Files (x86)\Microsoft Visual Studio\2019\Community\VC\Tools\MSVC\14.28.29333\include\stdarg.h(16,1): warning C4081: expected 'newline'; found ')'
C:\Program Files (x86)\Microsoft Visual Studio\2019\Community\VC\Tools\MSVC\14.28.29333\include\stdarg.h(27,1): warning C4161: #pragma pack(pop...): more pops than pushes
C:\Program Files (x86)\Windows Kits\10\Include\10.0.18362.0\ucrt\assert.h(14,1): warning C4079: unexpected token 'string'
C:\Program Files (x86)\Windows Kits\10\Include\10.0.18362.0\ucrt\assert.h(14,1): warning C4081: expected 'newline'; found ')'
C:\Program Files (x86)\Windows Kits\10\Include\10.0.18362.0\ucrt\assert.h(41,1): warning C4161: #pragma pack(pop...): more pops than pushes
C:\Users\Jacob\Desktop\jacobBranch\DolphinEngine_1\DolphinEngine\DolphinEngine\ShadowMap.cpp(77,1): fatal error C1004: unexpected end-of-file found
  Skybox.cpp
C:\Users\Jacob\Desktop\jacobBranch\DolphinEngine_1\DolphinEngine\DolphinEngine\Engine.h(41,9): error C2143: syntax error: missing ';' before '<'
C:\Users\Jacob\Desktop\jacobBranch\DolphinEngine_1\DolphinEngine\DolphinEngine\Engine.h(41,9): error C4430: missing type specifier - int assumed. Note: C++ does not support default-int
C:\Users\Jacob\Desktop\jacobBranch\DolphinEngine_1\DolphinEngine\DolphinEngine\Engine.h(41,35): error C2238: unexpected token(s) preceding ';'
C:\Users\Jacob\Desktop\jacobBranch\DolphinEngine_1\DolphinEngine\DolphinEngine\Engine.h(42,9): error C2143: syntax error: missing ';' before '<'
C:\Users\Jacob\Desktop\jacobBranch\DolphinEngine_1\DolphinEngine\DolphinEngine\Engine.h(42,9): error C4430: missing type specifier - int assumed. Note: C++ does not support default-int
C:\Users\Jacob\Desktop\jacobBranch\DolphinEngine_1\DolphinEngine\DolphinEngine\Engine.h(42,35): error C2238: unexpected token(s) preceding ';'
C:\Users\Jacob\Desktop\jacobBranch\DolphinEngine_1\DolphinEngine\DolphinEngine\Engine.h(43,9): error C2143: syntax error: missing ';' before '<'
C:\Users\Jacob\Desktop\jacobBranch\DolphinEngine_1\DolphinEngine\DolphinEngine\Engine.h(43,9): error C4430: missing type specifier - int assumed. Note: C++ does not support default-int
C:\Users\Jacob\Desktop\jacobBranch\DolphinEngine_1\DolphinEngine\DolphinEngine\Engine.h(43,37): error C2238: unexpected token(s) preceding ';'
C:\Users\Jacob\Desktop\jacobBranch\DolphinEngine_1\DolphinEngine\DolphinEngine\Engine.h(20,6): error C3861: 'MenuLevelPtr': identifier not found
C:\Users\Jacob\Desktop\jacobBranch\DolphinEngine_1\DolphinEngine\DolphinEngine\Engine.h(20,6): message : This diagnostic occurred in the compiler generated function 'void Engine::newLevel(levelType)'
C:\Users\Jacob\Desktop\jacobBranch\DolphinEngine_1\DolphinEngine\DolphinEngine\Engine.h(22,4): error C3861: 'MenuLevels_': identifier not found
C:\Users\Jacob\Desktop\jacobBranch\DolphinEngine_1\DolphinEngine\DolphinEngine\Engine.h(22,4): message : This diagnostic occurred in the compiler generated function 'void Engine::newLevel(levelType)'
C:\Users\Jacob\Desktop\jacobBranch\DolphinEngine_1\DolphinEngine\DolphinEngine\Engine.h(24,7): error C3861: 'PlayLevelPtr': identifier not found
C:\Users\Jacob\Desktop\jacobBranch\DolphinEngine_1\DolphinEngine\DolphinEngine\Engine.h(24,7): message : This diagnostic occurred in the compiler generated function 'void Engine::newLevel(levelType)'
C:\Users\Jacob\Desktop\jacobBranch\DolphinEngine_1\DolphinEngine\DolphinEngine\Engine.h(26,4): error C3861: 'PlayLevels_': identifier not found
C:\Users\Jacob\Desktop\jacobBranch\DolphinEngine_1\DolphinEngine\DolphinEngine\Engine.h(26,4): message : This diagnostic occurred in the compiler generated function 'void Engine::newLevel(levelType)'
C:\Users\Jacob\Desktop\jacobBranch\DolphinEngine_1\DolphinEngine\DolphinEngine\Engine.h(28,7): error C3861: 'DebugLevelPtr': identifier not found
C:\Users\Jacob\Desktop\jacobBranch\DolphinEngine_1\DolphinEngine\DolphinEngine\Engine.h(28,7): message : This diagnostic occurred in the compiler generated function 'void Engine::newLevel(levelType)'
C:\Users\Jacob\Desktop\jacobBranch\DolphinEngine_1\DolphinEngine\DolphinEngine\Engine.h(30,4): error C3861: 'DebugLevels_': identifier not found
C:\Users\Jacob\Desktop\jacobBranch\DolphinEngine_1\DolphinEngine\DolphinEngine\Engine.h(30,4): message : This diagnostic occurred in the compiler generated function 'void Engine::newLevel(levelType)'
C:\Users\Jacob\Desktop\jacobBranch\DolphinEngine_1\DolphinEngine\DolphinEngine\Engine.h(14,18): error C2065: 'Manager': undeclared identifier
C:\Users\Jacob\Desktop\jacobBranch\DolphinEngine_1\DolphinEngine\DolphinEngine\Engine.h(14,26): error C2065: 'MenuLevelPtr': undeclared identifier
C:\Users\Jacob\Desktop\jacobBranch\DolphinEngine_1\DolphinEngine\DolphinEngine\Engine.h(14,1): error C2059: syntax error: ')'
C:\Users\Jacob\Desktop\jacobBranch\DolphinEngine_1\DolphinEngine\DolphinEngine\Engine.h(14,1): error C2612: trailing ')' illegal in base/member initializer list
C:\Users\Jacob\Desktop\jacobBranch\DolphinEngine_1\External Libs\ASSIMP\include\assimp\Compiler\pushpack1.h(26,10): warning C4079: unexpected token 'string'
C:\Users\Jacob\Desktop\jacobBranch\DolphinEngine_1\External Libs\ASSIMP\include\assimp\Compiler\pushpack1.h(26,21): warning C4081: expected 'newline'; found ')'
C:\Users\Jacob\Desktop\jacobBranch\DolphinEngine_1\External Libs\ASSIMP\include\assimp\Compiler\pushpack1.h(40,29): warning C4081: expected ')'; found 'string'
C:\Users\Jacob\Desktop\jacobBranch\DolphinEngine_1\External Libs\ASSIMP\include\assimp\Compiler\poppack1.h(18,10): warning C4161: #pragma pack(pop...): more pops than pushes
C:\Program Files (x86)\Microsoft Visual Studio\2019\Community\VC\Tools\MSVC\14.28.29333\include\algorithm(13,9): warning C4079: unexpected token 'string'
C:\Program Files (x86)\Microsoft Visual Studio\2019\Community\VC\Tools\MSVC\14.28.29333\include\algorithm(13,32): warning C4081: expected 'newline'; found ')'
C:\Program Files (x86)\Microsoft Visual Studio\2019\Community\VC\Tools\MSVC\14.28.29333\include\algorithm(14,23): warning C4081: expected 'constant'; found 'string'
C:\Program Files (x86)\Microsoft Visual Studio\2019\Community\VC\Tools\MSVC\14.28.29333\include\algorithm(15,27): warning C4081: expected ')'; found 'string'
C:\Program Files (x86)\Microsoft Visual Studio\2019\Community\VC\Tools\MSVC\14.28.29333\include\algorithm(4906,28): warning C4081: expected ')'; found 'string'
C:\Program Files (x86)\Microsoft Visual Studio\2019\Community\VC\Tools\MSVC\14.28.29333\include\algorithm(10213,9): warning C4161: #pragma pack(pop...): more pops than pushes
C:\Users\Jacob\Desktop\jacobBranch\DolphinEngine_1\External Libs\ASSIMP\include\assimp\Compiler\pushpack1.h(26,10): warning C4079: unexpected token 'string'
C:\Users\Jacob\Desktop\jacobBranch\DolphinEngine_1\External Libs\ASSIMP\include\assimp\Compiler\pushpack1.h(26,21): warning C4081: expected 'newline'; found ')'
C:\Users\Jacob\Desktop\jacobBranch\DolphinEngine_1\External Libs\ASSIMP\include\assimp\Compiler\pushpack1.h(40,29): warning C4081: expected ')'; found 'string'
C:\Users\Jacob\Desktop\jacobBranch\DolphinEngine_1\External Libs\ASSIMP\include\assimp\Compiler\poppack1.h(18,10): warning C4161: #pragma pack(pop...): more pops than pushes
C:\Users\Jacob\Desktop\jacobBranch\DolphinEngine_1\External Libs\ASSIMP\include\assimp\Compiler\pushpack1.h(26,10): warning C4079: unexpected token 'string'
C:\Users\Jacob\Desktop\jacobBranch\DolphinEngine_1\External Libs\ASSIMP\include\assimp\Compiler\pushpack1.h(26,21): warning C4081: expected 'newline'; found ')'
C:\Users\Jacob\Desktop\jacobBranch\DolphinEngine_1\External Libs\ASSIMP\include\assimp\Compiler\pushpack1.h(40,29): warning C4081: expected ')'; found 'string'
C:\Users\Jacob\Desktop\jacobBranch\DolphinEngine_1\External Libs\ASSIMP\include\assimp\Compiler\poppack1.h(18,10): warning C4161: #pragma pack(pop...): more pops than pushes
C:\Program Files (x86)\Microsoft Visual Studio\2019\Community\VC\Tools\MSVC\14.28.29333\include\stdarg.h(14,26): warning C4081: expected ')'; found 'string'
C:\Program Files (x86)\Microsoft Visual Studio\2019\Community\VC\Tools\MSVC\14.28.29333\include\stdarg.h(16,1): warning C4079: unexpected token 'string'
C:\Program Files (x86)\Microsoft Visual Studio\2019\Community\VC\Tools\MSVC\14.28.29333\include\stdarg.h(16,1): warning C4081: expected 'newline'; found ')'
C:\Program Files (x86)\Microsoft Visual Studio\2019\Community\VC\Tools\MSVC\14.28.29333\include\stdarg.h(27,1): warning C4161: #pragma pack(pop...): more pops than pushes
C:\Program Files (x86)\Windows Kits\10\Include\10.0.18362.0\ucrt\assert.h(14,1): warning C4079: unexpected token 'string'
C:\Program Files (x86)\Windows Kits\10\Include\10.0.18362.0\ucrt\assert.h(14,1): warning C4081: expected 'newline'; found ')'
C:\Program Files (x86)\Windows Kits\10\Include\10.0.18362.0\ucrt\assert.h(41,1): warning C4161: #pragma pack(pop...): more pops than pushes
C:\Users\Jacob\Desktop\jacobBranch\DolphinEngine_1\DolphinEngine\DolphinEngine\Skybox.cpp(112,1): fatal error C1004: unexpected end-of-file found
  Generating Code...
C:\Users\Jacob\Desktop\jacobBranch\DolphinEngine_1\DolphinEngine\DolphinEngine\Object.cpp(7): error C4716: 'BaseObject::checkRenderReady': must return a value
  Compiling...
  SpotLight.cpp
C:\Users\Jacob\Desktop\jacobBranch\DolphinEngine_1\DolphinEngine\DolphinEngine\Engine.h(41,9): error C2143: syntax error: missing ';' before '<'
C:\Users\Jacob\Desktop\jacobBranch\DolphinEngine_1\DolphinEngine\DolphinEngine\Engine.h(41,9): error C4430: missing type specifier - int assumed. Note: C++ does not support default-int
C:\Users\Jacob\Desktop\jacobBranch\DolphinEngine_1\DolphinEngine\DolphinEngine\Engine.h(41,35): error C2238: unexpected token(s) preceding ';'
C:\Users\Jacob\Desktop\jacobBranch\DolphinEngine_1\DolphinEngine\DolphinEngine\Engine.h(42,9): error C2143: syntax error: missing ';' before '<'
C:\Users\Jacob\Desktop\jacobBranch\DolphinEngine_1\DolphinEngine\DolphinEngine\Engine.h(42,9): error C4430: missing type specifier - int assumed. Note: C++ does not support default-int
C:\Users\Jacob\Desktop\jacobBranch\DolphinEngine_1\DolphinEngine\DolphinEngine\Engine.h(42,35): error C2238: unexpected token(s) preceding ';'
C:\Users\Jacob\Desktop\jacobBranch\DolphinEngine_1\DolphinEngine\DolphinEngine\Engine.h(43,9): error C2143: syntax error: missing ';' before '<'
C:\Users\Jacob\Desktop\jacobBranch\DolphinEngine_1\DolphinEngine\DolphinEngine\Engine.h(43,9): error C4430: missing type specifier - int assumed. Note: C++ does not support default-int
C:\Users\Jacob\Desktop\jacobBranch\DolphinEngine_1\DolphinEngine\DolphinEngine\Engine.h(43,37): error C2238: unexpected token(s) preceding ';'
C:\Users\Jacob\Desktop\jacobBranch\DolphinEngine_1\DolphinEngine\DolphinEngine\Engine.h(20,6): error C3861: 'MenuLevelPtr': identifier not found
C:\Users\Jacob\Desktop\jacobBranch\DolphinEngine_1\DolphinEngine\DolphinEngine\Engine.h(20,6): message : This diagnostic occurred in the compiler generated function 'void Engine::newLevel(levelType)'
C:\Users\Jacob\Desktop\jacobBranch\DolphinEngine_1\DolphinEngine\DolphinEngine\Engine.h(22,4): error C3861: 'MenuLevels_': identifier not found
C:\Users\Jacob\Desktop\jacobBranch\DolphinEngine_1\DolphinEngine\DolphinEngine\Engine.h(22,4): message : This diagnostic occurred in the compiler generated function 'void Engine::newLevel(levelType)'
C:\Users\Jacob\Desktop\jacobBranch\DolphinEngine_1\DolphinEngine\DolphinEngine\Engine.h(24,7): error C3861: 'PlayLevelPtr': identifier not found
C:\Users\Jacob\Desktop\jacobBranch\DolphinEngine_1\DolphinEngine\DolphinEngine\Engine.h(24,7): message : This diagnostic occurred in the compiler generated function 'void Engine::newLevel(levelType)'
C:\Users\Jacob\Desktop\jacobBranch\DolphinEngine_1\DolphinEngine\DolphinEngine\Engine.h(26,4): error C3861: 'PlayLevels_': identifier not found
C:\Users\Jacob\Desktop\jacobBranch\DolphinEngine_1\DolphinEngine\DolphinEngine\Engine.h(26,4): message : This diagnostic occurred in the compiler generated function 'void Engine::newLevel(levelType)'
C:\Users\Jacob\Desktop\jacobBranch\DolphinEngine_1\DolphinEngine\DolphinEngine\Engine.h(28,7): error C3861: 'DebugLevelPtr': identifier not found
C:\Users\Jacob\Desktop\jacobBranch\DolphinEngine_1\DolphinEngine\DolphinEngine\Engine.h(28,7): message : This diagnostic occurred in the compiler generated function 'void Engine::newLevel(levelType)'
C:\Users\Jacob\Desktop\jacobBranch\DolphinEngine_1\DolphinEngine\DolphinEngine\Engine.h(30,4): error C3861: 'DebugLevels_': identifier not found
C:\Users\Jacob\Desktop\jacobBranch\DolphinEngine_1\DolphinEngine\DolphinEngine\Engine.h(30,4): message : This diagnostic occurred in the compiler generated function 'void Engine::newLevel(levelType)'
C:\Users\Jacob\Desktop\jacobBranch\DolphinEngine_1\DolphinEngine\DolphinEngine\Engine.h(14,18): error C2065: 'Manager': undeclared identifier
C:\Users\Jacob\Desktop\jacobBranch\DolphinEngine_1\DolphinEngine\DolphinEngine\Engine.h(14,26): error C2065: 'MenuLevelPtr': undeclared identifier
C:\Users\Jacob\Desktop\jacobBranch\DolphinEngine_1\DolphinEngine\DolphinEngine\Engine.h(14,1): error C2059: syntax error: ')'
C:\Users\Jacob\Desktop\jacobBranch\DolphinEngine_1\DolphinEngine\DolphinEngine\Engine.h(14,1): error C2612: trailing ')' illegal in base/member initializer list
C:\Users\Jacob\Desktop\jacobBranch\DolphinEngine_1\External Libs\ASSIMP\include\assimp\Compiler\pushpack1.h(26,10): warning C4079: unexpected token 'string'
C:\Users\Jacob\Desktop\jacobBranch\DolphinEngine_1\External Libs\ASSIMP\include\assimp\Compiler\pushpack1.h(26,21): warning C4081: expected 'newline'; found ')'
C:\Users\Jacob\Desktop\jacobBranch\DolphinEngine_1\External Libs\ASSIMP\include\assimp\Compiler\pushpack1.h(40,29): warning C4081: expected ')'; found 'string'
C:\Users\Jacob\Desktop\jacobBranch\DolphinEngine_1\External Libs\ASSIMP\include\assimp\Compiler\poppack1.h(18,10): warning C4161: #pragma pack(pop...): more pops than pushes
C:\Program Files (x86)\Microsoft Visual Studio\2019\Community\VC\Tools\MSVC\14.28.29333\include\algorithm(13,9): warning C4079: unexpected token 'string'
C:\Program Files (x86)\Microsoft Visual Studio\2019\Community\VC\Tools\MSVC\14.28.29333\include\algorithm(13,32): warning C4081: expected 'newline'; found ')'
C:\Program Files (x86)\Microsoft Visual Studio\2019\Community\VC\Tools\MSVC\14.28.29333\include\algorithm(14,23): warning C4081: expected 'constant'; found 'string'
C:\Program Files (x86)\Microsoft Visual Studio\2019\Community\VC\Tools\MSVC\14.28.29333\include\algorithm(15,27): warning C4081: expected ')'; found 'string'
C:\Program Files (x86)\Microsoft Visual Studio\2019\Community\VC\Tools\MSVC\14.28.29333\include\algorithm(4906,28): warning C4081: expected ')'; found 'string'
C:\Program Files (x86)\Microsoft Visual Studio\2019\Community\VC\Tools\MSVC\14.28.29333\include\algorithm(10213,9): warning C4161: #pragma pack(pop...): more pops than pushes
C:\Users\Jacob\Desktop\jacobBranch\DolphinEngine_1\External Libs\ASSIMP\include\assimp\Compiler\pushpack1.h(26,10): warning C4079: unexpected token 'string'
C:\Users\Jacob\Desktop\jacobBranch\DolphinEngine_1\External Libs\ASSIMP\include\assimp\Compiler\pushpack1.h(26,21): warning C4081: expected 'newline'; found ')'
C:\Users\Jacob\Desktop\jacobBranch\DolphinEngine_1\External Libs\ASSIMP\include\assimp\Compiler\pushpack1.h(40,29): warning C4081: expected ')'; found 'string'
C:\Users\Jacob\Desktop\jacobBranch\DolphinEngine_1\External Libs\ASSIMP\include\assimp\Compiler\poppack1.h(18,10): warning C4161: #pragma pack(pop...): more pops than pushes
C:\Users\Jacob\Desktop\jacobBranch\DolphinEngine_1\External Libs\ASSIMP\include\assimp\Compiler\pushpack1.h(26,10): warning C4079: unexpected token 'string'
C:\Users\Jacob\Desktop\jacobBranch\DolphinEngine_1\External Libs\ASSIMP\include\assimp\Compiler\pushpack1.h(26,21): warning C4081: expected 'newline'; found ')'
C:\Users\Jacob\Desktop\jacobBranch\DolphinEngine_1\External Libs\ASSIMP\include\assimp\Compiler\pushpack1.h(40,29): warning C4081: expected ')'; found 'string'
C:\Users\Jacob\Desktop\jacobBranch\DolphinEngine_1\External Libs\ASSIMP\include\assimp\Compiler\poppack1.h(18,10): warning C4161: #pragma pack(pop...): more pops than pushes
C:\Program Files (x86)\Microsoft Visual Studio\2019\Community\VC\Tools\MSVC\14.28.29333\include\stdarg.h(14,26): warning C4081: expected ')'; found 'string'
C:\Program Files (x86)\Microsoft Visual Studio\2019\Community\VC\Tools\MSVC\14.28.29333\include\stdarg.h(16,1): warning C4079: unexpected token 'string'
C:\Program Files (x86)\Microsoft Visual Studio\2019\Community\VC\Tools\MSVC\14.28.29333\include\stdarg.h(16,1): warning C4081: expected 'newline'; found ')'
C:\Program Files (x86)\Microsoft Visual Studio\2019\Community\VC\Tools\MSVC\14.28.29333\include\stdarg.h(27,1): warning C4161: #pragma pack(pop...): more pops than pushes
C:\Program Files (x86)\Windows Kits\10\Include\10.0.18362.0\ucrt\assert.h(14,1): warning C4079: unexpected token 'string'
C:\Program Files (x86)\Windows Kits\10\Include\10.0.18362.0\ucrt\assert.h(14,1): warning C4081: expected 'newline'; found ')'
C:\Program Files (x86)\Windows Kits\10\Include\10.0.18362.0\ucrt\assert.h(41,1): warning C4161: #pragma pack(pop...): more pops than pushes
C:\Users\Jacob\Desktop\jacobBranch\DolphinEngine_1\DolphinEngine\DolphinEngine\SpotLight.cpp(72,1): fatal error C1004: unexpected end-of-file found
  Texture.cpp
C:\Users\Jacob\Desktop\jacobBranch\DolphinEngine_1\DolphinEngine\DolphinEngine\Engine.h(41,9): error C2143: syntax error: missing ';' before '<'
C:\Users\Jacob\Desktop\jacobBranch\DolphinEngine_1\DolphinEngine\DolphinEngine\Engine.h(41,9): error C4430: missing type specifier - int assumed. Note: C++ does not support default-int
C:\Users\Jacob\Desktop\jacobBranch\DolphinEngine_1\DolphinEngine\DolphinEngine\Engine.h(41,35): error C2238: unexpected token(s) preceding ';'
C:\Users\Jacob\Desktop\jacobBranch\DolphinEngine_1\DolphinEngine\DolphinEngine\Engine.h(42,9): error C2143: syntax error: missing ';' before '<'
C:\Users\Jacob\Desktop\jacobBranch\DolphinEngine_1\DolphinEngine\DolphinEngine\Engine.h(42,9): error C4430: missing type specifier - int assumed. Note: C++ does not support default-int
C:\Users\Jacob\Desktop\jacobBranch\DolphinEngine_1\DolphinEngine\DolphinEngine\Engine.h(42,35): error C2238: unexpected token(s) preceding ';'
C:\Users\Jacob\Desktop\jacobBranch\DolphinEngine_1\DolphinEngine\DolphinEngine\Engine.h(43,9): error C2143: syntax error: missing ';' before '<'
C:\Users\Jacob\Desktop\jacobBranch\DolphinEngine_1\DolphinEngine\DolphinEngine\Engine.h(43,9): error C4430: missing type specifier - int assumed. Note: C++ does not support default-int
C:\Users\Jacob\Desktop\jacobBranch\DolphinEngine_1\DolphinEngine\DolphinEngine\Engine.h(43,37): error C2238: unexpected token(s) preceding ';'
C:\Users\Jacob\Desktop\jacobBranch\DolphinEngine_1\DolphinEngine\DolphinEngine\Engine.h(20,6): error C3861: 'MenuLevelPtr': identifier not found
C:\Users\Jacob\Desktop\jacobBranch\DolphinEngine_1\DolphinEngine\DolphinEngine\Engine.h(20,6): message : This diagnostic occurred in the compiler generated function 'void Engine::newLevel(levelType)'
C:\Users\Jacob\Desktop\jacobBranch\DolphinEngine_1\DolphinEngine\DolphinEngine\Engine.h(22,4): error C3861: 'MenuLevels_': identifier not found
C:\Users\Jacob\Desktop\jacobBranch\DolphinEngine_1\DolphinEngine\DolphinEngine\Engine.h(22,4): message : This diagnostic occurred in the compiler generated function 'void Engine::newLevel(levelType)'
C:\Users\Jacob\Desktop\jacobBranch\DolphinEngine_1\DolphinEngine\DolphinEngine\Engine.h(24,7): error C3861: 'PlayLevelPtr': identifier not found
C:\Users\Jacob\Desktop\jacobBranch\DolphinEngine_1\DolphinEngine\DolphinEngine\Engine.h(24,7): message : This diagnostic occurred in the compiler generated function 'void Engine::newLevel(levelType)'
C:\Users\Jacob\Desktop\jacobBranch\DolphinEngine_1\DolphinEngine\DolphinEngine\Engine.h(26,4): error C3861: 'PlayLevels_': identifier not found
C:\Users\Jacob\Desktop\jacobBranch\DolphinEngine_1\DolphinEngine\DolphinEngine\Engine.h(26,4): message : This diagnostic occurred in the compiler generated function 'void Engine::newLevel(levelType)'
C:\Users\Jacob\Desktop\jacobBranch\DolphinEngine_1\DolphinEngine\DolphinEngine\Engine.h(28,7): error C3861: 'DebugLevelPtr': identifier not found
C:\Users\Jacob\Desktop\jacobBranch\DolphinEngine_1\DolphinEngine\DolphinEngine\Engine.h(28,7): message : This diagnostic occurred in the compiler generated function 'void Engine::newLevel(levelType)'
C:\Users\Jacob\Desktop\jacobBranch\DolphinEngine_1\DolphinEngine\DolphinEngine\Engine.h(30,4): error C3861: 'DebugLevels_': identifier not found
C:\Users\Jacob\Desktop\jacobBranch\DolphinEngine_1\DolphinEngine\DolphinEngine\Engine.h(30,4): message : This diagnostic occurred in the compiler generated function 'void Engine::newLevel(levelType)'
C:\Users\Jacob\Desktop\jacobBranch\DolphinEngine_1\DolphinEngine\DolphinEngine\Engine.h(14,18): error C2065: 'Manager': undeclared identifier
C:\Users\Jacob\Desktop\jacobBranch\DolphinEngine_1\DolphinEngine\DolphinEngine\Engine.h(14,26): error C2065: 'MenuLevelPtr': undeclared identifier
C:\Users\Jacob\Desktop\jacobBranch\DolphinEngine_1\DolphinEngine\DolphinEngine\Engine.h(14,1): error C2059: syntax error: ')'
C:\Users\Jacob\Desktop\jacobBranch\DolphinEngine_1\DolphinEngine\DolphinEngine\Engine.h(14,1): error C2612: trailing ')' illegal in base/member initializer list
C:\Users\Jacob\Desktop\jacobBranch\DolphinEngine_1\External Libs\ASSIMP\include\assimp\Compiler\pushpack1.h(26,10): warning C4079: unexpected token 'string'
C:\Users\Jacob\Desktop\jacobBranch\DolphinEngine_1\External Libs\ASSIMP\include\assimp\Compiler\pushpack1.h(26,21): warning C4081: expected 'newline'; found ')'
C:\Users\Jacob\Desktop\jacobBranch\DolphinEngine_1\External Libs\ASSIMP\include\assimp\Compiler\pushpack1.h(40,29): warning C4081: expected ')'; found 'string'
C:\Users\Jacob\Desktop\jacobBranch\DolphinEngine_1\External Libs\ASSIMP\include\assimp\Compiler\poppack1.h(18,10): warning C4161: #pragma pack(pop...): more pops than pushes
C:\Program Files (x86)\Microsoft Visual Studio\2019\Community\VC\Tools\MSVC\14.28.29333\include\algorithm(13,9): warning C4079: unexpected token 'string'
C:\Program Files (x86)\Microsoft Visual Studio\2019\Community\VC\Tools\MSVC\14.28.29333\include\algorithm(13,32): warning C4081: expected 'newline'; found ')'
C:\Program Files (x86)\Microsoft Visual Studio\2019\Community\VC\Tools\MSVC\14.28.29333\include\algorithm(14,23): warning C4081: expected 'constant'; found 'string'
C:\Program Files (x86)\Microsoft Visual Studio\2019\Community\VC\Tools\MSVC\14.28.29333\include\algorithm(15,27): warning C4081: expected ')'; found 'string'
C:\Program Files (x86)\Microsoft Visual Studio\2019\Community\VC\Tools\MSVC\14.28.29333\include\algorithm(4906,28): warning C4081: expected ')'; found 'string'
C:\Program Files (x86)\Microsoft Visual Studio\2019\Community\VC\Tools\MSVC\14.28.29333\include\algorithm(10213,9): warning C4161: #pragma pack(pop...): more pops than pushes
C:\Users\Jacob\Desktop\jacobBranch\DolphinEngine_1\External Libs\ASSIMP\include\assimp\Compiler\pushpack1.h(26,10): warning C4079: unexpected token 'string'
C:\Users\Jacob\Desktop\jacobBranch\DolphinEngine_1\External Libs\ASSIMP\include\assimp\Compiler\pushpack1.h(26,21): warning C4081: expected 'newline'; found ')'
C:\Users\Jacob\Desktop\jacobBranch\DolphinEngine_1\External Libs\ASSIMP\include\assimp\Compiler\pushpack1.h(40,29): warning C4081: expected ')'; found 'string'
C:\Users\Jacob\Desktop\jacobBranch\DolphinEngine_1\External Libs\ASSIMP\include\assimp\Compiler\poppack1.h(18,10): warning C4161: #pragma pack(pop...): more pops than pushes
C:\Users\Jacob\Desktop\jacobBranch\DolphinEngine_1\External Libs\ASSIMP\include\assimp\Compiler\pushpack1.h(26,10): warning C4079: unexpected token 'string'
C:\Users\Jacob\Desktop\jacobBranch\DolphinEngine_1\External Libs\ASSIMP\include\assimp\Compiler\pushpack1.h(26,21): warning C4081: expected 'newline'; found ')'
C:\Users\Jacob\Desktop\jacobBranch\DolphinEngine_1\External Libs\ASSIMP\include\assimp\Compiler\pushpack1.h(40,29): warning C4081: expected ')'; found 'string'
C:\Users\Jacob\Desktop\jacobBranch\DolphinEngine_1\External Libs\ASSIMP\include\assimp\Compiler\poppack1.h(18,10): warning C4161: #pragma pack(pop...): more pops than pushes
C:\Program Files (x86)\Microsoft Visual Studio\2019\Community\VC\Tools\MSVC\14.28.29333\include\stdarg.h(14,26): warning C4081: expected ')'; found 'string'
C:\Program Files (x86)\Microsoft Visual Studio\2019\Community\VC\Tools\MSVC\14.28.29333\include\stdarg.h(16,1): warning C4079: unexpected token 'string'
C:\Program Files (x86)\Microsoft Visual Studio\2019\Community\VC\Tools\MSVC\14.28.29333\include\stdarg.h(16,1): warning C4081: expected 'newline'; found ')'
C:\Program Files (x86)\Microsoft Visual Studio\2019\Community\VC\Tools\MSVC\14.28.29333\include\stdarg.h(27,1): warning C4161: #pragma pack(pop...): more pops than pushes
C:\Program Files (x86)\Windows Kits\10\Include\10.0.18362.0\ucrt\assert.h(14,1): warning C4079: unexpected token 'string'
C:\Program Files (x86)\Windows Kits\10\Include\10.0.18362.0\ucrt\assert.h(14,1): warning C4081: expected 'newline'; found ')'
C:\Program Files (x86)\Windows Kits\10\Include\10.0.18362.0\ucrt\assert.h(41,1): warning C4161: #pragma pack(pop...): more pops than pushes
C:\Users\Jacob\Desktop\jacobBranch\DolphinEngine_1\DolphinEngine\DolphinEngine\Texture.cpp(103,1): fatal error C1004: unexpected end-of-file found
  Transform.cpp
C:\Users\Jacob\Desktop\jacobBranch\DolphinEngine_1\DolphinEngine\DolphinEngine\Engine.h(41,9): error C2143: syntax error: missing ';' before '<'
C:\Users\Jacob\Desktop\jacobBranch\DolphinEngine_1\DolphinEngine\DolphinEngine\Engine.h(41,9): error C4430: missing type specifier - int assumed. Note: C++ does not support default-int
C:\Users\Jacob\Desktop\jacobBranch\DolphinEngine_1\DolphinEngine\DolphinEngine\Engine.h(41,35): error C2238: unexpected token(s) preceding ';'
C:\Users\Jacob\Desktop\jacobBranch\DolphinEngine_1\DolphinEngine\DolphinEngine\Engine.h(42,9): error C2143: syntax error: missing ';' before '<'
C:\Users\Jacob\Desktop\jacobBranch\DolphinEngine_1\DolphinEngine\DolphinEngine\Engine.h(42,9): error C4430: missing type specifier - int assumed. Note: C++ does not support default-int
C:\Users\Jacob\Desktop\jacobBranch\DolphinEngine_1\DolphinEngine\DolphinEngine\Engine.h(42,35): error C2238: unexpected token(s) preceding ';'
C:\Users\Jacob\Desktop\jacobBranch\DolphinEngine_1\DolphinEngine\DolphinEngine\Engine.h(43,9): error C2143: syntax error: missing ';' before '<'
C:\Users\Jacob\Desktop\jacobBranch\DolphinEngine_1\DolphinEngine\DolphinEngine\Engine.h(43,9): error C4430: missing type specifier - int assumed. Note: C++ does not support default-int
C:\Users\Jacob\Desktop\jacobBranch\DolphinEngine_1\DolphinEngine\DolphinEngine\Engine.h(43,37): error C2238: unexpected token(s) preceding ';'
C:\Users\Jacob\Desktop\jacobBranch\DolphinEngine_1\DolphinEngine\DolphinEngine\Engine.h(20,6): error C3861: 'MenuLevelPtr': identifier not found
C:\Users\Jacob\Desktop\jacobBranch\DolphinEngine_1\DolphinEngine\DolphinEngine\Engine.h(20,6): message : This diagnostic occurred in the compiler generated function 'void Engine::newLevel(levelType)'
C:\Users\Jacob\Desktop\jacobBranch\DolphinEngine_1\DolphinEngine\DolphinEngine\Engine.h(22,4): error C3861: 'MenuLevels_': identifier not found
C:\Users\Jacob\Desktop\jacobBranch\DolphinEngine_1\DolphinEngine\DolphinEngine\Engine.h(22,4): message : This diagnostic occurred in the compiler generated function 'void Engine::newLevel(levelType)'
C:\Users\Jacob\Desktop\jacobBranch\DolphinEngine_1\DolphinEngine\DolphinEngine\Engine.h(24,7): error C3861: 'PlayLevelPtr': identifier not found
C:\Users\Jacob\Desktop\jacobBranch\DolphinEngine_1\DolphinEngine\DolphinEngine\Engine.h(24,7): message : This diagnostic occurred in the compiler generated function 'void Engine::newLevel(levelType)'
C:\Users\Jacob\Desktop\jacobBranch\DolphinEngine_1\DolphinEngine\DolphinEngine\Engine.h(26,4): error C3861: 'PlayLevels_': identifier not found
C:\Users\Jacob\Desktop\jacobBranch\DolphinEngine_1\DolphinEngine\DolphinEngine\Engine.h(26,4): message : This diagnostic occurred in the compiler generated function 'void Engine::newLevel(levelType)'
C:\Users\Jacob\Desktop\jacobBranch\DolphinEngine_1\DolphinEngine\DolphinEngine\Engine.h(28,7): error C3861: 'DebugLevelPtr': identifier not found
C:\Users\Jacob\Desktop\jacobBranch\DolphinEngine_1\DolphinEngine\DolphinEngine\Engine.h(28,7): message : This diagnostic occurred in the compiler generated function 'void Engine::newLevel(levelType)'
C:\Users\Jacob\Desktop\jacobBranch\DolphinEngine_1\DolphinEngine\DolphinEngine\Engine.h(30,4): error C3861: 'DebugLevels_': identifier not found
C:\Users\Jacob\Desktop\jacobBranch\DolphinEngine_1\DolphinEngine\DolphinEngine\Engine.h(30,4): message : This diagnostic occurred in the compiler generated function 'void Engine::newLevel(levelType)'
C:\Users\Jacob\Desktop\jacobBranch\DolphinEngine_1\DolphinEngine\DolphinEngine\Engine.h(14,18): error C2065: 'Manager': undeclared identifier
C:\Users\Jacob\Desktop\jacobBranch\DolphinEngine_1\DolphinEngine\DolphinEngine\Engine.h(14,26): error C2065: 'MenuLevelPtr': undeclared identifier
C:\Users\Jacob\Desktop\jacobBranch\DolphinEngine_1\DolphinEngine\DolphinEngine\Engine.h(14,1): error C2059: syntax error: ')'
C:\Users\Jacob\Desktop\jacobBranch\DolphinEngine_1\DolphinEngine\DolphinEngine\Engine.h(14,1): error C2612: trailing ')' illegal in base/member initializer list
C:\Users\Jacob\Desktop\jacobBranch\DolphinEngine_1\External Libs\ASSIMP\include\assimp\Compiler\pushpack1.h(26,10): warning C4079: unexpected token 'string'
C:\Users\Jacob\Desktop\jacobBranch\DolphinEngine_1\External Libs\ASSIMP\include\assimp\Compiler\pushpack1.h(26,21): warning C4081: expected 'newline'; found ')'
C:\Users\Jacob\Desktop\jacobBranch\DolphinEngine_1\External Libs\ASSIMP\include\assimp\Compiler\pushpack1.h(40,29): warning C4081: expected ')'; found 'string'
C:\Users\Jacob\Desktop\jacobBranch\DolphinEngine_1\External Libs\ASSIMP\include\assimp\Compiler\poppack1.h(18,10): warning C4161: #pragma pack(pop...): more pops than pushes
C:\Program Files (x86)\Microsoft Visual Studio\2019\Community\VC\Tools\MSVC\14.28.29333\include\algorithm(13,9): warning C4079: unexpected token 'string'
C:\Program Files (x86)\Microsoft Visual Studio\2019\Community\VC\Tools\MSVC\14.28.29333\include\algorithm(13,32): warning C4081: expected 'newline'; found ')'
C:\Program Files (x86)\Microsoft Visual Studio\2019\Community\VC\Tools\MSVC\14.28.29333\include\algorithm(14,23): warning C4081: expected 'constant'; found 'string'
C:\Program Files (x86)\Microsoft Visual Studio\2019\Community\VC\Tools\MSVC\14.28.29333\include\algorithm(15,27): warning C4081: expected ')'; found 'string'
C:\Program Files (x86)\Microsoft Visual Studio\2019\Community\VC\Tools\MSVC\14.28.29333\include\algorithm(4906,28): warning C4081: expected ')'; found 'string'
C:\Program Files (x86)\Microsoft Visual Studio\2019\Community\VC\Tools\MSVC\14.28.29333\include\algorithm(10213,9): warning C4161: #pragma pack(pop...): more pops than pushes
C:\Users\Jacob\Desktop\jacobBranch\DolphinEngine_1\External Libs\ASSIMP\include\assimp\Compiler\pushpack1.h(26,10): warning C4079: unexpected token 'string'
C:\Users\Jacob\Desktop\jacobBranch\DolphinEngine_1\External Libs\ASSIMP\include\assimp\Compiler\pushpack1.h(26,21): warning C4081: expected 'newline'; found ')'
C:\Users\Jacob\Desktop\jacobBranch\DolphinEngine_1\External Libs\ASSIMP\include\assimp\Compiler\pushpack1.h(40,29): warning C4081: expected ')'; found 'string'
C:\Users\Jacob\Desktop\jacobBranch\DolphinEngine_1\External Libs\ASSIMP\include\assimp\Compiler\poppack1.h(18,10): warning C4161: #pragma pack(pop...): more pops than pushes
C:\Users\Jacob\Desktop\jacobBranch\DolphinEngine_1\External Libs\ASSIMP\include\assimp\Compiler\pushpack1.h(26,10): warning C4079: unexpected token 'string'
C:\Users\Jacob\Desktop\jacobBranch\DolphinEngine_1\External Libs\ASSIMP\include\assimp\Compiler\pushpack1.h(26,21): warning C4081: expected 'newline'; found ')'
C:\Users\Jacob\Desktop\jacobBranch\DolphinEngine_1\External Libs\ASSIMP\include\assimp\Compiler\pushpack1.h(40,29): warning C4081: expected ')'; found 'string'
C:\Users\Jacob\Desktop\jacobBranch\DolphinEngine_1\External Libs\ASSIMP\include\assimp\Compiler\poppack1.h(18,10): warning C4161: #pragma pack(pop...): more pops than pushes
C:\Program Files (x86)\Microsoft Visual Studio\2019\Community\VC\Tools\MSVC\14.28.29333\include\stdarg.h(14,26): warning C4081: expected ')'; found 'string'
C:\Program Files (x86)\Microsoft Visual Studio\2019\Community\VC\Tools\MSVC\14.28.29333\include\stdarg.h(16,1): warning C4079: unexpected token 'string'
C:\Program Files (x86)\Microsoft Visual Studio\2019\Community\VC\Tools\MSVC\14.28.29333\include\stdarg.h(16,1): warning C4081: expected 'newline'; found ')'
C:\Program Files (x86)\Microsoft Visual Studio\2019\Community\VC\Tools\MSVC\14.28.29333\include\stdarg.h(27,1): warning C4161: #pragma pack(pop...): more pops than pushes
C:\Program Files (x86)\Windows Kits\10\Include\10.0.18362.0\ucrt\assert.h(14,1): warning C4079: unexpected token 'string'
C:\Program Files (x86)\Windows Kits\10\Include\10.0.18362.0\ucrt\assert.h(14,1): warning C4081: expected 'newline'; found ')'
C:\Program Files (x86)\Windows Kits\10\Include\10.0.18362.0\ucrt\assert.h(41,1): warning C4161: #pragma pack(pop...): more pops than pushes
C:\Users\Jacob\Desktop\jacobBranch\DolphinEngine_1\DolphinEngine\DolphinEngine\Transform.cpp(3,1): fatal error C1004: unexpected end-of-file found
  Window.cpp
C:\Users\Jacob\Desktop\jacobBranch\DolphinEngine_1\DolphinEngine\DolphinEngine\Engine.h(41,9): error C2143: syntax error: missing ';' before '<'
C:\Users\Jacob\Desktop\jacobBranch\DolphinEngine_1\DolphinEngine\DolphinEngine\Engine.h(41,9): error C4430: missing type specifier - int assumed. Note: C++ does not support default-int
C:\Users\Jacob\Desktop\jacobBranch\DolphinEngine_1\DolphinEngine\DolphinEngine\Engine.h(41,35): error C2238: unexpected token(s) preceding ';'
C:\Users\Jacob\Desktop\jacobBranch\DolphinEngine_1\DolphinEngine\DolphinEngine\Engine.h(42,9): error C2143: syntax error: missing ';' before '<'
C:\Users\Jacob\Desktop\jacobBranch\DolphinEngine_1\DolphinEngine\DolphinEngine\Engine.h(42,9): error C4430: missing type specifier - int assumed. Note: C++ does not support default-int
C:\Users\Jacob\Desktop\jacobBranch\DolphinEngine_1\DolphinEngine\DolphinEngine\Engine.h(42,35): error C2238: unexpected token(s) preceding ';'
C:\Users\Jacob\Desktop\jacobBranch\DolphinEngine_1\DolphinEngine\DolphinEngine\Engine.h(43,9): error C2143: syntax error: missing ';' before '<'
C:\Users\Jacob\Desktop\jacobBranch\DolphinEngine_1\DolphinEngine\DolphinEngine\Engine.h(43,9): error C4430: missing type specifier - int assumed. Note: C++ does not support default-int
C:\Users\Jacob\Desktop\jacobBranch\DolphinEngine_1\DolphinEngine\DolphinEngine\Engine.h(43,37): error C2238: unexpected token(s) preceding ';'
C:\Users\Jacob\Desktop\jacobBranch\DolphinEngine_1\DolphinEngine\DolphinEngine\Engine.h(20,6): error C3861: 'MenuLevelPtr': identifier not found
C:\Users\Jacob\Desktop\jacobBranch\DolphinEngine_1\DolphinEngine\DolphinEngine\Engine.h(20,6): message : This diagnostic occurred in the compiler generated function 'void Engine::newLevel(levelType)'
C:\Users\Jacob\Desktop\jacobBranch\DolphinEngine_1\DolphinEngine\DolphinEngine\Engine.h(22,4): error C3861: 'MenuLevels_': identifier not found
C:\Users\Jacob\Desktop\jacobBranch\DolphinEngine_1\DolphinEngine\DolphinEngine\Engine.h(22,4): message : This diagnostic occurred in the compiler generated function 'void Engine::newLevel(levelType)'
C:\Users\Jacob\Desktop\jacobBranch\DolphinEngine_1\DolphinEngine\DolphinEngine\Engine.h(24,7): error C3861: 'PlayLevelPtr': identifier not found
C:\Users\Jacob\Desktop\jacobBranch\DolphinEngine_1\DolphinEngine\DolphinEngine\Engine.h(24,7): message : This diagnostic occurred in the compiler generated function 'void Engine::newLevel(levelType)'
C:\Users\Jacob\Desktop\jacobBranch\DolphinEngine_1\DolphinEngine\DolphinEngine\Engine.h(26,4): error C3861: 'PlayLevels_': identifier not found
C:\Users\Jacob\Desktop\jacobBranch\DolphinEngine_1\DolphinEngine\DolphinEngine\Engine.h(26,4): message : This diagnostic occurred in the compiler generated function 'void Engine::newLevel(levelType)'
C:\Users\Jacob\Desktop\jacobBranch\DolphinEngine_1\DolphinEngine\DolphinEngine\Engine.h(28,7): error C3861: 'DebugLevelPtr': identifier not found
C:\Users\Jacob\Desktop\jacobBranch\DolphinEngine_1\DolphinEngine\DolphinEngine\Engine.h(28,7): message : This diagnostic occurred in the compiler generated function 'void Engine::newLevel(levelType)'
C:\Users\Jacob\Desktop\jacobBranch\DolphinEngine_1\DolphinEngine\DolphinEngine\Engine.h(30,4): error C3861: 'DebugLevels_': identifier not found
C:\Users\Jacob\Desktop\jacobBranch\DolphinEngine_1\DolphinEngine\DolphinEngine\Engine.h(30,4): message : This diagnostic occurred in the compiler generated function 'void Engine::newLevel(levelType)'
C:\Users\Jacob\Desktop\jacobBranch\DolphinEngine_1\DolphinEngine\DolphinEngine\Engine.h(14,18): error C2065: 'Manager': undeclared identifier
C:\Users\Jacob\Desktop\jacobBranch\DolphinEngine_1\DolphinEngine\DolphinEngine\Engine.h(14,26): error C2065: 'MenuLevelPtr': undeclared identifier
C:\Users\Jacob\Desktop\jacobBranch\DolphinEngine_1\DolphinEngine\DolphinEngine\Engine.h(14,1): error C2059: syntax error: ')'
C:\Users\Jacob\Desktop\jacobBranch\DolphinEngine_1\DolphinEngine\DolphinEngine\Engine.h(14,1): error C2612: trailing ')' illegal in base/member initializer list
C:\Users\Jacob\Desktop\jacobBranch\DolphinEngine_1\External Libs\ASSIMP\include\assimp\Compiler\pushpack1.h(26,10): warning C4079: unexpected token 'string'
C:\Users\Jacob\Desktop\jacobBranch\DolphinEngine_1\External Libs\ASSIMP\include\assimp\Compiler\pushpack1.h(26,21): warning C4081: expected 'newline'; found ')'
C:\Users\Jacob\Desktop\jacobBranch\DolphinEngine_1\External Libs\ASSIMP\include\assimp\Compiler\pushpack1.h(40,29): warning C4081: expected ')'; found 'string'
C:\Users\Jacob\Desktop\jacobBranch\DolphinEngine_1\External Libs\ASSIMP\include\assimp\Compiler\poppack1.h(18,10): warning C4161: #pragma pack(pop...): more pops than pushes
C:\Program Files (x86)\Microsoft Visual Studio\2019\Community\VC\Tools\MSVC\14.28.29333\include\algorithm(13,9): warning C4079: unexpected token 'string'
C:\Program Files (x86)\Microsoft Visual Studio\2019\Community\VC\Tools\MSVC\14.28.29333\include\algorithm(13,32): warning C4081: expected 'newline'; found ')'
C:\Program Files (x86)\Microsoft Visual Studio\2019\Community\VC\Tools\MSVC\14.28.29333\include\algorithm(14,23): warning C4081: expected 'constant'; found 'string'
C:\Program Files (x86)\Microsoft Visual Studio\2019\Community\VC\Tools\MSVC\14.28.29333\include\algorithm(15,27): warning C4081: expected ')'; found 'string'
C:\Program Files (x86)\Microsoft Visual Studio\2019\Community\VC\Tools\MSVC\14.28.29333\include\algorithm(4906,28): warning C4081: expected ')'; found 'string'
C:\Program Files (x86)\Microsoft Visual Studio\2019\Community\VC\Tools\MSVC\14.28.29333\include\algorithm(10213,9): warning C4161: #pragma pack(pop...): more pops than pushes
C:\Users\Jacob\Desktop\jacobBranch\DolphinEngine_1\External Libs\ASSIMP\include\assimp\Compiler\pushpack1.h(26,10): warning C4079: unexpected token 'string'
C:\Users\Jacob\Desktop\jacobBranch\DolphinEngine_1\External Libs\ASSIMP\include\assimp\Compiler\pushpack1.h(26,21): warning C4081: expected 'newline'; found ')'
C:\Users\Jacob\Desktop\jacobBranch\DolphinEngine_1\External Libs\ASSIMP\include\assimp\Compiler\pushpack1.h(40,29): warning C4081: expected ')'; found 'string'
C:\Users\Jacob\Desktop\jacobBranch\DolphinEngine_1\External Libs\ASSIMP\include\assimp\Compiler\poppack1.h(18,10): warning C4161: #pragma pack(pop...): more pops than pushes
C:\Users\Jacob\Desktop\jacobBranch\DolphinEngine_1\External Libs\ASSIMP\include\assimp\Compiler\pushpack1.h(26,10): warning C4079: unexpected token 'string'
C:\Users\Jacob\Desktop\jacobBranch\DolphinEngine_1\External Libs\ASSIMP\include\assimp\Compiler\pushpack1.h(26,21): warning C4081: expected 'newline'; found ')'
C:\Users\Jacob\Desktop\jacobBranch\DolphinEngine_1\External Libs\ASSIMP\include\assimp\Compiler\pushpack1.h(40,29): warning C4081: expected ')'; found 'string'
C:\Users\Jacob\Desktop\jacobBranch\DolphinEngine_1\External Libs\ASSIMP\include\assimp\Compiler\poppack1.h(18,10): warning C4161: #pragma pack(pop...): more pops than pushes
C:\Program Files (x86)\Microsoft Visual Studio\2019\Community\VC\Tools\MSVC\14.28.29333\include\stdarg.h(14,26): warning C4081: expected ')'; found 'string'
C:\Program Files (x86)\Microsoft Visual Studio\2019\Community\VC\Tools\MSVC\14.28.29333\include\stdarg.h(16,1): warning C4079: unexpected token 'string'
C:\Program Files (x86)\Microsoft Visual Studio\2019\Community\VC\Tools\MSVC\14.28.29333\include\stdarg.h(16,1): warning C4081: expected 'newline'; found ')'
C:\Program Files (x86)\Microsoft Visual Studio\2019\Community\VC\Tools\MSVC\14.28.29333\include\stdarg.h(27,1): warning C4161: #pragma pack(pop...): more pops than pushes
C:\Program Files (x86)\Windows Kits\10\Include\10.0.18362.0\ucrt\assert.h(14,1): warning C4079: unexpected token 'string'
C:\Program Files (x86)\Windows Kits\10\Include\10.0.18362.0\ucrt\assert.h(14,1): warning C4081: expected 'newline'; found ')'
C:\Program Files (x86)\Windows Kits\10\Include\10.0.18362.0\ucrt\assert.h(41,1): warning C4161: #pragma pack(pop...): more pops than pushes
C:\Users\Jacob\Desktop\jacobBranch\DolphinEngine_1\DolphinEngine\DolphinEngine\Window.cpp(165,1): fatal error C1004: unexpected end-of-file found
  Generating Code...
